2020-07-16 19:58:14,821 - INFO - optimizing...
2020-07-16 19:58:14,822 - INFO - reading benchmark...
2020-07-16 19:58:14,826 - INFO - benchmark read.
2020-07-16 19:58:14,826 - INFO - parsing topology...
2020-07-16 19:58:18,952 - INFO - topology parsed.
2020-07-16 19:58:18,958 - INFO - drawing...
2020-07-16 19:58:35,111 - INFO - waiting next figure...
2020-07-16 19:58:35,329 - INFO - network loading...
2020-07-16 19:58:35,330 - INFO - assign trainable variates for root_left_left_left : 0@253.
2020-07-16 19:58:35,556 - WARNING - From /home/wangzekun/miniconda3/lib/python3.7/site-packages/tensorflow/python/ops/resource_variable_ops.py:1666: calling BaseResourceVariable.__init__ (from tensorflow.python.ops.resource_variable_ops) with constraint is deprecated and will be removed in a future version.
Instructions for updating:
If using Keras pass *_constraint arguments to layers.
2020-07-16 19:58:35,557 - INFO - <tf.Variable 'root_left_left_left/wirelen:0' shape=() dtype=float32> created.
2020-07-16 19:58:35,569 - INFO - <tf.Variable 'root_left_left_left/cdia:0' shape=() dtype=float32> created.
2020-07-16 19:58:35,586 - INFO - <tf.Variable 'root_left_left_left/bdia:0' shape=() dtype=float32> created.
2020-07-16 19:58:35,590 - INFO - assign trainable variates for root_left_left_right_left_left : 1@253.
2020-07-16 19:58:35,602 - INFO - <tf.Variable 'root_left_left_right_left_left/wirelen:0' shape=() dtype=float32> created.
2020-07-16 19:58:35,615 - INFO - <tf.Variable 'root_left_left_right_left_left/cdia:0' shape=() dtype=float32> created.
2020-07-16 19:58:35,631 - INFO - <tf.Variable 'root_left_left_right_left_left/bdia:0' shape=() dtype=float32> created.
2020-07-16 19:58:35,634 - INFO - assign trainable variates for root_left_left_right_left_right : 2@253.
2020-07-16 19:58:35,647 - INFO - <tf.Variable 'root_left_left_right_left_right/cdia:0' shape=() dtype=float32> created.
2020-07-16 19:58:35,663 - INFO - <tf.Variable 'root_left_left_right_left_right/bdia:0' shape=() dtype=float32> created.
2020-07-16 19:58:35,666 - INFO - assign trainable variates for root_left_left_right_left : 3@253.
2020-07-16 19:58:35,684 - INFO - <tf.Variable 'root_left_left_right_left/wirelen:0' shape=() dtype=float32> created.
2020-07-16 19:58:35,696 - INFO - <tf.Variable 'root_left_left_right_left/cdia:0' shape=() dtype=float32> created.
2020-07-16 19:58:35,712 - INFO - <tf.Variable 'root_left_left_right_left/bdia:0' shape=() dtype=float32> created.
2020-07-16 19:58:35,716 - INFO - calculate coordinate of root_left_left_right_left : 3@253.
2020-07-16 19:59:16,305 - INFO - assign trainable variates for root_left_left_right_right_left : 4@253.
2020-07-16 19:59:16,318 - INFO - <tf.Variable 'root_left_left_right_right_left/wirelen:0' shape=() dtype=float32> created.
2020-07-16 19:59:16,330 - INFO - <tf.Variable 'root_left_left_right_right_left/cdia:0' shape=() dtype=float32> created.
2020-07-16 19:59:16,347 - INFO - <tf.Variable 'root_left_left_right_right_left/bdia:0' shape=() dtype=float32> created.
2020-07-16 19:59:16,350 - INFO - assign trainable variates for root_left_left_right_right_right_left_left : 5@253.
2020-07-16 19:59:16,363 - INFO - <tf.Variable 'root_left_left_right_right_right_left_left/wirelen:0' shape=() dtype=float32> created.
2020-07-16 19:59:16,375 - INFO - <tf.Variable 'root_left_left_right_right_right_left_left/cdia:0' shape=() dtype=float32> created.
2020-07-16 19:59:16,391 - INFO - <tf.Variable 'root_left_left_right_right_right_left_left/bdia:0' shape=() dtype=float32> created.
2020-07-16 19:59:16,395 - INFO - assign trainable variates for root_left_left_right_right_right_left_right_left : 6@253.
2020-07-16 19:59:16,407 - INFO - <tf.Variable 'root_left_left_right_right_right_left_right_left/wirelen:0' shape=() dtype=float32> created.
2020-07-16 19:59:16,419 - INFO - <tf.Variable 'root_left_left_right_right_right_left_right_left/cdia:0' shape=() dtype=float32> created.
2020-07-16 19:59:16,435 - INFO - <tf.Variable 'root_left_left_right_right_right_left_right_left/bdia:0' shape=() dtype=float32> created.
2020-07-16 19:59:16,439 - INFO - assign trainable variates for root_left_left_right_right_right_left_right_right : 7@253.
2020-07-16 19:59:16,451 - INFO - <tf.Variable 'root_left_left_right_right_right_left_right_right/cdia:0' shape=() dtype=float32> created.
2020-07-16 19:59:16,467 - INFO - <tf.Variable 'root_left_left_right_right_right_left_right_right/bdia:0' shape=() dtype=float32> created.
2020-07-16 19:59:16,471 - INFO - assign trainable variates for root_left_left_right_right_right_left_right : 8@253.
2020-07-16 19:59:16,488 - INFO - <tf.Variable 'root_left_left_right_right_right_left_right/cdia:0' shape=() dtype=float32> created.
2020-07-16 19:59:16,504 - INFO - <tf.Variable 'root_left_left_right_right_right_left_right/bdia:0' shape=() dtype=float32> created.
2020-07-16 19:59:16,508 - INFO - calculate coordinate of root_left_left_right_right_right_left_right : 8@253.
2020-07-16 19:59:50,154 - INFO - assign trainable variates for root_left_left_right_right_right_left : 9@253.
2020-07-16 19:59:50,173 - INFO - <tf.Variable 'root_left_left_right_right_right_left/wirelen:0' shape=() dtype=float32> created.
2020-07-16 19:59:50,186 - INFO - <tf.Variable 'root_left_left_right_right_right_left/cdia:0' shape=() dtype=float32> created.
2020-07-16 19:59:50,202 - INFO - <tf.Variable 'root_left_left_right_right_right_left/bdia:0' shape=() dtype=float32> created.
2020-07-16 19:59:50,206 - INFO - calculate coordinate of root_left_left_right_right_right_left : 9@253.
2020-07-16 20:00:30,442 - INFO - assign trainable variates for root_left_left_right_right_right_right_left : 10@253.
2020-07-16 20:00:30,455 - INFO - <tf.Variable 'root_left_left_right_right_right_right_left/wirelen:0' shape=() dtype=float32> created.
2020-07-16 20:00:30,467 - INFO - <tf.Variable 'root_left_left_right_right_right_right_left/cdia:0' shape=() dtype=float32> created.
2020-07-16 20:00:30,484 - INFO - <tf.Variable 'root_left_left_right_right_right_right_left/bdia:0' shape=() dtype=float32> created.
2020-07-16 20:00:30,488 - INFO - assign trainable variates for root_left_left_right_right_right_right_right_left : 11@253.
2020-07-16 20:00:30,500 - INFO - <tf.Variable 'root_left_left_right_right_right_right_right_left/wirelen:0' shape=() dtype=float32> created.
2020-07-16 20:00:30,513 - INFO - <tf.Variable 'root_left_left_right_right_right_right_right_left/cdia:0' shape=() dtype=float32> created.
2020-07-16 20:00:30,529 - INFO - <tf.Variable 'root_left_left_right_right_right_right_right_left/bdia:0' shape=() dtype=float32> created.
2020-07-16 20:00:30,533 - INFO - assign trainable variates for root_left_left_right_right_right_right_right_right : 12@253.
2020-07-16 20:00:30,545 - INFO - <tf.Variable 'root_left_left_right_right_right_right_right_right/cdia:0' shape=() dtype=float32> created.
2020-07-16 20:00:30,561 - INFO - <tf.Variable 'root_left_left_right_right_right_right_right_right/bdia:0' shape=() dtype=float32> created.
2020-07-16 20:00:30,565 - INFO - assign trainable variates for root_left_left_right_right_right_right_right : 13@253.
2020-07-16 20:00:30,582 - INFO - <tf.Variable 'root_left_left_right_right_right_right_right/cdia:0' shape=() dtype=float32> created.
2020-07-16 20:00:30,598 - INFO - <tf.Variable 'root_left_left_right_right_right_right_right/bdia:0' shape=() dtype=float32> created.
2020-07-16 20:00:30,602 - INFO - calculate coordinate of root_left_left_right_right_right_right_right : 13@253.
2020-07-16 20:01:05,968 - INFO - assign trainable variates for root_left_left_right_right_right_right : 14@253.
2020-07-16 20:01:05,986 - INFO - <tf.Variable 'root_left_left_right_right_right_right/cdia:0' shape=() dtype=float32> created.
2020-07-16 20:01:06,002 - INFO - <tf.Variable 'root_left_left_right_right_right_right/bdia:0' shape=() dtype=float32> created.
2020-07-16 20:01:06,006 - INFO - calculate coordinate of root_left_left_right_right_right_right : 14@253.
2020-07-16 20:01:39,698 - INFO - assign trainable variates for root_left_left_right_right_right : 15@253.
2020-07-16 20:01:39,715 - INFO - <tf.Variable 'root_left_left_right_right_right/cdia:0' shape=() dtype=float32> created.
2020-07-16 20:01:39,731 - INFO - <tf.Variable 'root_left_left_right_right_right/bdia:0' shape=() dtype=float32> created.
2020-07-16 20:01:39,735 - INFO - calculate coordinate of root_left_left_right_right_right : 15@253.
2020-07-16 20:02:14,287 - INFO - assign trainable variates for root_left_left_right_right : 16@253.
2020-07-16 20:02:14,306 - INFO - <tf.Variable 'root_left_left_right_right/cdia:0' shape=() dtype=float32> created.
2020-07-16 20:02:14,322 - INFO - <tf.Variable 'root_left_left_right_right/bdia:0' shape=() dtype=float32> created.
2020-07-16 20:02:14,326 - INFO - calculate coordinate of root_left_left_right_right : 16@253.
2020-07-16 20:02:45,124 - INFO - assign trainable variates for root_left_left_right : 17@253.
2020-07-16 20:02:45,143 - INFO - <tf.Variable 'root_left_left_right/cdia:0' shape=() dtype=float32> created.
2020-07-16 20:02:45,159 - INFO - <tf.Variable 'root_left_left_right/bdia:0' shape=() dtype=float32> created.
2020-07-16 20:02:45,163 - INFO - calculate coordinate of root_left_left_right : 17@253.
2020-07-16 20:03:20,947 - INFO - assign trainable variates for root_left_left : 18@253.
2020-07-16 20:03:20,966 - INFO - <tf.Variable 'root_left_left/wirelen:0' shape=() dtype=float32> created.
2020-07-16 20:03:20,978 - INFO - <tf.Variable 'root_left_left/cdia:0' shape=() dtype=float32> created.
2020-07-16 20:03:20,994 - INFO - <tf.Variable 'root_left_left/bdia:0' shape=() dtype=float32> created.
2020-07-16 20:03:20,998 - INFO - calculate coordinate of root_left_left : 18@253.
2020-07-16 20:04:03,746 - INFO - assign trainable variates for root_left_right_left_left_left_left : 19@253.
2020-07-16 20:04:03,759 - INFO - <tf.Variable 'root_left_right_left_left_left_left/wirelen:0' shape=() dtype=float32> created.
2020-07-16 20:04:03,771 - INFO - <tf.Variable 'root_left_right_left_left_left_left/cdia:0' shape=() dtype=float32> created.
2020-07-16 20:04:03,788 - INFO - <tf.Variable 'root_left_right_left_left_left_left/bdia:0' shape=() dtype=float32> created.
2020-07-16 20:04:03,792 - INFO - assign trainable variates for root_left_right_left_left_left_right : 20@253.
2020-07-16 20:04:03,804 - INFO - <tf.Variable 'root_left_right_left_left_left_right/cdia:0' shape=() dtype=float32> created.
2020-07-16 20:04:03,820 - INFO - <tf.Variable 'root_left_right_left_left_left_right/bdia:0' shape=() dtype=float32> created.
2020-07-16 20:04:03,824 - INFO - assign trainable variates for root_left_right_left_left_left : 21@253.
2020-07-16 20:04:03,841 - INFO - <tf.Variable 'root_left_right_left_left_left/wirelen:0' shape=() dtype=float32> created.
2020-07-16 20:04:03,854 - INFO - <tf.Variable 'root_left_right_left_left_left/cdia:0' shape=() dtype=float32> created.
2020-07-16 20:04:03,870 - INFO - <tf.Variable 'root_left_right_left_left_left/bdia:0' shape=() dtype=float32> created.
2020-07-16 20:04:03,874 - INFO - calculate coordinate of root_left_right_left_left_left : 21@253.
2020-07-16 20:04:41,266 - INFO - assign trainable variates for root_left_right_left_left_right_left : 22@253.
2020-07-16 20:04:41,280 - INFO - <tf.Variable 'root_left_right_left_left_right_left/wirelen:0' shape=() dtype=float32> created.
2020-07-16 20:04:41,292 - INFO - <tf.Variable 'root_left_right_left_left_right_left/cdia:0' shape=() dtype=float32> created.
2020-07-16 20:04:41,308 - INFO - <tf.Variable 'root_left_right_left_left_right_left/bdia:0' shape=() dtype=float32> created.
2020-07-16 20:04:41,312 - INFO - assign trainable variates for root_left_right_left_left_right_right : 23@253.
2020-07-16 20:04:41,325 - INFO - <tf.Variable 'root_left_right_left_left_right_right/cdia:0' shape=() dtype=float32> created.
2020-07-16 20:04:41,341 - INFO - <tf.Variable 'root_left_right_left_left_right_right/bdia:0' shape=() dtype=float32> created.
2020-07-16 20:04:41,345 - INFO - assign trainable variates for root_left_right_left_left_right : 24@253.
2020-07-16 20:04:41,362 - INFO - <tf.Variable 'root_left_right_left_left_right/cdia:0' shape=() dtype=float32> created.
2020-07-16 20:04:41,378 - INFO - <tf.Variable 'root_left_right_left_left_right/bdia:0' shape=() dtype=float32> created.
2020-07-16 20:04:41,382 - INFO - calculate coordinate of root_left_right_left_left_right : 24@253.
2020-07-16 20:05:19,317 - INFO - assign trainable variates for root_left_right_left_left : 25@253.
2020-07-16 20:05:19,335 - INFO - <tf.Variable 'root_left_right_left_left/wirelen:0' shape=() dtype=float32> created.
2020-07-16 20:05:19,347 - INFO - <tf.Variable 'root_left_right_left_left/cdia:0' shape=() dtype=float32> created.
2020-07-16 20:05:19,363 - INFO - <tf.Variable 'root_left_right_left_left/bdia:0' shape=() dtype=float32> created.
2020-07-16 20:05:19,367 - INFO - calculate coordinate of root_left_right_left_left : 25@253.
2020-07-16 20:05:56,787 - INFO - assign trainable variates for root_left_right_left_right_left : 26@253.
2020-07-16 20:05:56,802 - INFO - <tf.Variable 'root_left_right_left_right_left/wirelen:0' shape=() dtype=float32> created.
2020-07-16 20:05:56,814 - INFO - <tf.Variable 'root_left_right_left_right_left/cdia:0' shape=() dtype=float32> created.
2020-07-16 20:05:56,831 - INFO - <tf.Variable 'root_left_right_left_right_left/bdia:0' shape=() dtype=float32> created.
2020-07-16 20:05:56,835 - INFO - assign trainable variates for root_left_right_left_right_right_left : 27@253.
2020-07-16 20:05:56,847 - INFO - <tf.Variable 'root_left_right_left_right_right_left/wirelen:0' shape=() dtype=float32> created.
2020-07-16 20:05:56,860 - INFO - <tf.Variable 'root_left_right_left_right_right_left/cdia:0' shape=() dtype=float32> created.
2020-07-16 20:05:56,876 - INFO - <tf.Variable 'root_left_right_left_right_right_left/bdia:0' shape=() dtype=float32> created.
2020-07-16 20:05:56,880 - INFO - assign trainable variates for root_left_right_left_right_right_right : 28@253.
2020-07-16 20:05:56,892 - INFO - <tf.Variable 'root_left_right_left_right_right_right/cdia:0' shape=() dtype=float32> created.
2020-07-16 20:05:56,908 - INFO - <tf.Variable 'root_left_right_left_right_right_right/bdia:0' shape=() dtype=float32> created.
2020-07-16 20:05:56,912 - INFO - assign trainable variates for root_left_right_left_right_right : 29@253.
2020-07-16 20:05:56,930 - INFO - <tf.Variable 'root_left_right_left_right_right/cdia:0' shape=() dtype=float32> created.
2020-07-16 20:05:56,947 - INFO - <tf.Variable 'root_left_right_left_right_right/bdia:0' shape=() dtype=float32> created.
2020-07-16 20:05:56,951 - INFO - calculate coordinate of root_left_right_left_right_right : 29@253.
2020-07-16 20:06:36,497 - INFO - assign trainable variates for root_left_right_left_right : 30@253.
2020-07-16 20:06:36,516 - INFO - <tf.Variable 'root_left_right_left_right/cdia:0' shape=() dtype=float32> created.
2020-07-16 20:06:36,532 - INFO - <tf.Variable 'root_left_right_left_right/bdia:0' shape=() dtype=float32> created.
2020-07-16 20:06:36,536 - INFO - calculate coordinate of root_left_right_left_right : 30@253.
2020-07-16 20:07:07,520 - INFO - assign trainable variates for root_left_right_left : 31@253.
2020-07-16 20:07:07,539 - INFO - <tf.Variable 'root_left_right_left/wirelen:0' shape=() dtype=float32> created.
2020-07-16 20:07:07,552 - INFO - <tf.Variable 'root_left_right_left/cdia:0' shape=() dtype=float32> created.
2020-07-16 20:07:07,569 - INFO - <tf.Variable 'root_left_right_left/bdia:0' shape=() dtype=float32> created.
2020-07-16 20:07:07,573 - INFO - calculate coordinate of root_left_right_left : 31@253.
2020-07-16 20:07:56,378 - INFO - assign trainable variates for root_left_right_right_left : 32@253.
2020-07-16 20:07:56,391 - INFO - <tf.Variable 'root_left_right_right_left/wirelen:0' shape=() dtype=float32> created.
2020-07-16 20:07:56,403 - INFO - <tf.Variable 'root_left_right_right_left/cdia:0' shape=() dtype=float32> created.
2020-07-16 20:07:56,419 - INFO - <tf.Variable 'root_left_right_right_left/bdia:0' shape=() dtype=float32> created.
2020-07-16 20:07:56,423 - INFO - assign trainable variates for root_left_right_right_right_left_left_left : 33@253.
2020-07-16 20:07:56,435 - INFO - <tf.Variable 'root_left_right_right_right_left_left_left/wirelen:0' shape=() dtype=float32> created.
2020-07-16 20:07:56,448 - INFO - <tf.Variable 'root_left_right_right_right_left_left_left/cdia:0' shape=() dtype=float32> created.
2020-07-16 20:07:56,464 - INFO - <tf.Variable 'root_left_right_right_right_left_left_left/bdia:0' shape=() dtype=float32> created.
2020-07-16 20:07:56,467 - INFO - assign trainable variates for root_left_right_right_right_left_left_right : 34@253.
2020-07-16 20:07:56,480 - INFO - <tf.Variable 'root_left_right_right_right_left_left_right/cdia:0' shape=() dtype=float32> created.
2020-07-16 20:07:56,496 - INFO - <tf.Variable 'root_left_right_right_right_left_left_right/bdia:0' shape=() dtype=float32> created.
2020-07-16 20:07:56,500 - INFO - assign trainable variates for root_left_right_right_right_left_left : 35@253.
2020-07-16 20:07:56,517 - INFO - <tf.Variable 'root_left_right_right_right_left_left/wirelen:0' shape=() dtype=float32> created.
2020-07-16 20:07:56,529 - INFO - <tf.Variable 'root_left_right_right_right_left_left/cdia:0' shape=() dtype=float32> created.
2020-07-16 20:07:56,545 - INFO - <tf.Variable 'root_left_right_right_right_left_left/bdia:0' shape=() dtype=float32> created.
2020-07-16 20:07:56,549 - INFO - calculate coordinate of root_left_right_right_right_left_left : 35@253.
2020-07-16 20:08:33,781 - INFO - assign trainable variates for root_left_right_right_right_left_right_left_left_left : 36@253.
2020-07-16 20:08:33,795 - INFO - <tf.Variable 'root_left_right_right_right_left_right_left_left_left/wirelen:0' shape=() dtype=float32> created.
2020-07-16 20:08:33,808 - INFO - <tf.Variable 'root_left_right_right_right_left_right_left_left_left/cdia:0' shape=() dtype=float32> created.
2020-07-16 20:08:33,824 - INFO - <tf.Variable 'root_left_right_right_right_left_right_left_left_left/bdia:0' shape=() dtype=float32> created.
2020-07-16 20:08:33,828 - INFO - assign trainable variates for root_left_right_right_right_left_right_left_left_right : 37@253.
2020-07-16 20:08:33,841 - INFO - <tf.Variable 'root_left_right_right_right_left_right_left_left_right/cdia:0' shape=() dtype=float32> created.
2020-07-16 20:08:33,857 - INFO - <tf.Variable 'root_left_right_right_right_left_right_left_left_right/bdia:0' shape=() dtype=float32> created.
2020-07-16 20:08:33,861 - INFO - assign trainable variates for root_left_right_right_right_left_right_left_left : 38@253.
2020-07-16 20:08:33,878 - INFO - <tf.Variable 'root_left_right_right_right_left_right_left_left/wirelen:0' shape=() dtype=float32> created.
2020-07-16 20:08:33,891 - INFO - <tf.Variable 'root_left_right_right_right_left_right_left_left/cdia:0' shape=() dtype=float32> created.
2020-07-16 20:08:33,907 - INFO - <tf.Variable 'root_left_right_right_right_left_right_left_left/bdia:0' shape=() dtype=float32> created.
2020-07-16 20:08:33,911 - INFO - calculate coordinate of root_left_right_right_right_left_right_left_left : 38@253.
2020-07-16 20:09:11,388 - INFO - assign trainable variates for root_left_right_right_right_left_right_left_right_left : 39@253.
2020-07-16 20:09:11,403 - INFO - <tf.Variable 'root_left_right_right_right_left_right_left_right_left/wirelen:0' shape=() dtype=float32> created.
2020-07-16 20:09:11,416 - INFO - <tf.Variable 'root_left_right_right_right_left_right_left_right_left/cdia:0' shape=() dtype=float32> created.
2020-07-16 20:09:11,433 - INFO - <tf.Variable 'root_left_right_right_right_left_right_left_right_left/bdia:0' shape=() dtype=float32> created.
2020-07-16 20:09:11,436 - INFO - assign trainable variates for root_left_right_right_right_left_right_left_right_right_left : 40@253.
2020-07-16 20:09:11,449 - INFO - <tf.Variable 'root_left_right_right_right_left_right_left_right_right_left/wirelen:0' shape=() dtype=float32> created.
2020-07-16 20:09:11,461 - INFO - <tf.Variable 'root_left_right_right_right_left_right_left_right_right_left/cdia:0' shape=() dtype=float32> created.
2020-07-16 20:09:11,478 - INFO - <tf.Variable 'root_left_right_right_right_left_right_left_right_right_left/bdia:0' shape=() dtype=float32> created.
2020-07-16 20:09:11,482 - INFO - assign trainable variates for root_left_right_right_right_left_right_left_right_right_right : 41@253.
2020-07-16 20:09:11,494 - INFO - <tf.Variable 'root_left_right_right_right_left_right_left_right_right_right/cdia:0' shape=() dtype=float32> created.
2020-07-16 20:09:11,510 - INFO - <tf.Variable 'root_left_right_right_right_left_right_left_right_right_right/bdia:0' shape=() dtype=float32> created.
2020-07-16 20:09:11,514 - INFO - assign trainable variates for root_left_right_right_right_left_right_left_right_right : 42@253.
2020-07-16 20:09:11,532 - INFO - <tf.Variable 'root_left_right_right_right_left_right_left_right_right/cdia:0' shape=() dtype=float32> created.
2020-07-16 20:09:11,548 - INFO - <tf.Variable 'root_left_right_right_right_left_right_left_right_right/bdia:0' shape=() dtype=float32> created.
2020-07-16 20:09:11,552 - INFO - calculate coordinate of root_left_right_right_right_left_right_left_right_right : 42@253.
2020-07-16 20:09:54,930 - INFO - assign trainable variates for root_left_right_right_right_left_right_left_right : 43@253.
2020-07-16 20:09:54,949 - INFO - <tf.Variable 'root_left_right_right_right_left_right_left_right/cdia:0' shape=() dtype=float32> created.
2020-07-16 20:09:54,965 - INFO - <tf.Variable 'root_left_right_right_right_left_right_left_right/bdia:0' shape=() dtype=float32> created.
2020-07-16 20:09:54,969 - INFO - calculate coordinate of root_left_right_right_right_left_right_left_right : 43@253.
2020-07-16 20:10:26,156 - INFO - assign trainable variates for root_left_right_right_right_left_right_left : 44@253.
2020-07-16 20:10:26,175 - INFO - <tf.Variable 'root_left_right_right_right_left_right_left/wirelen:0' shape=() dtype=float32> created.
2020-07-16 20:10:26,188 - INFO - <tf.Variable 'root_left_right_right_right_left_right_left/cdia:0' shape=() dtype=float32> created.
2020-07-16 20:10:26,204 - INFO - <tf.Variable 'root_left_right_right_right_left_right_left/bdia:0' shape=() dtype=float32> created.
2020-07-16 20:10:26,208 - INFO - calculate coordinate of root_left_right_right_right_left_right_left : 44@253.
2020-07-16 20:11:03,700 - INFO - assign trainable variates for root_left_right_right_right_left_right_right_left_left : 45@253.
2020-07-16 20:11:03,713 - INFO - <tf.Variable 'root_left_right_right_right_left_right_right_left_left/wirelen:0' shape=() dtype=float32> created.
2020-07-16 20:11:03,726 - INFO - <tf.Variable 'root_left_right_right_right_left_right_right_left_left/cdia:0' shape=() dtype=float32> created.
2020-07-16 20:11:03,742 - INFO - <tf.Variable 'root_left_right_right_right_left_right_right_left_left/bdia:0' shape=() dtype=float32> created.
2020-07-16 20:11:03,746 - INFO - assign trainable variates for root_left_right_right_right_left_right_right_left_right_left : 46@253.
2020-07-16 20:11:03,759 - INFO - <tf.Variable 'root_left_right_right_right_left_right_right_left_right_left/wirelen:0' shape=() dtype=float32> created.
2020-07-16 20:11:03,771 - INFO - <tf.Variable 'root_left_right_right_right_left_right_right_left_right_left/cdia:0' shape=() dtype=float32> created.
2020-07-16 20:11:03,787 - INFO - <tf.Variable 'root_left_right_right_right_left_right_right_left_right_left/bdia:0' shape=() dtype=float32> created.
2020-07-16 20:11:03,791 - INFO - assign trainable variates for root_left_right_right_right_left_right_right_left_right_right_left : 47@253.
2020-07-16 20:11:03,807 - INFO - <tf.Variable 'root_left_right_right_right_left_right_right_left_right_right_left/wirelen:0' shape=() dtype=float32> created.
2020-07-16 20:11:03,819 - INFO - <tf.Variable 'root_left_right_right_right_left_right_right_left_right_right_left/cdia:0' shape=() dtype=float32> created.
2020-07-16 20:11:03,835 - INFO - <tf.Variable 'root_left_right_right_right_left_right_right_left_right_right_left/bdia:0' shape=() dtype=float32> created.
2020-07-16 20:11:03,839 - INFO - assign trainable variates for root_left_right_right_right_left_right_right_left_right_right_right : 48@253.
2020-07-16 20:11:03,852 - INFO - <tf.Variable 'root_left_right_right_right_left_right_right_left_right_right_right/cdia:0' shape=() dtype=float32> created.
2020-07-16 20:11:03,868 - INFO - <tf.Variable 'root_left_right_right_right_left_right_right_left_right_right_right/bdia:0' shape=() dtype=float32> created.
2020-07-16 20:11:03,872 - INFO - assign trainable variates for root_left_right_right_right_left_right_right_left_right_right : 49@253.
2020-07-16 20:11:03,890 - INFO - <tf.Variable 'root_left_right_right_right_left_right_right_left_right_right/cdia:0' shape=() dtype=float32> created.
2020-07-16 20:11:03,906 - INFO - <tf.Variable 'root_left_right_right_right_left_right_right_left_right_right/bdia:0' shape=() dtype=float32> created.
2020-07-16 20:11:03,910 - INFO - calculate coordinate of root_left_right_right_right_left_right_right_left_right_right : 49@253.
2020-07-16 20:11:49,695 - INFO - assign trainable variates for root_left_right_right_right_left_right_right_left_right : 50@253.
2020-07-16 20:11:49,715 - INFO - <tf.Variable 'root_left_right_right_right_left_right_right_left_right/cdia:0' shape=() dtype=float32> created.
2020-07-16 20:11:49,732 - INFO - <tf.Variable 'root_left_right_right_right_left_right_right_left_right/bdia:0' shape=() dtype=float32> created.
2020-07-16 20:11:49,736 - INFO - calculate coordinate of root_left_right_right_right_left_right_right_left_right : 50@253.
2020-07-16 20:12:20,891 - INFO - assign trainable variates for root_left_right_right_right_left_right_right_left : 51@253.
2020-07-16 20:12:20,912 - INFO - <tf.Variable 'root_left_right_right_right_left_right_right_left/wirelen:0' shape=() dtype=float32> created.
2020-07-16 20:12:20,925 - INFO - <tf.Variable 'root_left_right_right_right_left_right_right_left/cdia:0' shape=() dtype=float32> created.
2020-07-16 20:12:20,941 - INFO - <tf.Variable 'root_left_right_right_right_left_right_right_left/bdia:0' shape=() dtype=float32> created.
2020-07-16 20:12:20,945 - INFO - calculate coordinate of root_left_right_right_right_left_right_right_left : 51@253.
2020-07-16 20:12:58,583 - INFO - assign trainable variates for root_left_right_right_right_left_right_right_right_left_left : 52@253.
2020-07-16 20:12:58,597 - INFO - <tf.Variable 'root_left_right_right_right_left_right_right_right_left_left/wirelen:0' shape=() dtype=float32> created.
2020-07-16 20:12:58,609 - INFO - <tf.Variable 'root_left_right_right_right_left_right_right_right_left_left/cdia:0' shape=() dtype=float32> created.
2020-07-16 20:12:58,626 - INFO - <tf.Variable 'root_left_right_right_right_left_right_right_right_left_left/bdia:0' shape=() dtype=float32> created.
2020-07-16 20:12:58,630 - INFO - assign trainable variates for root_left_right_right_right_left_right_right_right_left_right : 53@253.
2020-07-16 20:12:58,642 - INFO - <tf.Variable 'root_left_right_right_right_left_right_right_right_left_right/cdia:0' shape=() dtype=float32> created.
2020-07-16 20:12:58,659 - INFO - <tf.Variable 'root_left_right_right_right_left_right_right_right_left_right/bdia:0' shape=() dtype=float32> created.
2020-07-16 20:12:58,663 - INFO - assign trainable variates for root_left_right_right_right_left_right_right_right_left : 54@253.
2020-07-16 20:12:58,680 - INFO - <tf.Variable 'root_left_right_right_right_left_right_right_right_left/wirelen:0' shape=() dtype=float32> created.
2020-07-16 20:12:58,693 - INFO - <tf.Variable 'root_left_right_right_right_left_right_right_right_left/cdia:0' shape=() dtype=float32> created.
2020-07-16 20:12:58,710 - INFO - <tf.Variable 'root_left_right_right_right_left_right_right_right_left/bdia:0' shape=() dtype=float32> created.
2020-07-16 20:12:58,713 - INFO - calculate coordinate of root_left_right_right_right_left_right_right_right_left : 54@253.
2020-07-16 20:13:36,276 - INFO - assign trainable variates for root_left_right_right_right_left_right_right_right_right_left : 55@253.
2020-07-16 20:13:36,292 - INFO - <tf.Variable 'root_left_right_right_right_left_right_right_right_right_left/wirelen:0' shape=() dtype=float32> created.
2020-07-16 20:13:36,304 - INFO - <tf.Variable 'root_left_right_right_right_left_right_right_right_right_left/cdia:0' shape=() dtype=float32> created.
2020-07-16 20:13:36,321 - INFO - <tf.Variable 'root_left_right_right_right_left_right_right_right_right_left/bdia:0' shape=() dtype=float32> created.
2020-07-16 20:13:36,325 - INFO - assign trainable variates for root_left_right_right_right_left_right_right_right_right_right : 56@253.
2020-07-16 20:13:36,338 - INFO - <tf.Variable 'root_left_right_right_right_left_right_right_right_right_right/cdia:0' shape=() dtype=float32> created.
2020-07-16 20:13:36,354 - INFO - <tf.Variable 'root_left_right_right_right_left_right_right_right_right_right/bdia:0' shape=() dtype=float32> created.
2020-07-16 20:13:36,358 - INFO - assign trainable variates for root_left_right_right_right_left_right_right_right_right : 57@253.
2020-07-16 20:13:36,376 - INFO - <tf.Variable 'root_left_right_right_right_left_right_right_right_right/cdia:0' shape=() dtype=float32> created.
2020-07-16 20:13:36,392 - INFO - <tf.Variable 'root_left_right_right_right_left_right_right_right_right/bdia:0' shape=() dtype=float32> created.
2020-07-16 20:13:36,396 - INFO - calculate coordinate of root_left_right_right_right_left_right_right_right_right : 57@253.
2020-07-16 20:14:26,002 - INFO - assign trainable variates for root_left_right_right_right_left_right_right_right : 58@253.
2020-07-16 20:14:26,020 - INFO - <tf.Variable 'root_left_right_right_right_left_right_right_right/cdia:0' shape=() dtype=float32> created.
2020-07-16 20:14:26,037 - INFO - <tf.Variable 'root_left_right_right_right_left_right_right_right/bdia:0' shape=() dtype=float32> created.
2020-07-16 20:14:26,041 - INFO - calculate coordinate of root_left_right_right_right_left_right_right_right : 58@253.
2020-07-16 20:14:57,300 - INFO - assign trainable variates for root_left_right_right_right_left_right_right : 59@253.
2020-07-16 20:14:57,317 - INFO - <tf.Variable 'root_left_right_right_right_left_right_right/cdia:0' shape=() dtype=float32> created.
2020-07-16 20:14:57,334 - INFO - <tf.Variable 'root_left_right_right_right_left_right_right/bdia:0' shape=() dtype=float32> created.
2020-07-16 20:14:57,338 - INFO - calculate coordinate of root_left_right_right_right_left_right_right : 59@253.
2020-07-16 20:15:28,502 - INFO - assign trainable variates for root_left_right_right_right_left_right : 60@253.
2020-07-16 20:15:28,522 - INFO - <tf.Variable 'root_left_right_right_right_left_right/cdia:0' shape=() dtype=float32> created.
2020-07-16 20:15:28,538 - INFO - <tf.Variable 'root_left_right_right_right_left_right/bdia:0' shape=() dtype=float32> created.
2020-07-16 20:15:28,542 - INFO - calculate coordinate of root_left_right_right_right_left_right : 60@253.
2020-07-16 20:15:59,794 - INFO - assign trainable variates for root_left_right_right_right_left : 61@253.
2020-07-16 20:15:59,812 - INFO - <tf.Variable 'root_left_right_right_right_left/wirelen:0' shape=() dtype=float32> created.
2020-07-16 20:15:59,824 - INFO - <tf.Variable 'root_left_right_right_right_left/cdia:0' shape=() dtype=float32> created.
2020-07-16 20:15:59,841 - INFO - <tf.Variable 'root_left_right_right_right_left/bdia:0' shape=() dtype=float32> created.
2020-07-16 20:15:59,845 - INFO - calculate coordinate of root_left_right_right_right_left : 61@253.
2020-07-16 20:16:37,427 - INFO - assign trainable variates for root_left_right_right_right_right_left : 62@253.
2020-07-16 20:16:37,442 - INFO - <tf.Variable 'root_left_right_right_right_right_left/wirelen:0' shape=() dtype=float32> created.
2020-07-16 20:16:37,455 - INFO - <tf.Variable 'root_left_right_right_right_right_left/cdia:0' shape=() dtype=float32> created.
2020-07-16 20:16:37,471 - INFO - <tf.Variable 'root_left_right_right_right_right_left/bdia:0' shape=() dtype=float32> created.
2020-07-16 20:16:37,475 - INFO - assign trainable variates for root_left_right_right_right_right_right_left_left_left_left : 63@253.
2020-07-16 20:16:37,488 - INFO - <tf.Variable 'root_left_right_right_right_right_right_left_left_left_left/wirelen:0' shape=() dtype=float32> created.
2020-07-16 20:16:37,500 - INFO - <tf.Variable 'root_left_right_right_right_right_right_left_left_left_left/cdia:0' shape=() dtype=float32> created.
2020-07-16 20:16:37,517 - INFO - <tf.Variable 'root_left_right_right_right_right_right_left_left_left_left/bdia:0' shape=() dtype=float32> created.
2020-07-16 20:16:37,521 - INFO - assign trainable variates for root_left_right_right_right_right_right_left_left_left_right : 64@253.
2020-07-16 20:16:37,533 - INFO - <tf.Variable 'root_left_right_right_right_right_right_left_left_left_right/cdia:0' shape=() dtype=float32> created.
2020-07-16 20:16:37,550 - INFO - <tf.Variable 'root_left_right_right_right_right_right_left_left_left_right/bdia:0' shape=() dtype=float32> created.
2020-07-16 20:16:37,554 - INFO - assign trainable variates for root_left_right_right_right_right_right_left_left_left : 65@253.
2020-07-16 20:16:37,571 - INFO - <tf.Variable 'root_left_right_right_right_right_right_left_left_left/wirelen:0' shape=() dtype=float32> created.
2020-07-16 20:16:37,584 - INFO - <tf.Variable 'root_left_right_right_right_right_right_left_left_left/cdia:0' shape=() dtype=float32> created.
2020-07-16 20:16:37,600 - INFO - <tf.Variable 'root_left_right_right_right_right_right_left_left_left/bdia:0' shape=() dtype=float32> created.
2020-07-16 20:16:37,604 - INFO - calculate coordinate of root_left_right_right_right_right_right_left_left_left : 65@253.
2020-07-16 20:17:39,971 - INFO - assign trainable variates for root_left_right_right_right_right_right_left_left_right_left : 66@253.
2020-07-16 20:17:39,986 - INFO - <tf.Variable 'root_left_right_right_right_right_right_left_left_right_left/wirelen:0' shape=() dtype=float32> created.
2020-07-16 20:17:39,999 - INFO - <tf.Variable 'root_left_right_right_right_right_right_left_left_right_left/cdia:0' shape=() dtype=float32> created.
2020-07-16 20:17:40,015 - INFO - <tf.Variable 'root_left_right_right_right_right_right_left_left_right_left/bdia:0' shape=() dtype=float32> created.
2020-07-16 20:17:40,019 - INFO - assign trainable variates for root_left_right_right_right_right_right_left_left_right_right : 67@253.
2020-07-16 20:17:40,031 - INFO - <tf.Variable 'root_left_right_right_right_right_right_left_left_right_right/cdia:0' shape=() dtype=float32> created.
2020-07-16 20:17:40,047 - INFO - <tf.Variable 'root_left_right_right_right_right_right_left_left_right_right/bdia:0' shape=() dtype=float32> created.
2020-07-16 20:17:40,051 - INFO - assign trainable variates for root_left_right_right_right_right_right_left_left_right : 68@253.
2020-07-16 20:17:40,069 - INFO - <tf.Variable 'root_left_right_right_right_right_right_left_left_right/cdia:0' shape=() dtype=float32> created.
2020-07-16 20:17:40,085 - INFO - <tf.Variable 'root_left_right_right_right_right_right_left_left_right/bdia:0' shape=() dtype=float32> created.
2020-07-16 20:17:40,089 - INFO - calculate coordinate of root_left_right_right_right_right_right_left_left_right : 68@253.
2020-07-16 20:18:11,167 - INFO - assign trainable variates for root_left_right_right_right_right_right_left_left : 69@253.
2020-07-16 20:18:11,184 - INFO - <tf.Variable 'root_left_right_right_right_right_right_left_left/wirelen:0' shape=() dtype=float32> created.
2020-07-16 20:18:11,197 - INFO - <tf.Variable 'root_left_right_right_right_right_right_left_left/cdia:0' shape=() dtype=float32> created.
2020-07-16 20:18:11,213 - INFO - <tf.Variable 'root_left_right_right_right_right_right_left_left/bdia:0' shape=() dtype=float32> created.
2020-07-16 20:18:11,217 - INFO - calculate coordinate of root_left_right_right_right_right_right_left_left : 69@253.
2020-07-16 20:18:48,710 - INFO - assign trainable variates for root_left_right_right_right_right_right_left_right_left_left : 70@253.
2020-07-16 20:18:48,725 - INFO - <tf.Variable 'root_left_right_right_right_right_right_left_right_left_left/wirelen:0' shape=() dtype=float32> created.
2020-07-16 20:18:48,738 - INFO - <tf.Variable 'root_left_right_right_right_right_right_left_right_left_left/cdia:0' shape=() dtype=float32> created.
2020-07-16 20:18:48,755 - INFO - <tf.Variable 'root_left_right_right_right_right_right_left_right_left_left/bdia:0' shape=() dtype=float32> created.
2020-07-16 20:18:48,759 - INFO - assign trainable variates for root_left_right_right_right_right_right_left_right_left_right : 71@253.
2020-07-16 20:18:48,771 - INFO - <tf.Variable 'root_left_right_right_right_right_right_left_right_left_right/cdia:0' shape=() dtype=float32> created.
2020-07-16 20:18:48,787 - INFO - <tf.Variable 'root_left_right_right_right_right_right_left_right_left_right/bdia:0' shape=() dtype=float32> created.
2020-07-16 20:18:48,791 - INFO - assign trainable variates for root_left_right_right_right_right_right_left_right_left : 72@253.
2020-07-16 20:18:48,809 - INFO - <tf.Variable 'root_left_right_right_right_right_right_left_right_left/wirelen:0' shape=() dtype=float32> created.
2020-07-16 20:18:48,822 - INFO - <tf.Variable 'root_left_right_right_right_right_right_left_right_left/cdia:0' shape=() dtype=float32> created.
2020-07-16 20:18:48,838 - INFO - <tf.Variable 'root_left_right_right_right_right_right_left_right_left/bdia:0' shape=() dtype=float32> created.
2020-07-16 20:18:48,842 - INFO - calculate coordinate of root_left_right_right_right_right_right_left_right_left : 72@253.
2020-07-16 20:19:26,392 - INFO - assign trainable variates for root_left_right_right_right_right_right_left_right_right_left_left : 73@253.
2020-07-16 20:19:26,408 - INFO - <tf.Variable 'root_left_right_right_right_right_right_left_right_right_left_left/wirelen:0' shape=() dtype=float32> created.
2020-07-16 20:19:26,420 - INFO - <tf.Variable 'root_left_right_right_right_right_right_left_right_right_left_left/cdia:0' shape=() dtype=float32> created.
2020-07-16 20:19:26,437 - INFO - <tf.Variable 'root_left_right_right_right_right_right_left_right_right_left_left/bdia:0' shape=() dtype=float32> created.
2020-07-16 20:19:26,441 - INFO - assign trainable variates for root_left_right_right_right_right_right_left_right_right_left_right : 74@253.
2020-07-16 20:19:26,453 - INFO - <tf.Variable 'root_left_right_right_right_right_right_left_right_right_left_right/cdia:0' shape=() dtype=float32> created.
2020-07-16 20:19:26,469 - INFO - <tf.Variable 'root_left_right_right_right_right_right_left_right_right_left_right/bdia:0' shape=() dtype=float32> created.
2020-07-16 20:19:26,473 - INFO - assign trainable variates for root_left_right_right_right_right_right_left_right_right_left : 75@253.
2020-07-16 20:19:26,491 - INFO - <tf.Variable 'root_left_right_right_right_right_right_left_right_right_left/wirelen:0' shape=() dtype=float32> created.
2020-07-16 20:19:26,504 - INFO - <tf.Variable 'root_left_right_right_right_right_right_left_right_right_left/cdia:0' shape=() dtype=float32> created.
2020-07-16 20:19:26,520 - INFO - <tf.Variable 'root_left_right_right_right_right_right_left_right_right_left/bdia:0' shape=() dtype=float32> created.
2020-07-16 20:19:26,524 - INFO - calculate coordinate of root_left_right_right_right_right_right_left_right_right_left : 75@253.
2020-07-16 20:20:04,107 - INFO - assign trainable variates for root_left_right_right_right_right_right_left_right_right_right_left : 76@253.
2020-07-16 20:20:04,121 - INFO - <tf.Variable 'root_left_right_right_right_right_right_left_right_right_right_left/wirelen:0' shape=() dtype=float32> created.
2020-07-16 20:20:04,134 - INFO - <tf.Variable 'root_left_right_right_right_right_right_left_right_right_right_left/cdia:0' shape=() dtype=float32> created.
2020-07-16 20:20:04,150 - INFO - <tf.Variable 'root_left_right_right_right_right_right_left_right_right_right_left/bdia:0' shape=() dtype=float32> created.
2020-07-16 20:20:04,154 - INFO - assign trainable variates for root_left_right_right_right_right_right_left_right_right_right_right : 77@253.
2020-07-16 20:20:04,167 - INFO - <tf.Variable 'root_left_right_right_right_right_right_left_right_right_right_right/cdia:0' shape=() dtype=float32> created.
2020-07-16 20:20:04,183 - INFO - <tf.Variable 'root_left_right_right_right_right_right_left_right_right_right_right/bdia:0' shape=() dtype=float32> created.
2020-07-16 20:20:04,187 - INFO - assign trainable variates for root_left_right_right_right_right_right_left_right_right_right : 78@253.
2020-07-16 20:20:04,205 - INFO - <tf.Variable 'root_left_right_right_right_right_right_left_right_right_right/cdia:0' shape=() dtype=float32> created.
2020-07-16 20:20:04,222 - INFO - <tf.Variable 'root_left_right_right_right_right_right_left_right_right_right/bdia:0' shape=() dtype=float32> created.
2020-07-16 20:20:04,226 - INFO - calculate coordinate of root_left_right_right_right_right_right_left_right_right_right : 78@253.
2020-07-16 20:20:35,373 - INFO - assign trainable variates for root_left_right_right_right_right_right_left_right_right : 79@253.
2020-07-16 20:20:35,392 - INFO - <tf.Variable 'root_left_right_right_right_right_right_left_right_right/cdia:0' shape=() dtype=float32> created.
2020-07-16 20:20:35,409 - INFO - <tf.Variable 'root_left_right_right_right_right_right_left_right_right/bdia:0' shape=() dtype=float32> created.
2020-07-16 20:20:35,413 - INFO - calculate coordinate of root_left_right_right_right_right_right_left_right_right : 79@253.
2020-07-16 20:21:32,031 - INFO - assign trainable variates for root_left_right_right_right_right_right_left_right : 80@253.
2020-07-16 20:21:32,050 - INFO - <tf.Variable 'root_left_right_right_right_right_right_left_right/cdia:0' shape=() dtype=float32> created.
2020-07-16 20:21:32,067 - INFO - <tf.Variable 'root_left_right_right_right_right_right_left_right/bdia:0' shape=() dtype=float32> created.
2020-07-16 20:21:32,070 - INFO - calculate coordinate of root_left_right_right_right_right_right_left_right : 80@253.
2020-07-16 20:22:03,288 - INFO - assign trainable variates for root_left_right_right_right_right_right_left : 81@253.
2020-07-16 20:22:03,305 - INFO - <tf.Variable 'root_left_right_right_right_right_right_left/wirelen:0' shape=() dtype=float32> created.
2020-07-16 20:22:03,318 - INFO - <tf.Variable 'root_left_right_right_right_right_right_left/cdia:0' shape=() dtype=float32> created.
2020-07-16 20:22:03,335 - INFO - <tf.Variable 'root_left_right_right_right_right_right_left/bdia:0' shape=() dtype=float32> created.
2020-07-16 20:22:03,338 - INFO - calculate coordinate of root_left_right_right_right_right_right_left : 81@253.
2020-07-16 20:22:41,218 - INFO - assign trainable variates for root_left_right_right_right_right_right_right_left : 82@253.
2020-07-16 20:22:41,233 - INFO - <tf.Variable 'root_left_right_right_right_right_right_right_left/wirelen:0' shape=() dtype=float32> created.
2020-07-16 20:22:41,245 - INFO - <tf.Variable 'root_left_right_right_right_right_right_right_left/cdia:0' shape=() dtype=float32> created.
2020-07-16 20:22:41,262 - INFO - <tf.Variable 'root_left_right_right_right_right_right_right_left/bdia:0' shape=() dtype=float32> created.
2020-07-16 20:22:41,266 - INFO - assign trainable variates for root_left_right_right_right_right_right_right_right_left : 83@253.
2020-07-16 20:22:41,278 - INFO - <tf.Variable 'root_left_right_right_right_right_right_right_right_left/wirelen:0' shape=() dtype=float32> created.
2020-07-16 20:22:41,290 - INFO - <tf.Variable 'root_left_right_right_right_right_right_right_right_left/cdia:0' shape=() dtype=float32> created.
2020-07-16 20:22:41,307 - INFO - <tf.Variable 'root_left_right_right_right_right_right_right_right_left/bdia:0' shape=() dtype=float32> created.
2020-07-16 20:22:41,311 - INFO - assign trainable variates for root_left_right_right_right_right_right_right_right_right : 84@253.
2020-07-16 20:22:41,323 - INFO - <tf.Variable 'root_left_right_right_right_right_right_right_right_right/cdia:0' shape=() dtype=float32> created.
2020-07-16 20:22:41,340 - INFO - <tf.Variable 'root_left_right_right_right_right_right_right_right_right/bdia:0' shape=() dtype=float32> created.
2020-07-16 20:22:41,344 - INFO - assign trainable variates for root_left_right_right_right_right_right_right_right : 85@253.
2020-07-16 20:22:41,361 - INFO - <tf.Variable 'root_left_right_right_right_right_right_right_right/cdia:0' shape=() dtype=float32> created.
2020-07-16 20:22:41,377 - INFO - <tf.Variable 'root_left_right_right_right_right_right_right_right/bdia:0' shape=() dtype=float32> created.
2020-07-16 20:22:41,381 - INFO - calculate coordinate of root_left_right_right_right_right_right_right_right : 85@253.
2020-07-16 20:23:12,664 - INFO - assign trainable variates for root_left_right_right_right_right_right_right : 86@253.
2020-07-16 20:23:12,683 - INFO - <tf.Variable 'root_left_right_right_right_right_right_right/cdia:0' shape=() dtype=float32> created.
2020-07-16 20:23:12,699 - INFO - <tf.Variable 'root_left_right_right_right_right_right_right/bdia:0' shape=() dtype=float32> created.
2020-07-16 20:23:12,703 - INFO - calculate coordinate of root_left_right_right_right_right_right_right : 86@253.
2020-07-16 20:23:43,853 - INFO - assign trainable variates for root_left_right_right_right_right_right : 87@253.
2020-07-16 20:23:43,872 - INFO - <tf.Variable 'root_left_right_right_right_right_right/cdia:0' shape=() dtype=float32> created.
2020-07-16 20:23:43,890 - INFO - <tf.Variable 'root_left_right_right_right_right_right/bdia:0' shape=() dtype=float32> created.
2020-07-16 20:23:43,894 - INFO - calculate coordinate of root_left_right_right_right_right_right : 87@253.
2020-07-16 20:24:15,123 - INFO - assign trainable variates for root_left_right_right_right_right : 88@253.
2020-07-16 20:24:15,142 - INFO - <tf.Variable 'root_left_right_right_right_right/cdia:0' shape=() dtype=float32> created.
2020-07-16 20:24:15,158 - INFO - <tf.Variable 'root_left_right_right_right_right/bdia:0' shape=() dtype=float32> created.
2020-07-16 20:24:15,162 - INFO - calculate coordinate of root_left_right_right_right_right : 88@253.
2020-07-16 20:24:46,376 - INFO - assign trainable variates for root_left_right_right_right : 89@253.
2020-07-16 20:24:46,396 - INFO - <tf.Variable 'root_left_right_right_right/cdia:0' shape=() dtype=float32> created.
2020-07-16 20:24:46,412 - INFO - <tf.Variable 'root_left_right_right_right/bdia:0' shape=() dtype=float32> created.
2020-07-16 20:24:46,416 - INFO - calculate coordinate of root_left_right_right_right : 89@253.
2020-07-16 20:25:50,293 - INFO - assign trainable variates for root_left_right_right : 90@253.
2020-07-16 20:25:50,314 - INFO - <tf.Variable 'root_left_right_right/cdia:0' shape=() dtype=float32> created.
2020-07-16 20:25:50,331 - INFO - <tf.Variable 'root_left_right_right/bdia:0' shape=() dtype=float32> created.
2020-07-16 20:25:50,335 - INFO - calculate coordinate of root_left_right_right : 90@253.
2020-07-16 20:26:21,505 - INFO - assign trainable variates for root_left_right : 91@253.
2020-07-16 20:26:21,523 - INFO - <tf.Variable 'root_left_right/cdia:0' shape=() dtype=float32> created.
2020-07-16 20:26:21,539 - INFO - <tf.Variable 'root_left_right/bdia:0' shape=() dtype=float32> created.
2020-07-16 20:26:21,543 - INFO - calculate coordinate of root_left_right : 91@253.
2020-07-16 20:26:52,645 - INFO - assign trainable variates for root_left : 92@253.
2020-07-16 20:26:52,664 - INFO - <tf.Variable 'root_left/wirelen:0' shape=() dtype=float32> created.
2020-07-16 20:26:52,677 - INFO - <tf.Variable 'root_left/cdia:0' shape=() dtype=float32> created.
2020-07-16 20:26:52,694 - INFO - <tf.Variable 'root_left/bdia:0' shape=() dtype=float32> created.
2020-07-16 20:26:52,698 - INFO - calculate coordinate of root_left : 92@253.
2020-07-16 20:27:30,322 - INFO - assign trainable variates for root_right_left_left_left_left_left : 93@253.
2020-07-16 20:27:30,335 - INFO - <tf.Variable 'root_right_left_left_left_left_left/wirelen:0' shape=() dtype=float32> created.
2020-07-16 20:27:30,348 - INFO - <tf.Variable 'root_right_left_left_left_left_left/cdia:0' shape=() dtype=float32> created.
2020-07-16 20:27:30,364 - INFO - <tf.Variable 'root_right_left_left_left_left_left/bdia:0' shape=() dtype=float32> created.
2020-07-16 20:27:30,368 - INFO - assign trainable variates for root_right_left_left_left_left_right_left_left : 94@253.
2020-07-16 20:27:30,381 - INFO - <tf.Variable 'root_right_left_left_left_left_right_left_left/wirelen:0' shape=() dtype=float32> created.
2020-07-16 20:27:30,393 - INFO - <tf.Variable 'root_right_left_left_left_left_right_left_left/cdia:0' shape=() dtype=float32> created.
2020-07-16 20:27:30,410 - INFO - <tf.Variable 'root_right_left_left_left_left_right_left_left/bdia:0' shape=() dtype=float32> created.
2020-07-16 20:27:30,414 - INFO - assign trainable variates for root_right_left_left_left_left_right_left_right : 95@253.
2020-07-16 20:27:30,427 - INFO - <tf.Variable 'root_right_left_left_left_left_right_left_right/cdia:0' shape=() dtype=float32> created.
2020-07-16 20:27:30,443 - INFO - <tf.Variable 'root_right_left_left_left_left_right_left_right/bdia:0' shape=() dtype=float32> created.
2020-07-16 20:27:30,447 - INFO - assign trainable variates for root_right_left_left_left_left_right_left : 96@253.
2020-07-16 20:27:30,464 - INFO - <tf.Variable 'root_right_left_left_left_left_right_left/wirelen:0' shape=() dtype=float32> created.
2020-07-16 20:27:30,477 - INFO - <tf.Variable 'root_right_left_left_left_left_right_left/cdia:0' shape=() dtype=float32> created.
2020-07-16 20:27:30,498 - INFO - <tf.Variable 'root_right_left_left_left_left_right_left/bdia:0' shape=() dtype=float32> created.
2020-07-16 20:27:30,502 - INFO - calculate coordinate of root_right_left_left_left_left_right_left : 96@253.
2020-07-16 20:28:08,152 - INFO - assign trainable variates for root_right_left_left_left_left_right_right_left : 97@253.
2020-07-16 20:28:08,166 - INFO - <tf.Variable 'root_right_left_left_left_left_right_right_left/wirelen:0' shape=() dtype=float32> created.
2020-07-16 20:28:08,179 - INFO - <tf.Variable 'root_right_left_left_left_left_right_right_left/cdia:0' shape=() dtype=float32> created.
2020-07-16 20:28:08,195 - INFO - <tf.Variable 'root_right_left_left_left_left_right_right_left/bdia:0' shape=() dtype=float32> created.
2020-07-16 20:28:08,199 - INFO - assign trainable variates for root_right_left_left_left_left_right_right_right : 98@253.
2020-07-16 20:28:08,212 - INFO - <tf.Variable 'root_right_left_left_left_left_right_right_right/cdia:0' shape=() dtype=float32> created.
2020-07-16 20:28:08,228 - INFO - <tf.Variable 'root_right_left_left_left_left_right_right_right/bdia:0' shape=() dtype=float32> created.
2020-07-16 20:28:08,232 - INFO - assign trainable variates for root_right_left_left_left_left_right_right : 99@253.
2020-07-16 20:28:08,250 - INFO - <tf.Variable 'root_right_left_left_left_left_right_right/cdia:0' shape=() dtype=float32> created.
2020-07-16 20:28:08,266 - INFO - <tf.Variable 'root_right_left_left_left_left_right_right/bdia:0' shape=() dtype=float32> created.
2020-07-16 20:28:08,270 - INFO - calculate coordinate of root_right_left_left_left_left_right_right : 99@253.
2020-07-16 20:28:39,490 - INFO - assign trainable variates for root_right_left_left_left_left_right : 100@253.
2020-07-16 20:28:39,511 - INFO - <tf.Variable 'root_right_left_left_left_left_right/cdia:0' shape=() dtype=float32> created.
2020-07-16 20:28:39,528 - INFO - <tf.Variable 'root_right_left_left_left_left_right/bdia:0' shape=() dtype=float32> created.
2020-07-16 20:28:39,532 - INFO - calculate coordinate of root_right_left_left_left_left_right : 100@253.
2020-07-16 20:29:10,798 - INFO - assign trainable variates for root_right_left_left_left_left : 101@253.
2020-07-16 20:29:10,818 - INFO - <tf.Variable 'root_right_left_left_left_left/wirelen:0' shape=() dtype=float32> created.
2020-07-16 20:29:10,831 - INFO - <tf.Variable 'root_right_left_left_left_left/cdia:0' shape=() dtype=float32> created.
2020-07-16 20:29:10,847 - INFO - <tf.Variable 'root_right_left_left_left_left/bdia:0' shape=() dtype=float32> created.
2020-07-16 20:29:10,851 - INFO - calculate coordinate of root_right_left_left_left_left : 101@253.
2020-07-16 20:29:48,528 - INFO - assign trainable variates for root_right_left_left_left_right_left : 102@253.
2020-07-16 20:29:48,543 - INFO - <tf.Variable 'root_right_left_left_left_right_left/wirelen:0' shape=() dtype=float32> created.
2020-07-16 20:29:48,556 - INFO - <tf.Variable 'root_right_left_left_left_right_left/cdia:0' shape=() dtype=float32> created.
2020-07-16 20:29:48,572 - INFO - <tf.Variable 'root_right_left_left_left_right_left/bdia:0' shape=() dtype=float32> created.
2020-07-16 20:29:48,576 - INFO - assign trainable variates for root_right_left_left_left_right_right_left : 103@253.
2020-07-16 20:29:48,589 - INFO - <tf.Variable 'root_right_left_left_left_right_right_left/wirelen:0' shape=() dtype=float32> created.
2020-07-16 20:29:48,601 - INFO - <tf.Variable 'root_right_left_left_left_right_right_left/cdia:0' shape=() dtype=float32> created.
2020-07-16 20:29:48,618 - INFO - <tf.Variable 'root_right_left_left_left_right_right_left/bdia:0' shape=() dtype=float32> created.
2020-07-16 20:29:48,622 - INFO - assign trainable variates for root_right_left_left_left_right_right_right : 104@253.
2020-07-16 20:29:48,634 - INFO - <tf.Variable 'root_right_left_left_left_right_right_right/cdia:0' shape=() dtype=float32> created.
2020-07-16 20:29:48,650 - INFO - <tf.Variable 'root_right_left_left_left_right_right_right/bdia:0' shape=() dtype=float32> created.
2020-07-16 20:29:48,654 - INFO - assign trainable variates for root_right_left_left_left_right_right : 105@253.
2020-07-16 20:29:48,672 - INFO - <tf.Variable 'root_right_left_left_left_right_right/cdia:0' shape=() dtype=float32> created.
2020-07-16 20:29:48,689 - INFO - <tf.Variable 'root_right_left_left_left_right_right/bdia:0' shape=() dtype=float32> created.
2020-07-16 20:29:48,692 - INFO - calculate coordinate of root_right_left_left_left_right_right : 105@253.
2020-07-16 20:30:59,197 - INFO - assign trainable variates for root_right_left_left_left_right : 106@253.
2020-07-16 20:30:59,217 - INFO - <tf.Variable 'root_right_left_left_left_right/cdia:0' shape=() dtype=float32> created.
2020-07-16 20:30:59,233 - INFO - <tf.Variable 'root_right_left_left_left_right/bdia:0' shape=() dtype=float32> created.
2020-07-16 20:30:59,237 - INFO - calculate coordinate of root_right_left_left_left_right : 106@253.
2020-07-16 20:31:30,554 - INFO - assign trainable variates for root_right_left_left_left : 107@253.
2020-07-16 20:31:30,571 - INFO - <tf.Variable 'root_right_left_left_left/wirelen:0' shape=() dtype=float32> created.
2020-07-16 20:31:30,584 - INFO - <tf.Variable 'root_right_left_left_left/cdia:0' shape=() dtype=float32> created.
2020-07-16 20:31:30,600 - INFO - <tf.Variable 'root_right_left_left_left/bdia:0' shape=() dtype=float32> created.
2020-07-16 20:31:30,604 - INFO - calculate coordinate of root_right_left_left_left : 107@253.
2020-07-16 20:32:08,319 - INFO - assign trainable variates for root_right_left_left_right_left : 108@253.
2020-07-16 20:32:08,333 - INFO - <tf.Variable 'root_right_left_left_right_left/wirelen:0' shape=() dtype=float32> created.
2020-07-16 20:32:08,346 - INFO - <tf.Variable 'root_right_left_left_right_left/cdia:0' shape=() dtype=float32> created.
2020-07-16 20:32:08,363 - INFO - <tf.Variable 'root_right_left_left_right_left/bdia:0' shape=() dtype=float32> created.
2020-07-16 20:32:08,367 - INFO - assign trainable variates for root_right_left_left_right_right : 109@253.
2020-07-16 20:32:08,380 - INFO - <tf.Variable 'root_right_left_left_right_right/cdia:0' shape=() dtype=float32> created.
2020-07-16 20:32:08,396 - INFO - <tf.Variable 'root_right_left_left_right_right/bdia:0' shape=() dtype=float32> created.
2020-07-16 20:32:08,400 - INFO - assign trainable variates for root_right_left_left_right : 110@253.
2020-07-16 20:32:08,418 - INFO - <tf.Variable 'root_right_left_left_right/cdia:0' shape=() dtype=float32> created.
2020-07-16 20:32:08,434 - INFO - <tf.Variable 'root_right_left_left_right/bdia:0' shape=() dtype=float32> created.
2020-07-16 20:32:08,438 - INFO - calculate coordinate of root_right_left_left_right : 110@253.
2020-07-16 20:32:39,791 - INFO - assign trainable variates for root_right_left_left : 111@253.
2020-07-16 20:32:39,811 - INFO - <tf.Variable 'root_right_left_left/wirelen:0' shape=() dtype=float32> created.
2020-07-16 20:32:39,823 - INFO - <tf.Variable 'root_right_left_left/cdia:0' shape=() dtype=float32> created.
2020-07-16 20:32:39,840 - INFO - <tf.Variable 'root_right_left_left/bdia:0' shape=() dtype=float32> created.
2020-07-16 20:32:39,844 - INFO - calculate coordinate of root_right_left_left : 111@253.
2020-07-16 20:33:17,620 - INFO - assign trainable variates for root_right_left_right_left : 112@253.
2020-07-16 20:33:17,634 - INFO - <tf.Variable 'root_right_left_right_left/wirelen:0' shape=() dtype=float32> created.
2020-07-16 20:33:17,647 - INFO - <tf.Variable 'root_right_left_right_left/cdia:0' shape=() dtype=float32> created.
2020-07-16 20:33:17,663 - INFO - <tf.Variable 'root_right_left_right_left/bdia:0' shape=() dtype=float32> created.
2020-07-16 20:33:17,667 - INFO - assign trainable variates for root_right_left_right_right_left : 113@253.
2020-07-16 20:33:17,680 - INFO - <tf.Variable 'root_right_left_right_right_left/wirelen:0' shape=() dtype=float32> created.
2020-07-16 20:33:17,693 - INFO - <tf.Variable 'root_right_left_right_right_left/cdia:0' shape=() dtype=float32> created.
2020-07-16 20:33:17,709 - INFO - <tf.Variable 'root_right_left_right_right_left/bdia:0' shape=() dtype=float32> created.
2020-07-16 20:33:17,713 - INFO - assign trainable variates for root_right_left_right_right_right : 114@253.
2020-07-16 20:33:17,726 - INFO - <tf.Variable 'root_right_left_right_right_right/cdia:0' shape=() dtype=float32> created.
2020-07-16 20:33:17,743 - INFO - <tf.Variable 'root_right_left_right_right_right/bdia:0' shape=() dtype=float32> created.
2020-07-16 20:33:17,747 - INFO - assign trainable variates for root_right_left_right_right : 115@253.
2020-07-16 20:33:17,766 - INFO - <tf.Variable 'root_right_left_right_right/cdia:0' shape=() dtype=float32> created.
2020-07-16 20:33:17,782 - INFO - <tf.Variable 'root_right_left_right_right/bdia:0' shape=() dtype=float32> created.
2020-07-16 20:33:17,786 - INFO - calculate coordinate of root_right_left_right_right : 115@253.
2020-07-16 20:33:49,108 - INFO - assign trainable variates for root_right_left_right : 116@253.
2020-07-16 20:33:49,129 - INFO - <tf.Variable 'root_right_left_right/cdia:0' shape=() dtype=float32> created.
2020-07-16 20:33:49,146 - INFO - <tf.Variable 'root_right_left_right/bdia:0' shape=() dtype=float32> created.
2020-07-16 20:33:49,150 - INFO - calculate coordinate of root_right_left_right : 116@253.
2020-07-16 20:34:20,492 - INFO - assign trainable variates for root_right_left : 117@253.
2020-07-16 20:34:20,509 - INFO - <tf.Variable 'root_right_left/wirelen:0' shape=() dtype=float32> created.
2020-07-16 20:34:20,522 - INFO - <tf.Variable 'root_right_left/cdia:0' shape=() dtype=float32> created.
2020-07-16 20:34:20,539 - INFO - <tf.Variable 'root_right_left/bdia:0' shape=() dtype=float32> created.
2020-07-16 20:34:20,543 - INFO - calculate coordinate of root_right_left : 117@253.
2020-07-16 20:34:58,288 - INFO - assign trainable variates for root_right_right_left_left_left_left : 118@253.
2020-07-16 20:34:58,304 - INFO - <tf.Variable 'root_right_right_left_left_left_left/wirelen:0' shape=() dtype=float32> created.
2020-07-16 20:34:58,316 - INFO - <tf.Variable 'root_right_right_left_left_left_left/cdia:0' shape=() dtype=float32> created.
2020-07-16 20:34:58,333 - INFO - <tf.Variable 'root_right_right_left_left_left_left/bdia:0' shape=() dtype=float32> created.
2020-07-16 20:34:58,337 - INFO - assign trainable variates for root_right_right_left_left_left_right_left : 119@253.
2020-07-16 20:34:58,350 - INFO - <tf.Variable 'root_right_right_left_left_left_right_left/wirelen:0' shape=() dtype=float32> created.
2020-07-16 20:34:58,362 - INFO - <tf.Variable 'root_right_right_left_left_left_right_left/cdia:0' shape=() dtype=float32> created.
2020-07-16 20:34:58,379 - INFO - <tf.Variable 'root_right_right_left_left_left_right_left/bdia:0' shape=() dtype=float32> created.
2020-07-16 20:34:58,383 - INFO - assign trainable variates for root_right_right_left_left_left_right_right : 120@253.
2020-07-16 20:34:58,395 - INFO - <tf.Variable 'root_right_right_left_left_left_right_right/cdia:0' shape=() dtype=float32> created.
2020-07-16 20:34:58,412 - INFO - <tf.Variable 'root_right_right_left_left_left_right_right/bdia:0' shape=() dtype=float32> created.
2020-07-16 20:34:58,416 - INFO - assign trainable variates for root_right_right_left_left_left_right : 121@253.
2020-07-16 20:34:58,434 - INFO - <tf.Variable 'root_right_right_left_left_left_right/cdia:0' shape=() dtype=float32> created.
2020-07-16 20:34:58,450 - INFO - <tf.Variable 'root_right_right_left_left_left_right/bdia:0' shape=() dtype=float32> created.
2020-07-16 20:34:58,454 - INFO - calculate coordinate of root_right_right_left_left_left_right : 121@253.
2020-07-16 20:35:29,868 - INFO - assign trainable variates for root_right_right_left_left_left : 122@253.
2020-07-16 20:35:29,889 - INFO - <tf.Variable 'root_right_right_left_left_left/wirelen:0' shape=() dtype=float32> created.
2020-07-16 20:35:29,902 - INFO - <tf.Variable 'root_right_right_left_left_left/cdia:0' shape=() dtype=float32> created.
2020-07-16 20:35:29,919 - INFO - <tf.Variable 'root_right_right_left_left_left/bdia:0' shape=() dtype=float32> created.
2020-07-16 20:35:29,923 - INFO - calculate coordinate of root_right_right_left_left_left : 122@253.
2020-07-16 20:36:08,098 - INFO - assign trainable variates for root_right_right_left_left_right_left : 123@253.
2020-07-16 20:36:08,111 - INFO - <tf.Variable 'root_right_right_left_left_right_left/wirelen:0' shape=() dtype=float32> created.
2020-07-16 20:36:08,124 - INFO - <tf.Variable 'root_right_right_left_left_right_left/cdia:0' shape=() dtype=float32> created.
2020-07-16 20:36:08,141 - INFO - <tf.Variable 'root_right_right_left_left_right_left/bdia:0' shape=() dtype=float32> created.
2020-07-16 20:36:08,145 - INFO - assign trainable variates for root_right_right_left_left_right_right_left : 124@253.
2020-07-16 20:36:08,157 - INFO - <tf.Variable 'root_right_right_left_left_right_right_left/wirelen:0' shape=() dtype=float32> created.
2020-07-16 20:36:08,170 - INFO - <tf.Variable 'root_right_right_left_left_right_right_left/cdia:0' shape=() dtype=float32> created.
2020-07-16 20:36:08,187 - INFO - <tf.Variable 'root_right_right_left_left_right_right_left/bdia:0' shape=() dtype=float32> created.
2020-07-16 20:36:08,191 - INFO - assign trainable variates for root_right_right_left_left_right_right_right_left_left : 125@253.
2020-07-16 20:36:08,203 - INFO - <tf.Variable 'root_right_right_left_left_right_right_right_left_left/wirelen:0' shape=() dtype=float32> created.
2020-07-16 20:36:08,216 - INFO - <tf.Variable 'root_right_right_left_left_right_right_right_left_left/cdia:0' shape=() dtype=float32> created.
2020-07-16 20:36:08,233 - INFO - <tf.Variable 'root_right_right_left_left_right_right_right_left_left/bdia:0' shape=() dtype=float32> created.
2020-07-16 20:36:08,237 - INFO - assign trainable variates for root_right_right_left_left_right_right_right_left_right_left : 126@253.
2020-07-16 20:36:08,249 - INFO - <tf.Variable 'root_right_right_left_left_right_right_right_left_right_left/wirelen:0' shape=() dtype=float32> created.
2020-07-16 20:36:08,262 - INFO - <tf.Variable 'root_right_right_left_left_right_right_right_left_right_left/cdia:0' shape=() dtype=float32> created.
2020-07-16 20:36:08,278 - INFO - <tf.Variable 'root_right_right_left_left_right_right_right_left_right_left/bdia:0' shape=() dtype=float32> created.
2020-07-16 20:36:08,282 - INFO - assign trainable variates for root_right_right_left_left_right_right_right_left_right_right : 127@253.
2020-07-16 20:36:08,295 - INFO - <tf.Variable 'root_right_right_left_left_right_right_right_left_right_right/cdia:0' shape=() dtype=float32> created.
2020-07-16 20:36:08,312 - INFO - <tf.Variable 'root_right_right_left_left_right_right_right_left_right_right/bdia:0' shape=() dtype=float32> created.
2020-07-16 20:36:08,316 - INFO - assign trainable variates for root_right_right_left_left_right_right_right_left_right : 128@253.
2020-07-16 20:36:08,333 - INFO - <tf.Variable 'root_right_right_left_left_right_right_right_left_right/cdia:0' shape=() dtype=float32> created.
2020-07-16 20:36:08,351 - INFO - <tf.Variable 'root_right_right_left_left_right_right_right_left_right/bdia:0' shape=() dtype=float32> created.
2020-07-16 20:36:08,355 - INFO - calculate coordinate of root_right_right_left_left_right_right_right_left_right : 128@253.
2020-07-16 20:37:30,128 - INFO - assign trainable variates for root_right_right_left_left_right_right_right_left : 129@253.
2020-07-16 20:37:30,149 - INFO - <tf.Variable 'root_right_right_left_left_right_right_right_left/wirelen:0' shape=() dtype=float32> created.
2020-07-16 20:37:30,162 - INFO - <tf.Variable 'root_right_right_left_left_right_right_right_left/cdia:0' shape=() dtype=float32> created.
2020-07-16 20:37:30,179 - INFO - <tf.Variable 'root_right_right_left_left_right_right_right_left/bdia:0' shape=() dtype=float32> created.
2020-07-16 20:37:30,182 - INFO - calculate coordinate of root_right_right_left_left_right_right_right_left : 129@253.
2020-07-16 20:38:08,070 - INFO - assign trainable variates for root_right_right_left_left_right_right_right_right_left : 130@253.
2020-07-16 20:38:08,083 - INFO - <tf.Variable 'root_right_right_left_left_right_right_right_right_left/wirelen:0' shape=() dtype=float32> created.
2020-07-16 20:38:08,096 - INFO - <tf.Variable 'root_right_right_left_left_right_right_right_right_left/cdia:0' shape=() dtype=float32> created.
2020-07-16 20:38:08,113 - INFO - <tf.Variable 'root_right_right_left_left_right_right_right_right_left/bdia:0' shape=() dtype=float32> created.
2020-07-16 20:38:08,117 - INFO - assign trainable variates for root_right_right_left_left_right_right_right_right_right_left : 131@253.
2020-07-16 20:38:08,129 - INFO - <tf.Variable 'root_right_right_left_left_right_right_right_right_right_left/wirelen:0' shape=() dtype=float32> created.
2020-07-16 20:38:08,142 - INFO - <tf.Variable 'root_right_right_left_left_right_right_right_right_right_left/cdia:0' shape=() dtype=float32> created.
2020-07-16 20:38:08,159 - INFO - <tf.Variable 'root_right_right_left_left_right_right_right_right_right_left/bdia:0' shape=() dtype=float32> created.
2020-07-16 20:38:08,163 - INFO - assign trainable variates for root_right_right_left_left_right_right_right_right_right_right_left : 132@253.
2020-07-16 20:38:08,176 - INFO - <tf.Variable 'root_right_right_left_left_right_right_right_right_right_right_left/wirelen:0' shape=() dtype=float32> created.
2020-07-16 20:38:08,188 - INFO - <tf.Variable 'root_right_right_left_left_right_right_right_right_right_right_left/cdia:0' shape=() dtype=float32> created.
2020-07-16 20:38:08,205 - INFO - <tf.Variable 'root_right_right_left_left_right_right_right_right_right_right_left/bdia:0' shape=() dtype=float32> created.
2020-07-16 20:38:08,209 - INFO - assign trainable variates for root_right_right_left_left_right_right_right_right_right_right_right_left : 133@253.
2020-07-16 20:38:08,222 - INFO - <tf.Variable 'root_right_right_left_left_right_right_right_right_right_right_right_left/wirelen:0' shape=() dtype=float32> created.
2020-07-16 20:38:08,235 - INFO - <tf.Variable 'root_right_right_left_left_right_right_right_right_right_right_right_left/cdia:0' shape=() dtype=float32> created.
2020-07-16 20:38:08,251 - INFO - <tf.Variable 'root_right_right_left_left_right_right_right_right_right_right_right_left/bdia:0' shape=() dtype=float32> created.
2020-07-16 20:38:08,255 - INFO - assign trainable variates for root_right_right_left_left_right_right_right_right_right_right_right_right : 134@253.
2020-07-16 20:38:08,268 - INFO - <tf.Variable 'root_right_right_left_left_right_right_right_right_right_right_right_right/cdia:0' shape=() dtype=float32> created.
2020-07-16 20:38:08,284 - INFO - <tf.Variable 'root_right_right_left_left_right_right_right_right_right_right_right_right/bdia:0' shape=() dtype=float32> created.
2020-07-16 20:38:08,288 - INFO - assign trainable variates for root_right_right_left_left_right_right_right_right_right_right_right : 135@253.
2020-07-16 20:38:08,306 - INFO - <tf.Variable 'root_right_right_left_left_right_right_right_right_right_right_right/cdia:0' shape=() dtype=float32> created.
2020-07-16 20:38:08,323 - INFO - <tf.Variable 'root_right_right_left_left_right_right_right_right_right_right_right/bdia:0' shape=() dtype=float32> created.
2020-07-16 20:38:08,327 - INFO - calculate coordinate of root_right_right_left_left_right_right_right_right_right_right_right : 135@253.
2020-07-16 20:38:39,836 - INFO - assign trainable variates for root_right_right_left_left_right_right_right_right_right_right : 136@253.
2020-07-16 20:38:39,857 - INFO - <tf.Variable 'root_right_right_left_left_right_right_right_right_right_right/cdia:0' shape=() dtype=float32> created.
2020-07-16 20:38:39,874 - INFO - <tf.Variable 'root_right_right_left_left_right_right_right_right_right_right/bdia:0' shape=() dtype=float32> created.
2020-07-16 20:38:39,878 - INFO - calculate coordinate of root_right_right_left_left_right_right_right_right_right_right : 136@253.
2020-07-16 20:39:11,442 - INFO - assign trainable variates for root_right_right_left_left_right_right_right_right_right : 137@253.
2020-07-16 20:39:11,461 - INFO - <tf.Variable 'root_right_right_left_left_right_right_right_right_right/cdia:0' shape=() dtype=float32> created.
2020-07-16 20:39:11,478 - INFO - <tf.Variable 'root_right_right_left_left_right_right_right_right_right/bdia:0' shape=() dtype=float32> created.
2020-07-16 20:39:11,482 - INFO - calculate coordinate of root_right_right_left_left_right_right_right_right_right : 137@253.
2020-07-16 20:39:42,946 - INFO - assign trainable variates for root_right_right_left_left_right_right_right_right : 138@253.
2020-07-16 20:39:42,967 - INFO - <tf.Variable 'root_right_right_left_left_right_right_right_right/cdia:0' shape=() dtype=float32> created.
2020-07-16 20:39:42,983 - INFO - <tf.Variable 'root_right_right_left_left_right_right_right_right/bdia:0' shape=() dtype=float32> created.
2020-07-16 20:39:42,987 - INFO - calculate coordinate of root_right_right_left_left_right_right_right_right : 138@253.
2020-07-16 20:40:14,568 - INFO - assign trainable variates for root_right_right_left_left_right_right_right : 139@253.
2020-07-16 20:40:14,585 - INFO - <tf.Variable 'root_right_right_left_left_right_right_right/cdia:0' shape=() dtype=float32> created.
2020-07-16 20:40:14,602 - INFO - <tf.Variable 'root_right_right_left_left_right_right_right/bdia:0' shape=() dtype=float32> created.
2020-07-16 20:40:14,606 - INFO - calculate coordinate of root_right_right_left_left_right_right_right : 139@253.
2020-07-16 20:40:46,055 - INFO - assign trainable variates for root_right_right_left_left_right_right : 140@253.
2020-07-16 20:40:46,076 - INFO - <tf.Variable 'root_right_right_left_left_right_right/cdia:0' shape=() dtype=float32> created.
2020-07-16 20:40:46,092 - INFO - <tf.Variable 'root_right_right_left_left_right_right/bdia:0' shape=() dtype=float32> created.
2020-07-16 20:40:46,096 - INFO - calculate coordinate of root_right_right_left_left_right_right : 140@253.
2020-07-16 20:41:17,639 - INFO - assign trainable variates for root_right_right_left_left_right : 141@253.
2020-07-16 20:41:17,658 - INFO - <tf.Variable 'root_right_right_left_left_right/cdia:0' shape=() dtype=float32> created.
2020-07-16 20:41:17,675 - INFO - <tf.Variable 'root_right_right_left_left_right/bdia:0' shape=() dtype=float32> created.
2020-07-16 20:41:17,679 - INFO - calculate coordinate of root_right_right_left_left_right : 141@253.
2020-07-16 20:41:49,085 - INFO - assign trainable variates for root_right_right_left_left : 142@253.
2020-07-16 20:41:49,104 - INFO - <tf.Variable 'root_right_right_left_left/wirelen:0' shape=() dtype=float32> created.
2020-07-16 20:41:49,117 - INFO - <tf.Variable 'root_right_right_left_left/cdia:0' shape=() dtype=float32> created.
2020-07-16 20:41:49,135 - INFO - <tf.Variable 'root_right_right_left_left/bdia:0' shape=() dtype=float32> created.
2020-07-16 20:41:49,139 - INFO - calculate coordinate of root_right_right_left_left : 142@253.
2020-07-16 20:42:27,252 - INFO - assign trainable variates for root_right_right_left_right_left_left : 143@253.
2020-07-16 20:42:27,268 - INFO - <tf.Variable 'root_right_right_left_right_left_left/wirelen:0' shape=() dtype=float32> created.
2020-07-16 20:42:27,281 - INFO - <tf.Variable 'root_right_right_left_right_left_left/cdia:0' shape=() dtype=float32> created.
2020-07-16 20:42:27,297 - INFO - <tf.Variable 'root_right_right_left_right_left_left/bdia:0' shape=() dtype=float32> created.
2020-07-16 20:42:27,301 - INFO - assign trainable variates for root_right_right_left_right_left_right : 144@253.
2020-07-16 20:42:27,314 - INFO - <tf.Variable 'root_right_right_left_right_left_right/cdia:0' shape=() dtype=float32> created.
2020-07-16 20:42:27,330 - INFO - <tf.Variable 'root_right_right_left_right_left_right/bdia:0' shape=() dtype=float32> created.
2020-07-16 20:42:27,334 - INFO - assign trainable variates for root_right_right_left_right_left : 145@253.
2020-07-16 20:42:27,352 - INFO - <tf.Variable 'root_right_right_left_right_left/wirelen:0' shape=() dtype=float32> created.
2020-07-16 20:42:27,365 - INFO - <tf.Variable 'root_right_right_left_right_left/cdia:0' shape=() dtype=float32> created.
2020-07-16 20:42:27,382 - INFO - <tf.Variable 'root_right_right_left_right_left/bdia:0' shape=() dtype=float32> created.
2020-07-16 20:42:27,386 - INFO - calculate coordinate of root_right_right_left_right_left : 145@253.
2020-07-16 20:43:05,482 - INFO - assign trainable variates for root_right_right_left_right_right_left : 146@253.
2020-07-16 20:43:05,496 - INFO - <tf.Variable 'root_right_right_left_right_right_left/wirelen:0' shape=() dtype=float32> created.
2020-07-16 20:43:05,510 - INFO - <tf.Variable 'root_right_right_left_right_right_left/cdia:0' shape=() dtype=float32> created.
2020-07-16 20:43:05,527 - INFO - <tf.Variable 'root_right_right_left_right_right_left/bdia:0' shape=() dtype=float32> created.
2020-07-16 20:43:05,531 - INFO - assign trainable variates for root_right_right_left_right_right_right : 147@253.
2020-07-16 20:43:05,544 - INFO - <tf.Variable 'root_right_right_left_right_right_right/cdia:0' shape=() dtype=float32> created.
2020-07-16 20:43:05,560 - INFO - <tf.Variable 'root_right_right_left_right_right_right/bdia:0' shape=() dtype=float32> created.
2020-07-16 20:43:05,564 - INFO - assign trainable variates for root_right_right_left_right_right : 148@253.
2020-07-16 20:43:05,582 - INFO - <tf.Variable 'root_right_right_left_right_right/cdia:0' shape=() dtype=float32> created.
2020-07-16 20:43:05,599 - INFO - <tf.Variable 'root_right_right_left_right_right/bdia:0' shape=() dtype=float32> created.
2020-07-16 20:43:05,603 - INFO - calculate coordinate of root_right_right_left_right_right : 148@253.
2020-07-16 20:43:37,101 - INFO - assign trainable variates for root_right_right_left_right : 149@253.
2020-07-16 20:43:37,120 - INFO - <tf.Variable 'root_right_right_left_right/cdia:0' shape=() dtype=float32> created.
2020-07-16 20:43:37,137 - INFO - <tf.Variable 'root_right_right_left_right/bdia:0' shape=() dtype=float32> created.
2020-07-16 20:43:37,141 - INFO - calculate coordinate of root_right_right_left_right : 149@253.
