2020-07-15 23:48:41,279 - INFO - optimizing...
2020-07-15 23:48:41,279 - INFO - reading benchmark...
2020-07-15 23:48:41,297 - INFO - benchmark read.
2020-07-15 23:48:41,297 - INFO - parsing topology...
2020-07-15 23:48:45,370 - INFO - topology parsed.
2020-07-15 23:48:45,394 - INFO - drawing...
2020-07-15 23:49:06,409 - INFO - waiting next figure...
2020-07-15 23:49:09,230 - INFO - network loading...
2020-07-15 23:49:09,231 - INFO - assign trainable variates for root_left_left_left : 0@253.
2020-07-15 23:49:09,458 - WARNING - From /home/wangzekun/miniconda3/lib/python3.7/site-packages/tensorflow/python/ops/resource_variable_ops.py:1666: calling BaseResourceVariable.__init__ (from tensorflow.python.ops.resource_variable_ops) with constraint is deprecated and will be removed in a future version.
Instructions for updating:
If using Keras pass *_constraint arguments to layers.
2020-07-15 23:49:16,596 - INFO - <tf.Variable 'root_left_left_left/wirelen:0' shape=() dtype=float32>initialized.
2020-07-15 23:49:16,637 - INFO - <tf.Variable 'root_left_left_left/cdia:0' shape=() dtype=float32>initialized.
2020-07-15 23:49:16,664 - INFO - <tf.Variable 'root_left_left_left/bdia:0' shape=() dtype=float32>initialized.
2020-07-15 23:49:16,668 - INFO - assign trainable variates for root_left_left_right_left_left : 1@253.
2020-07-15 23:49:16,688 - INFO - <tf.Variable 'root_left_left_right_left_left/wirelen:0' shape=() dtype=float32>initialized.
2020-07-15 23:49:16,708 - INFO - <tf.Variable 'root_left_left_right_left_left/cdia:0' shape=() dtype=float32>initialized.
2020-07-15 23:49:16,733 - INFO - <tf.Variable 'root_left_left_right_left_left/bdia:0' shape=() dtype=float32>initialized.
2020-07-15 23:49:16,736 - INFO - assign trainable variates for root_left_left_right_left_right : 2@253.
2020-07-15 23:49:16,757 - INFO - <tf.Variable 'root_left_left_right_left_right/cdia:0' shape=() dtype=float32>initialized.
2020-07-15 23:49:16,783 - INFO - <tf.Variable 'root_left_left_right_left_right/bdia:0' shape=() dtype=float32>initialized.
2020-07-15 23:49:16,786 - INFO - assign trainable variates for root_left_left_right_left : 3@253.
2020-07-15 23:49:16,814 - INFO - <tf.Variable 'root_left_left_right_left/wirelen:0' shape=() dtype=float32>initialized.
2020-07-15 23:49:16,837 - INFO - <tf.Variable 'root_left_left_right_left/cdia:0' shape=() dtype=float32>initialized.
2020-07-15 23:49:16,863 - INFO - <tf.Variable 'root_left_left_right_left/bdia:0' shape=() dtype=float32>initialized.
2020-07-15 23:49:16,867 - INFO - calculate coordinate of root_left_left_right_left : 3@253.
2020-07-15 23:49:18,325 - INFO - assign trainable variates for root_left_left_right_right_left : 4@253.
2020-07-15 23:49:18,543 - INFO - <tf.Variable 'root_left_left_right_right_left/wirelen:0' shape=() dtype=float32>initialized.
2020-07-15 23:49:18,751 - INFO - <tf.Variable 'root_left_left_right_right_left/cdia:0' shape=() dtype=float32>initialized.
2020-07-15 23:49:18,953 - INFO - <tf.Variable 'root_left_left_right_right_left/bdia:0' shape=() dtype=float32>initialized.
2020-07-15 23:49:18,957 - INFO - assign trainable variates for root_left_left_right_right_right_left_left : 5@253.
2020-07-15 23:49:19,157 - INFO - <tf.Variable 'root_left_left_right_right_right_left_left/wirelen:0' shape=() dtype=float32>initialized.
2020-07-15 23:49:19,357 - INFO - <tf.Variable 'root_left_left_right_right_right_left_left/cdia:0' shape=() dtype=float32>initialized.
2020-07-15 23:49:19,564 - INFO - <tf.Variable 'root_left_left_right_right_right_left_left/bdia:0' shape=() dtype=float32>initialized.
2020-07-15 23:49:19,568 - INFO - assign trainable variates for root_left_left_right_right_right_left_right_left : 6@253.
2020-07-15 23:49:19,770 - INFO - <tf.Variable 'root_left_left_right_right_right_left_right_left/wirelen:0' shape=() dtype=float32>initialized.
2020-07-15 23:49:19,973 - INFO - <tf.Variable 'root_left_left_right_right_right_left_right_left/cdia:0' shape=() dtype=float32>initialized.
2020-07-15 23:49:20,180 - INFO - <tf.Variable 'root_left_left_right_right_right_left_right_left/bdia:0' shape=() dtype=float32>initialized.
2020-07-15 23:49:20,184 - INFO - assign trainable variates for root_left_left_right_right_right_left_right_right : 7@253.
2020-07-15 23:49:20,389 - INFO - <tf.Variable 'root_left_left_right_right_right_left_right_right/cdia:0' shape=() dtype=float32>initialized.
2020-07-15 23:49:20,597 - INFO - <tf.Variable 'root_left_left_right_right_right_left_right_right/bdia:0' shape=() dtype=float32>initialized.
2020-07-15 23:49:20,602 - INFO - assign trainable variates for root_left_left_right_right_right_left_right : 8@253.
2020-07-15 23:49:20,813 - INFO - <tf.Variable 'root_left_left_right_right_right_left_right/cdia:0' shape=() dtype=float32>initialized.
2020-07-15 23:49:21,025 - INFO - <tf.Variable 'root_left_left_right_right_right_left_right/bdia:0' shape=() dtype=float32>initialized.
2020-07-15 23:49:21,030 - INFO - calculate coordinate of root_left_left_right_right_right_left_right : 8@253.
2020-07-15 23:49:22,534 - INFO - assign trainable variates for root_left_left_right_right_right_left : 9@253.
2020-07-15 23:49:22,970 - INFO - <tf.Variable 'root_left_left_right_right_right_left/wirelen:0' shape=() dtype=float32>initialized.
2020-07-15 23:49:23,378 - INFO - <tf.Variable 'root_left_left_right_right_right_left/cdia:0' shape=() dtype=float32>initialized.
2020-07-15 23:49:23,789 - INFO - <tf.Variable 'root_left_left_right_right_right_left/bdia:0' shape=() dtype=float32>initialized.
2020-07-15 23:49:23,793 - INFO - calculate coordinate of root_left_left_right_right_right_left : 9@253.
2020-07-15 23:49:25,400 - INFO - assign trainable variates for root_left_left_right_right_right_right_left : 10@253.
2020-07-15 23:49:26,018 - INFO - <tf.Variable 'root_left_left_right_right_right_right_left/wirelen:0' shape=() dtype=float32>initialized.
2020-07-15 23:49:26,627 - INFO - <tf.Variable 'root_left_left_right_right_right_right_left/cdia:0' shape=() dtype=float32>initialized.
2020-07-15 23:49:27,244 - INFO - <tf.Variable 'root_left_left_right_right_right_right_left/bdia:0' shape=() dtype=float32>initialized.
2020-07-15 23:49:27,248 - INFO - assign trainable variates for root_left_left_right_right_right_right_right_left : 11@253.
2020-07-15 23:49:27,865 - INFO - <tf.Variable 'root_left_left_right_right_right_right_right_left/wirelen:0' shape=() dtype=float32>initialized.
2020-07-15 23:49:28,486 - INFO - <tf.Variable 'root_left_left_right_right_right_right_right_left/cdia:0' shape=() dtype=float32>initialized.
2020-07-15 23:49:29,106 - INFO - <tf.Variable 'root_left_left_right_right_right_right_right_left/bdia:0' shape=() dtype=float32>initialized.
2020-07-15 23:49:29,111 - INFO - assign trainable variates for root_left_left_right_right_right_right_right_right : 12@253.
2020-07-15 23:49:29,722 - INFO - <tf.Variable 'root_left_left_right_right_right_right_right_right/cdia:0' shape=() dtype=float32>initialized.
2020-07-15 23:49:30,345 - INFO - <tf.Variable 'root_left_left_right_right_right_right_right_right/bdia:0' shape=() dtype=float32>initialized.
2020-07-15 23:49:30,350 - INFO - assign trainable variates for root_left_left_right_right_right_right_right : 13@253.
2020-07-15 23:49:30,969 - INFO - <tf.Variable 'root_left_left_right_right_right_right_right/cdia:0' shape=() dtype=float32>initialized.
2020-07-15 23:49:31,594 - INFO - <tf.Variable 'root_left_left_right_right_right_right_right/bdia:0' shape=() dtype=float32>initialized.
2020-07-15 23:49:31,598 - INFO - calculate coordinate of root_left_left_right_right_right_right_right : 13@253.
2020-07-15 23:49:33,204 - INFO - assign trainable variates for root_left_left_right_right_right_right : 14@253.
2020-07-15 23:49:34,047 - INFO - <tf.Variable 'root_left_left_right_right_right_right/cdia:0' shape=() dtype=float32>initialized.
2020-07-15 23:49:34,891 - INFO - <tf.Variable 'root_left_left_right_right_right_right/bdia:0' shape=() dtype=float32>initialized.
2020-07-15 23:49:34,895 - INFO - calculate coordinate of root_left_left_right_right_right_right : 14@253.
2020-07-15 23:49:36,224 - INFO - assign trainable variates for root_left_left_right_right_right : 15@253.
2020-07-15 23:49:37,291 - INFO - <tf.Variable 'root_left_left_right_right_right/cdia:0' shape=() dtype=float32>initialized.
2020-07-15 23:49:38,366 - INFO - <tf.Variable 'root_left_left_right_right_right/bdia:0' shape=() dtype=float32>initialized.
2020-07-15 23:49:38,370 - INFO - calculate coordinate of root_left_left_right_right_right : 15@253.
2020-07-15 23:49:39,997 - INFO - assign trainable variates for root_left_left_right_right : 16@253.
2020-07-15 23:49:41,299 - INFO - <tf.Variable 'root_left_left_right_right/cdia:0' shape=() dtype=float32>initialized.
2020-07-15 23:49:42,592 - INFO - <tf.Variable 'root_left_left_right_right/bdia:0' shape=() dtype=float32>initialized.
2020-07-15 23:49:42,597 - INFO - calculate coordinate of root_left_left_right_right : 16@253.
2020-07-15 23:49:43,929 - INFO - assign trainable variates for root_left_left_right : 17@253.
2020-07-15 23:49:45,475 - INFO - <tf.Variable 'root_left_left_right/cdia:0' shape=() dtype=float32>initialized.
2020-07-15 23:49:47,025 - INFO - <tf.Variable 'root_left_left_right/bdia:0' shape=() dtype=float32>initialized.
2020-07-15 23:49:47,030 - INFO - calculate coordinate of root_left_left_right : 17@253.
2020-07-15 23:49:48,363 - INFO - assign trainable variates for root_left_left : 18@253.
2020-07-15 23:49:50,128 - INFO - <tf.Variable 'root_left_left/wirelen:0' shape=() dtype=float32>initialized.
2020-07-15 23:49:51,881 - INFO - <tf.Variable 'root_left_left/cdia:0' shape=() dtype=float32>initialized.
2020-07-15 23:49:53,639 - INFO - <tf.Variable 'root_left_left/bdia:0' shape=() dtype=float32>initialized.
2020-07-15 23:49:53,643 - INFO - calculate coordinate of root_left_left : 18@253.
2020-07-15 23:49:55,464 - INFO - assign trainable variates for root_left_right_left_left_left_left : 19@253.
2020-07-15 23:49:57,530 - INFO - <tf.Variable 'root_left_right_left_left_left_left/wirelen:0' shape=() dtype=float32>initialized.
2020-07-15 23:49:59,537 - INFO - <tf.Variable 'root_left_right_left_left_left_left/cdia:0' shape=() dtype=float32>initialized.
2020-07-15 23:50:01,542 - INFO - <tf.Variable 'root_left_right_left_left_left_left/bdia:0' shape=() dtype=float32>initialized.
2020-07-15 23:50:01,546 - INFO - assign trainable variates for root_left_right_left_left_left_right : 20@253.
2020-07-15 23:50:03,595 - INFO - <tf.Variable 'root_left_right_left_left_left_right/cdia:0' shape=() dtype=float32>initialized.
2020-07-15 23:50:05,595 - INFO - <tf.Variable 'root_left_right_left_left_left_right/bdia:0' shape=() dtype=float32>initialized.
2020-07-15 23:50:05,599 - INFO - assign trainable variates for root_left_right_left_left_left : 21@253.
2020-07-15 23:50:08,068 - INFO - <tf.Variable 'root_left_right_left_left_left/wirelen:0' shape=() dtype=float32>initialized.
2020-07-15 23:50:10,190 - INFO - <tf.Variable 'root_left_right_left_left_left/cdia:0' shape=() dtype=float32>initialized.
2020-07-15 23:50:12,339 - INFO - <tf.Variable 'root_left_right_left_left_left/bdia:0' shape=() dtype=float32>initialized.
2020-07-15 23:50:12,346 - INFO - calculate coordinate of root_left_right_left_left_left : 21@253.
2020-07-15 23:50:13,846 - INFO - assign trainable variates for root_left_right_left_left_right_left : 22@253.
2020-07-15 23:50:16,222 - INFO - <tf.Variable 'root_left_right_left_left_right_left/wirelen:0' shape=() dtype=float32>initialized.
2020-07-15 23:50:18,615 - INFO - <tf.Variable 'root_left_right_left_left_right_left/cdia:0' shape=() dtype=float32>initialized.
2020-07-15 23:50:21,111 - INFO - <tf.Variable 'root_left_right_left_left_right_left/bdia:0' shape=() dtype=float32>initialized.
2020-07-15 23:50:21,116 - INFO - assign trainable variates for root_left_right_left_left_right_right : 23@253.
2020-07-15 23:50:23,534 - INFO - <tf.Variable 'root_left_right_left_left_right_right/cdia:0' shape=() dtype=float32>initialized.
2020-07-15 23:50:25,915 - INFO - <tf.Variable 'root_left_right_left_left_right_right/bdia:0' shape=() dtype=float32>initialized.
2020-07-15 23:50:25,920 - INFO - assign trainable variates for root_left_right_left_left_right : 24@253.
2020-07-15 23:50:28,291 - INFO - <tf.Variable 'root_left_right_left_left_right/cdia:0' shape=() dtype=float32>initialized.
2020-07-15 23:50:30,680 - INFO - <tf.Variable 'root_left_right_left_left_right/bdia:0' shape=() dtype=float32>initialized.
2020-07-15 23:50:30,685 - INFO - calculate coordinate of root_left_right_left_left_right : 24@253.
2020-07-15 23:50:32,691 - INFO - assign trainable variates for root_left_right_left_left : 25@253.
2020-07-15 23:50:35,453 - INFO - <tf.Variable 'root_left_right_left_left/wirelen:0' shape=() dtype=float32>initialized.
2020-07-15 23:50:38,088 - INFO - <tf.Variable 'root_left_right_left_left/cdia:0' shape=() dtype=float32>initialized.
2020-07-15 23:50:40,711 - INFO - <tf.Variable 'root_left_right_left_left/bdia:0' shape=() dtype=float32>initialized.
2020-07-15 23:50:40,716 - INFO - calculate coordinate of root_left_right_left_left : 25@253.
2020-07-15 23:50:42,216 - INFO - assign trainable variates for root_left_right_left_right_left : 26@253.
2020-07-15 23:50:45,195 - INFO - <tf.Variable 'root_left_right_left_right_left/wirelen:0' shape=() dtype=float32>initialized.
2020-07-15 23:50:48,097 - INFO - <tf.Variable 'root_left_right_left_right_left/cdia:0' shape=() dtype=float32>initialized.
2020-07-15 23:50:51,002 - INFO - <tf.Variable 'root_left_right_left_right_left/bdia:0' shape=() dtype=float32>initialized.
2020-07-15 23:50:51,011 - INFO - assign trainable variates for root_left_right_left_right_right_left : 27@253.
2020-07-15 23:50:53,764 - INFO - <tf.Variable 'root_left_right_left_right_right_left/wirelen:0' shape=() dtype=float32>initialized.
2020-07-15 23:50:56,497 - INFO - <tf.Variable 'root_left_right_left_right_right_left/cdia:0' shape=() dtype=float32>initialized.
2020-07-15 23:50:59,248 - INFO - <tf.Variable 'root_left_right_left_right_right_left/bdia:0' shape=() dtype=float32>initialized.
2020-07-15 23:50:59,253 - INFO - assign trainable variates for root_left_right_left_right_right_right : 28@253.
2020-07-15 23:51:01,978 - INFO - <tf.Variable 'root_left_right_left_right_right_right/cdia:0' shape=() dtype=float32>initialized.
2020-07-15 23:51:04,821 - INFO - <tf.Variable 'root_left_right_left_right_right_right/bdia:0' shape=() dtype=float32>initialized.
2020-07-15 23:51:04,827 - INFO - assign trainable variates for root_left_right_left_right_right : 29@253.
2020-07-15 23:51:07,615 - INFO - <tf.Variable 'root_left_right_left_right_right/cdia:0' shape=() dtype=float32>initialized.
2020-07-15 23:51:10,366 - INFO - <tf.Variable 'root_left_right_left_right_right/bdia:0' shape=() dtype=float32>initialized.
2020-07-15 23:51:10,371 - INFO - calculate coordinate of root_left_right_left_right_right : 29@253.
2020-07-15 23:51:11,741 - INFO - assign trainable variates for root_left_right_left_right : 30@253.
2020-07-15 23:51:14,717 - INFO - <tf.Variable 'root_left_right_left_right/cdia:0' shape=() dtype=float32>initialized.
2020-07-15 23:51:17,701 - INFO - <tf.Variable 'root_left_right_left_right/bdia:0' shape=() dtype=float32>initialized.
2020-07-15 23:51:17,706 - INFO - calculate coordinate of root_left_right_left_right : 30@253.
2020-07-15 23:51:19,046 - INFO - assign trainable variates for root_left_right_left : 31@253.
2020-07-15 23:51:22,249 - INFO - <tf.Variable 'root_left_right_left/wirelen:0' shape=() dtype=float32>initialized.
2020-07-15 23:51:25,474 - INFO - <tf.Variable 'root_left_right_left/cdia:0' shape=() dtype=float32>initialized.
2020-07-15 23:51:28,673 - INFO - <tf.Variable 'root_left_right_left/bdia:0' shape=() dtype=float32>initialized.
2020-07-15 23:51:28,678 - INFO - calculate coordinate of root_left_right_left : 31@253.
2020-07-15 23:51:30,791 - INFO - assign trainable variates for root_left_right_right_left : 32@253.
2020-07-15 23:51:34,281 - INFO - <tf.Variable 'root_left_right_right_left/wirelen:0' shape=() dtype=float32>initialized.
2020-07-15 23:51:37,727 - INFO - <tf.Variable 'root_left_right_right_left/cdia:0' shape=() dtype=float32>initialized.
2020-07-15 23:51:41,222 - INFO - <tf.Variable 'root_left_right_right_left/bdia:0' shape=() dtype=float32>initialized.
2020-07-15 23:51:41,227 - INFO - assign trainable variates for root_left_right_right_right_left_left_left : 33@253.
2020-07-15 23:51:44,751 - INFO - <tf.Variable 'root_left_right_right_right_left_left_left/wirelen:0' shape=() dtype=float32>initialized.
2020-07-15 23:51:48,200 - INFO - <tf.Variable 'root_left_right_right_right_left_left_left/cdia:0' shape=() dtype=float32>initialized.
2020-07-15 23:51:51,650 - INFO - <tf.Variable 'root_left_right_right_right_left_left_left/bdia:0' shape=() dtype=float32>initialized.
2020-07-15 23:51:51,654 - INFO - assign trainable variates for root_left_right_right_right_left_left_right : 34@253.
2020-07-15 23:51:55,106 - INFO - <tf.Variable 'root_left_right_right_right_left_left_right/cdia:0' shape=() dtype=float32>initialized.
2020-07-15 23:51:58,547 - INFO - <tf.Variable 'root_left_right_right_right_left_left_right/bdia:0' shape=() dtype=float32>initialized.
2020-07-15 23:51:58,551 - INFO - assign trainable variates for root_left_right_right_right_left_left : 35@253.
2020-07-15 23:52:02,008 - INFO - <tf.Variable 'root_left_right_right_right_left_left/wirelen:0' shape=() dtype=float32>initialized.
2020-07-15 23:52:05,489 - INFO - <tf.Variable 'root_left_right_right_right_left_left/cdia:0' shape=() dtype=float32>initialized.
2020-07-15 23:52:08,959 - INFO - <tf.Variable 'root_left_right_right_right_left_left/bdia:0' shape=() dtype=float32>initialized.
2020-07-15 23:52:08,964 - INFO - calculate coordinate of root_left_right_right_right_left_left : 35@253.
2020-07-15 23:52:10,395 - INFO - assign trainable variates for root_left_right_right_right_left_right_left_left_left : 36@253.
2020-07-15 23:52:14,109 - INFO - <tf.Variable 'root_left_right_right_right_left_right_left_left_left/wirelen:0' shape=() dtype=float32>initialized.
2020-07-15 23:52:17,865 - INFO - <tf.Variable 'root_left_right_right_right_left_right_left_left_left/cdia:0' shape=() dtype=float32>initialized.
2020-07-15 23:52:21,618 - INFO - <tf.Variable 'root_left_right_right_right_left_right_left_left_left/bdia:0' shape=() dtype=float32>initialized.
2020-07-15 23:52:21,623 - INFO - assign trainable variates for root_left_right_right_right_left_right_left_left_right : 37@253.
2020-07-15 23:52:25,368 - INFO - <tf.Variable 'root_left_right_right_right_left_right_left_left_right/cdia:0' shape=() dtype=float32>initialized.
2020-07-15 23:52:29,118 - INFO - <tf.Variable 'root_left_right_right_right_left_right_left_left_right/bdia:0' shape=() dtype=float32>initialized.
2020-07-15 23:52:29,123 - INFO - assign trainable variates for root_left_right_right_right_left_right_left_left : 38@253.
2020-07-15 23:52:32,881 - INFO - <tf.Variable 'root_left_right_right_right_left_right_left_left/wirelen:0' shape=() dtype=float32>initialized.
2020-07-15 23:52:36,650 - INFO - <tf.Variable 'root_left_right_right_right_left_right_left_left/cdia:0' shape=() dtype=float32>initialized.
2020-07-15 23:52:40,425 - INFO - <tf.Variable 'root_left_right_right_right_left_right_left_left/bdia:0' shape=() dtype=float32>initialized.
2020-07-15 23:52:40,430 - INFO - calculate coordinate of root_left_right_right_right_left_right_left_left : 38@253.
2020-07-15 23:52:41,888 - INFO - assign trainable variates for root_left_right_right_right_left_right_left_right_left : 39@253.
2020-07-15 23:52:45,964 - INFO - <tf.Variable 'root_left_right_right_right_left_right_left_right_left/wirelen:0' shape=() dtype=float32>initialized.
2020-07-15 23:52:49,975 - INFO - <tf.Variable 'root_left_right_right_right_left_right_left_right_left/cdia:0' shape=() dtype=float32>initialized.
2020-07-15 23:52:53,966 - INFO - <tf.Variable 'root_left_right_right_right_left_right_left_right_left/bdia:0' shape=() dtype=float32>initialized.
2020-07-15 23:52:53,971 - INFO - assign trainable variates for root_left_right_right_right_left_right_left_right_right_left : 40@253.
2020-07-15 23:52:57,985 - INFO - <tf.Variable 'root_left_right_right_right_left_right_left_right_right_left/wirelen:0' shape=() dtype=float32>initialized.
2020-07-15 23:53:01,980 - INFO - <tf.Variable 'root_left_right_right_right_left_right_left_right_right_left/cdia:0' shape=() dtype=float32>initialized.
2020-07-15 23:53:05,975 - INFO - <tf.Variable 'root_left_right_right_right_left_right_left_right_right_left/bdia:0' shape=() dtype=float32>initialized.
2020-07-15 23:53:05,980 - INFO - assign trainable variates for root_left_right_right_right_left_right_left_right_right_right : 41@253.
2020-07-15 23:53:09,974 - INFO - <tf.Variable 'root_left_right_right_right_left_right_left_right_right_right/cdia:0' shape=() dtype=float32>initialized.
2020-07-15 23:53:13,989 - INFO - <tf.Variable 'root_left_right_right_right_left_right_left_right_right_right/bdia:0' shape=() dtype=float32>initialized.
2020-07-15 23:53:13,994 - INFO - assign trainable variates for root_left_right_right_right_left_right_left_right_right : 42@253.
2020-07-15 23:53:18,016 - INFO - <tf.Variable 'root_left_right_right_right_left_right_left_right_right/cdia:0' shape=() dtype=float32>initialized.
2020-07-15 23:53:22,031 - INFO - <tf.Variable 'root_left_right_right_right_left_right_left_right_right/bdia:0' shape=() dtype=float32>initialized.
2020-07-15 23:53:22,036 - INFO - calculate coordinate of root_left_right_right_right_left_right_left_right_right : 42@253.
2020-07-15 23:53:23,410 - INFO - assign trainable variates for root_left_right_right_right_left_right_left_right : 43@253.
2020-07-15 23:53:27,689 - INFO - <tf.Variable 'root_left_right_right_right_left_right_left_right/cdia:0' shape=() dtype=float32>initialized.
2020-07-15 23:53:31,955 - INFO - <tf.Variable 'root_left_right_right_right_left_right_left_right/bdia:0' shape=() dtype=float32>initialized.
2020-07-15 23:53:31,960 - INFO - calculate coordinate of root_left_right_right_right_left_right_left_right : 43@253.
2020-07-15 23:53:34,209 - INFO - assign trainable variates for root_left_right_right_right_left_right_left : 44@253.
2020-07-15 23:53:38,748 - INFO - <tf.Variable 'root_left_right_right_right_left_right_left/wirelen:0' shape=() dtype=float32>initialized.
2020-07-15 23:53:43,289 - INFO - <tf.Variable 'root_left_right_right_right_left_right_left/cdia:0' shape=() dtype=float32>initialized.
2020-07-15 23:53:47,855 - INFO - <tf.Variable 'root_left_right_right_right_left_right_left/bdia:0' shape=() dtype=float32>initialized.
2020-07-15 23:53:47,860 - INFO - calculate coordinate of root_left_right_right_right_left_right_left : 44@253.
2020-07-15 23:53:49,315 - INFO - assign trainable variates for root_left_right_right_right_left_right_right_left_left : 45@253.
2020-07-15 23:53:54,119 - INFO - <tf.Variable 'root_left_right_right_right_left_right_right_left_left/wirelen:0' shape=() dtype=float32>initialized.
2020-07-15 23:53:58,862 - INFO - <tf.Variable 'root_left_right_right_right_left_right_right_left_left/cdia:0' shape=() dtype=float32>initialized.
2020-07-15 23:54:03,614 - INFO - <tf.Variable 'root_left_right_right_right_left_right_right_left_left/bdia:0' shape=() dtype=float32>initialized.
2020-07-15 23:54:03,621 - INFO - assign trainable variates for root_left_right_right_right_left_right_right_left_right_left : 46@253.
2020-07-15 23:54:08,367 - INFO - <tf.Variable 'root_left_right_right_right_left_right_right_left_right_left/wirelen:0' shape=() dtype=float32>initialized.
2020-07-15 23:54:13,120 - INFO - <tf.Variable 'root_left_right_right_right_left_right_right_left_right_left/cdia:0' shape=() dtype=float32>initialized.
2020-07-15 23:54:17,890 - INFO - <tf.Variable 'root_left_right_right_right_left_right_right_left_right_left/bdia:0' shape=() dtype=float32>initialized.
2020-07-15 23:54:17,895 - INFO - assign trainable variates for root_left_right_right_right_left_right_right_left_right_right_left : 47@253.
2020-07-15 23:54:22,625 - INFO - <tf.Variable 'root_left_right_right_right_left_right_right_left_right_right_left/wirelen:0' shape=() dtype=float32>initialized.
2020-07-15 23:54:27,381 - INFO - <tf.Variable 'root_left_right_right_right_left_right_right_left_right_right_left/cdia:0' shape=() dtype=float32>initialized.
2020-07-15 23:54:32,133 - INFO - <tf.Variable 'root_left_right_right_right_left_right_right_left_right_right_left/bdia:0' shape=() dtype=float32>initialized.
2020-07-15 23:54:32,138 - INFO - assign trainable variates for root_left_right_right_right_left_right_right_left_right_right_right : 48@253.
2020-07-15 23:54:36,890 - INFO - <tf.Variable 'root_left_right_right_right_left_right_right_left_right_right_right/cdia:0' shape=() dtype=float32>initialized.
2020-07-15 23:54:41,636 - INFO - <tf.Variable 'root_left_right_right_right_left_right_right_left_right_right_right/bdia:0' shape=() dtype=float32>initialized.
2020-07-15 23:54:41,641 - INFO - assign trainable variates for root_left_right_right_right_left_right_right_left_right_right : 49@253.
2020-07-15 23:54:46,401 - INFO - <tf.Variable 'root_left_right_right_right_left_right_right_left_right_right/cdia:0' shape=() dtype=float32>initialized.
2020-07-15 23:54:51,171 - INFO - <tf.Variable 'root_left_right_right_right_left_right_right_left_right_right/bdia:0' shape=() dtype=float32>initialized.
2020-07-15 23:54:51,175 - INFO - calculate coordinate of root_left_right_right_right_left_right_right_left_right_right : 49@253.
2020-07-15 23:54:52,549 - INFO - assign trainable variates for root_left_right_right_right_left_right_right_left_right : 50@253.
2020-07-15 23:54:57,672 - INFO - <tf.Variable 'root_left_right_right_right_left_right_right_left_right/cdia:0' shape=() dtype=float32>initialized.
2020-07-15 23:55:02,674 - INFO - <tf.Variable 'root_left_right_right_right_left_right_right_left_right/bdia:0' shape=() dtype=float32>initialized.
2020-07-15 23:55:02,679 - INFO - calculate coordinate of root_left_right_right_right_left_right_right_left_right : 50@253.
2020-07-15 23:55:04,048 - INFO - assign trainable variates for root_left_right_right_right_left_right_right_left : 51@253.
2020-07-15 23:55:09,306 - INFO - <tf.Variable 'root_left_right_right_right_left_right_right_left/wirelen:0' shape=() dtype=float32>initialized.
2020-07-15 23:55:14,569 - INFO - <tf.Variable 'root_left_right_right_right_left_right_right_left/cdia:0' shape=() dtype=float32>initialized.
2020-07-15 23:55:19,818 - INFO - <tf.Variable 'root_left_right_right_right_left_right_right_left/bdia:0' shape=() dtype=float32>initialized.
2020-07-15 23:55:19,823 - INFO - calculate coordinate of root_left_right_right_right_left_right_right_left : 51@253.
2020-07-15 23:55:21,278 - INFO - assign trainable variates for root_left_right_right_right_left_right_right_right_left_left : 52@253.
2020-07-15 23:55:26,789 - INFO - <tf.Variable 'root_left_right_right_right_left_right_right_right_left_left/wirelen:0' shape=() dtype=float32>initialized.
2020-07-15 23:55:32,318 - INFO - <tf.Variable 'root_left_right_right_right_left_right_right_right_left_left/cdia:0' shape=() dtype=float32>initialized.
2020-07-15 23:55:37,810 - INFO - <tf.Variable 'root_left_right_right_right_left_right_right_right_left_left/bdia:0' shape=() dtype=float32>initialized.
2020-07-15 23:55:37,815 - INFO - assign trainable variates for root_left_right_right_right_left_right_right_right_left_right : 53@253.
2020-07-15 23:55:43,316 - INFO - <tf.Variable 'root_left_right_right_right_left_right_right_right_left_right/cdia:0' shape=() dtype=float32>initialized.
2020-07-15 23:55:48,792 - INFO - <tf.Variable 'root_left_right_right_right_left_right_right_right_left_right/bdia:0' shape=() dtype=float32>initialized.
2020-07-15 23:55:48,797 - INFO - assign trainable variates for root_left_right_right_right_left_right_right_right_left : 54@253.
2020-07-15 23:55:54,332 - INFO - <tf.Variable 'root_left_right_right_right_left_right_right_right_left/wirelen:0' shape=() dtype=float32>initialized.
2020-07-15 23:55:59,878 - INFO - <tf.Variable 'root_left_right_right_right_left_right_right_right_left/cdia:0' shape=() dtype=float32>initialized.
2020-07-15 23:56:05,385 - INFO - <tf.Variable 'root_left_right_right_right_left_right_right_right_left/bdia:0' shape=() dtype=float32>initialized.
2020-07-15 23:56:05,390 - INFO - calculate coordinate of root_left_right_right_right_left_right_right_right_left : 54@253.
2020-07-15 23:56:06,850 - INFO - assign trainable variates for root_left_right_right_right_left_right_right_right_right_left : 55@253.
2020-07-15 23:56:12,617 - INFO - <tf.Variable 'root_left_right_right_right_left_right_right_right_right_left/wirelen:0' shape=() dtype=float32>initialized.
2020-07-15 23:56:18,379 - INFO - <tf.Variable 'root_left_right_right_right_left_right_right_right_right_left/cdia:0' shape=() dtype=float32>initialized.
2020-07-15 23:56:24,117 - INFO - <tf.Variable 'root_left_right_right_right_left_right_right_right_right_left/bdia:0' shape=() dtype=float32>initialized.
2020-07-15 23:56:24,122 - INFO - assign trainable variates for root_left_right_right_right_left_right_right_right_right_right : 56@253.
2020-07-15 23:56:29,881 - INFO - <tf.Variable 'root_left_right_right_right_left_right_right_right_right_right/cdia:0' shape=() dtype=float32>initialized.
2020-07-15 23:56:35,626 - INFO - <tf.Variable 'root_left_right_right_right_left_right_right_right_right_right/bdia:0' shape=() dtype=float32>initialized.
2020-07-15 23:56:35,631 - INFO - assign trainable variates for root_left_right_right_right_left_right_right_right_right : 57@253.
2020-07-15 23:56:41,400 - INFO - <tf.Variable 'root_left_right_right_right_left_right_right_right_right/cdia:0' shape=() dtype=float32>initialized.
2020-07-15 23:56:47,144 - INFO - <tf.Variable 'root_left_right_right_right_left_right_right_right_right/bdia:0' shape=() dtype=float32>initialized.
2020-07-15 23:56:47,149 - INFO - calculate coordinate of root_left_right_right_right_left_right_right_right_right : 57@253.
2020-07-15 23:56:49,627 - INFO - assign trainable variates for root_left_right_right_right_left_right_right_right : 58@253.
2020-07-15 23:56:55,640 - INFO - <tf.Variable 'root_left_right_right_right_left_right_right_right/cdia:0' shape=() dtype=float32>initialized.
2020-07-15 23:57:01,738 - INFO - <tf.Variable 'root_left_right_right_right_left_right_right_right/bdia:0' shape=() dtype=float32>initialized.
2020-07-15 23:57:01,743 - INFO - calculate coordinate of root_left_right_right_right_left_right_right_right : 58@253.
2020-07-15 23:57:03,111 - INFO - assign trainable variates for root_left_right_right_right_left_right_right : 59@253.
2020-07-15 23:57:09,418 - INFO - <tf.Variable 'root_left_right_right_right_left_right_right/cdia:0' shape=() dtype=float32>initialized.
2020-07-15 23:57:15,688 - INFO - <tf.Variable 'root_left_right_right_right_left_right_right/bdia:0' shape=() dtype=float32>initialized.
2020-07-15 23:57:15,695 - INFO - calculate coordinate of root_left_right_right_right_left_right_right : 59@253.
2020-07-15 23:57:17,097 - INFO - assign trainable variates for root_left_right_right_right_left_right : 60@253.
2020-07-15 23:57:23,613 - INFO - <tf.Variable 'root_left_right_right_right_left_right/cdia:0' shape=() dtype=float32>initialized.
2020-07-15 23:57:30,158 - INFO - <tf.Variable 'root_left_right_right_right_left_right/bdia:0' shape=() dtype=float32>initialized.
2020-07-15 23:57:30,163 - INFO - calculate coordinate of root_left_right_right_right_left_right : 60@253.
2020-07-15 23:57:31,529 - INFO - assign trainable variates for root_left_right_right_right_left : 61@253.
2020-07-15 23:57:38,235 - INFO - <tf.Variable 'root_left_right_right_right_left/wirelen:0' shape=() dtype=float32>initialized.
2020-07-15 23:57:44,988 - INFO - <tf.Variable 'root_left_right_right_right_left/cdia:0' shape=() dtype=float32>initialized.
2020-07-15 23:57:51,740 - INFO - <tf.Variable 'root_left_right_right_right_left/bdia:0' shape=() dtype=float32>initialized.
2020-07-15 23:57:51,745 - INFO - calculate coordinate of root_left_right_right_right_left : 61@253.
2020-07-15 23:57:53,194 - INFO - assign trainable variates for root_left_right_right_right_right_left : 62@253.
2020-07-15 23:58:00,243 - INFO - <tf.Variable 'root_left_right_right_right_right_left/wirelen:0' shape=() dtype=float32>initialized.
2020-07-15 23:58:07,382 - INFO - <tf.Variable 'root_left_right_right_right_right_left/cdia:0' shape=() dtype=float32>initialized.
2020-07-15 23:58:14,387 - INFO - <tf.Variable 'root_left_right_right_right_right_left/bdia:0' shape=() dtype=float32>initialized.
2020-07-15 23:58:14,392 - INFO - assign trainable variates for root_left_right_right_right_right_right_left_left_left_left : 63@253.
2020-07-15 23:58:21,373 - INFO - <tf.Variable 'root_left_right_right_right_right_right_left_left_left_left/wirelen:0' shape=() dtype=float32>initialized.
2020-07-15 23:58:28,338 - INFO - <tf.Variable 'root_left_right_right_right_right_right_left_left_left_left/cdia:0' shape=() dtype=float32>initialized.
2020-07-15 23:58:35,334 - INFO - <tf.Variable 'root_left_right_right_right_right_right_left_left_left_left/bdia:0' shape=() dtype=float32>initialized.
2020-07-15 23:58:35,339 - INFO - assign trainable variates for root_left_right_right_right_right_right_left_left_left_right : 64@253.
2020-07-15 23:58:42,255 - INFO - <tf.Variable 'root_left_right_right_right_right_right_left_left_left_right/cdia:0' shape=() dtype=float32>initialized.
2020-07-15 23:58:49,241 - INFO - <tf.Variable 'root_left_right_right_right_right_right_left_left_left_right/bdia:0' shape=() dtype=float32>initialized.
2020-07-15 23:58:49,246 - INFO - assign trainable variates for root_left_right_right_right_right_right_left_left_left : 65@253.
2020-07-15 23:58:56,199 - INFO - <tf.Variable 'root_left_right_right_right_right_right_left_left_left/wirelen:0' shape=() dtype=float32>initialized.
2020-07-15 23:59:03,177 - INFO - <tf.Variable 'root_left_right_right_right_right_right_left_left_left/cdia:0' shape=() dtype=float32>initialized.
2020-07-15 23:59:10,271 - INFO - <tf.Variable 'root_left_right_right_right_right_right_left_left_left/bdia:0' shape=() dtype=float32>initialized.
2020-07-15 23:59:10,276 - INFO - calculate coordinate of root_left_right_right_right_right_right_left_left_left : 65@253.
2020-07-15 23:59:11,735 - INFO - assign trainable variates for root_left_right_right_right_right_right_left_left_right_left : 66@253.
2020-07-15 23:59:18,997 - INFO - <tf.Variable 'root_left_right_right_right_right_right_left_left_right_left/wirelen:0' shape=() dtype=float32>initialized.
2020-07-15 23:59:26,247 - INFO - <tf.Variable 'root_left_right_right_right_right_right_left_left_right_left/cdia:0' shape=() dtype=float32>initialized.
2020-07-15 23:59:33,448 - INFO - <tf.Variable 'root_left_right_right_right_right_right_left_left_right_left/bdia:0' shape=() dtype=float32>initialized.
2020-07-15 23:59:33,452 - INFO - assign trainable variates for root_left_right_right_right_right_right_left_left_right_right : 67@253.
2020-07-15 23:59:40,668 - INFO - <tf.Variable 'root_left_right_right_right_right_right_left_left_right_right/cdia:0' shape=() dtype=float32>initialized.
2020-07-15 23:59:47,904 - INFO - <tf.Variable 'root_left_right_right_right_right_right_left_left_right_right/bdia:0' shape=() dtype=float32>initialized.
2020-07-15 23:59:47,908 - INFO - assign trainable variates for root_left_right_right_right_right_right_left_left_right : 68@253.
2020-07-15 23:59:55,158 - INFO - <tf.Variable 'root_left_right_right_right_right_right_left_left_right/cdia:0' shape=() dtype=float32>initialized.
2020-07-16 00:00:02,417 - INFO - <tf.Variable 'root_left_right_right_right_right_right_left_left_right/bdia:0' shape=() dtype=float32>initialized.
2020-07-16 00:00:02,422 - INFO - calculate coordinate of root_left_right_right_right_right_right_left_left_right : 68@253.
2020-07-16 00:00:03,796 - INFO - assign trainable variates for root_left_right_right_right_right_right_left_left : 69@253.
2020-07-16 00:00:11,453 - INFO - <tf.Variable 'root_left_right_right_right_right_right_left_left/wirelen:0' shape=() dtype=float32>initialized.
2020-07-16 00:00:18,915 - INFO - <tf.Variable 'root_left_right_right_right_right_right_left_left/cdia:0' shape=() dtype=float32>initialized.
2020-07-16 00:00:26,358 - INFO - <tf.Variable 'root_left_right_right_right_right_right_left_left/bdia:0' shape=() dtype=float32>initialized.
2020-07-16 00:00:26,364 - INFO - calculate coordinate of root_left_right_right_right_right_right_left_left : 69@253.
2020-07-16 00:00:29,198 - INFO - assign trainable variates for root_left_right_right_right_right_right_left_right_left_left : 70@253.
2020-07-16 00:00:36,978 - INFO - <tf.Variable 'root_left_right_right_right_right_right_left_right_left_left/wirelen:0' shape=() dtype=float32>initialized.
2020-07-16 00:00:44,751 - INFO - <tf.Variable 'root_left_right_right_right_right_right_left_right_left_left/cdia:0' shape=() dtype=float32>initialized.
2020-07-16 00:00:52,472 - INFO - <tf.Variable 'root_left_right_right_right_right_right_left_right_left_left/bdia:0' shape=() dtype=float32>initialized.
2020-07-16 00:00:52,477 - INFO - assign trainable variates for root_left_right_right_right_right_right_left_right_left_right : 71@253.
2020-07-16 00:01:00,195 - INFO - <tf.Variable 'root_left_right_right_right_right_right_left_right_left_right/cdia:0' shape=() dtype=float32>initialized.
2020-07-16 00:01:07,928 - INFO - <tf.Variable 'root_left_right_right_right_right_right_left_right_left_right/bdia:0' shape=() dtype=float32>initialized.
2020-07-16 00:01:07,933 - INFO - assign trainable variates for root_left_right_right_right_right_right_left_right_left : 72@253.
2020-07-16 00:01:15,764 - INFO - <tf.Variable 'root_left_right_right_right_right_right_left_right_left/wirelen:0' shape=() dtype=float32>initialized.
2020-07-16 00:01:23,505 - INFO - <tf.Variable 'root_left_right_right_right_right_right_left_right_left/cdia:0' shape=() dtype=float32>initialized.
2020-07-16 00:01:31,263 - INFO - <tf.Variable 'root_left_right_right_right_right_right_left_right_left/bdia:0' shape=() dtype=float32>initialized.
2020-07-16 00:01:31,268 - INFO - calculate coordinate of root_left_right_right_right_right_right_left_right_left : 72@253.
2020-07-16 00:01:32,729 - INFO - assign trainable variates for root_left_right_right_right_right_right_left_right_right_left_left : 73@253.
2020-07-16 00:01:40,715 - INFO - <tf.Variable 'root_left_right_right_right_right_right_left_right_right_left_left/wirelen:0' shape=() dtype=float32>initialized.
2020-07-16 00:01:48,684 - INFO - <tf.Variable 'root_left_right_right_right_right_right_left_right_right_left_left/cdia:0' shape=() dtype=float32>initialized.
2020-07-16 00:01:56,665 - INFO - <tf.Variable 'root_left_right_right_right_right_right_left_right_right_left_left/bdia:0' shape=() dtype=float32>initialized.
2020-07-16 00:01:56,670 - INFO - assign trainable variates for root_left_right_right_right_right_right_left_right_right_left_right : 74@253.
2020-07-16 00:02:04,636 - INFO - <tf.Variable 'root_left_right_right_right_right_right_left_right_right_left_right/cdia:0' shape=() dtype=float32>initialized.
2020-07-16 00:02:12,730 - INFO - <tf.Variable 'root_left_right_right_right_right_right_left_right_right_left_right/bdia:0' shape=() dtype=float32>initialized.
2020-07-16 00:02:12,735 - INFO - assign trainable variates for root_left_right_right_right_right_right_left_right_right_left : 75@253.
2020-07-16 00:02:20,782 - INFO - <tf.Variable 'root_left_right_right_right_right_right_left_right_right_left/wirelen:0' shape=() dtype=float32>initialized.
2020-07-16 00:02:28,772 - INFO - <tf.Variable 'root_left_right_right_right_right_right_left_right_right_left/cdia:0' shape=() dtype=float32>initialized.
2020-07-16 00:02:36,782 - INFO - <tf.Variable 'root_left_right_right_right_right_right_left_right_right_left/bdia:0' shape=() dtype=float32>initialized.
2020-07-16 00:02:36,787 - INFO - calculate coordinate of root_left_right_right_right_right_right_left_right_right_left : 75@253.
2020-07-16 00:02:38,249 - INFO - assign trainable variates for root_left_right_right_right_right_right_left_right_right_right_left : 76@253.
2020-07-16 00:02:46,517 - INFO - <tf.Variable 'root_left_right_right_right_right_right_left_right_right_right_left/wirelen:0' shape=() dtype=float32>initialized.
2020-07-16 00:02:54,753 - INFO - <tf.Variable 'root_left_right_right_right_right_right_left_right_right_right_left/cdia:0' shape=() dtype=float32>initialized.
2020-07-16 00:03:02,962 - INFO - <tf.Variable 'root_left_right_right_right_right_right_left_right_right_right_left/bdia:0' shape=() dtype=float32>initialized.
2020-07-16 00:03:02,967 - INFO - assign trainable variates for root_left_right_right_right_right_right_left_right_right_right_right : 77@253.
2020-07-16 00:03:11,228 - INFO - <tf.Variable 'root_left_right_right_right_right_right_left_right_right_right_right/cdia:0' shape=() dtype=float32>initialized.
2020-07-16 00:03:19,569 - INFO - <tf.Variable 'root_left_right_right_right_right_right_left_right_right_right_right/bdia:0' shape=() dtype=float32>initialized.
2020-07-16 00:03:19,574 - INFO - assign trainable variates for root_left_right_right_right_right_right_left_right_right_right : 78@253.
2020-07-16 00:03:27,833 - INFO - <tf.Variable 'root_left_right_right_right_right_right_left_right_right_right/cdia:0' shape=() dtype=float32>initialized.
2020-07-16 00:03:36,081 - INFO - <tf.Variable 'root_left_right_right_right_right_right_left_right_right_right/bdia:0' shape=() dtype=float32>initialized.
2020-07-16 00:03:36,086 - INFO - calculate coordinate of root_left_right_right_right_right_right_left_right_right_right : 78@253.
2020-07-16 00:03:37,461 - INFO - assign trainable variates for root_left_right_right_right_right_right_left_right_right : 79@253.
2020-07-16 00:03:45,971 - INFO - <tf.Variable 'root_left_right_right_right_right_right_left_right_right/cdia:0' shape=() dtype=float32>initialized.
2020-07-16 00:03:54,440 - INFO - <tf.Variable 'root_left_right_right_right_right_right_left_right_right/bdia:0' shape=() dtype=float32>initialized.
2020-07-16 00:03:54,444 - INFO - calculate coordinate of root_left_right_right_right_right_right_left_right_right : 79@253.
2020-07-16 00:03:55,816 - INFO - assign trainable variates for root_left_right_right_right_right_right_left_right : 80@253.
2020-07-16 00:04:04,560 - INFO - <tf.Variable 'root_left_right_right_right_right_right_left_right/cdia:0' shape=() dtype=float32>initialized.
2020-07-16 00:04:13,403 - INFO - <tf.Variable 'root_left_right_right_right_right_right_left_right/bdia:0' shape=() dtype=float32>initialized.
2020-07-16 00:04:13,407 - INFO - calculate coordinate of root_left_right_right_right_right_right_left_right : 80@253.
2020-07-16 00:04:14,773 - INFO - assign trainable variates for root_left_right_right_right_right_right_left : 81@253.
2020-07-16 00:04:23,891 - INFO - <tf.Variable 'root_left_right_right_right_right_right_left/wirelen:0' shape=() dtype=float32>initialized.
2020-07-16 00:04:32,920 - INFO - <tf.Variable 'root_left_right_right_right_right_right_left/cdia:0' shape=() dtype=float32>initialized.
2020-07-16 00:04:41,920 - INFO - <tf.Variable 'root_left_right_right_right_right_right_left/bdia:0' shape=() dtype=float32>initialized.
2020-07-16 00:04:41,924 - INFO - calculate coordinate of root_left_right_right_right_right_right_left : 81@253.
2020-07-16 00:04:43,382 - INFO - assign trainable variates for root_left_right_right_right_right_right_right_left : 82@253.
2020-07-16 00:04:52,647 - INFO - <tf.Variable 'root_left_right_right_right_right_right_right_left/wirelen:0' shape=() dtype=float32>initialized.
2020-07-16 00:05:01,887 - INFO - <tf.Variable 'root_left_right_right_right_right_right_right_left/cdia:0' shape=() dtype=float32>initialized.
2020-07-16 00:05:11,104 - INFO - <tf.Variable 'root_left_right_right_right_right_right_right_left/bdia:0' shape=() dtype=float32>initialized.
2020-07-16 00:05:11,109 - INFO - assign trainable variates for root_left_right_right_right_right_right_right_right_left : 83@253.
2020-07-16 00:05:20,529 - INFO - <tf.Variable 'root_left_right_right_right_right_right_right_right_left/wirelen:0' shape=() dtype=float32>initialized.
2020-07-16 00:05:29,757 - INFO - <tf.Variable 'root_left_right_right_right_right_right_right_right_left/cdia:0' shape=() dtype=float32>initialized.
2020-07-16 00:05:38,982 - INFO - <tf.Variable 'root_left_right_right_right_right_right_right_right_left/bdia:0' shape=() dtype=float32>initialized.
2020-07-16 00:05:38,987 - INFO - assign trainable variates for root_left_right_right_right_right_right_right_right_right : 84@253.
2020-07-16 00:05:48,212 - INFO - <tf.Variable 'root_left_right_right_right_right_right_right_right_right/cdia:0' shape=() dtype=float32>initialized.
2020-07-16 00:05:57,459 - INFO - <tf.Variable 'root_left_right_right_right_right_right_right_right_right/bdia:0' shape=() dtype=float32>initialized.
2020-07-16 00:05:57,464 - INFO - assign trainable variates for root_left_right_right_right_right_right_right_right : 85@253.
2020-07-16 00:06:06,673 - INFO - <tf.Variable 'root_left_right_right_right_right_right_right_right/cdia:0' shape=() dtype=float32>initialized.
2020-07-16 00:06:15,920 - INFO - <tf.Variable 'root_left_right_right_right_right_right_right_right/bdia:0' shape=() dtype=float32>initialized.
2020-07-16 00:06:15,925 - INFO - calculate coordinate of root_left_right_right_right_right_right_right_right : 85@253.
2020-07-16 00:06:17,308 - INFO - assign trainable variates for root_left_right_right_right_right_right_right : 86@253.
2020-07-16 00:06:26,947 - INFO - <tf.Variable 'root_left_right_right_right_right_right_right/cdia:0' shape=() dtype=float32>initialized.
2020-07-16 00:06:36,440 - INFO - <tf.Variable 'root_left_right_right_right_right_right_right/bdia:0' shape=() dtype=float32>initialized.
2020-07-16 00:06:36,445 - INFO - calculate coordinate of root_left_right_right_right_right_right_right : 86@253.
2020-07-16 00:06:39,536 - INFO - assign trainable variates for root_left_right_right_right_right_right : 87@253.
2020-07-16 00:06:49,322 - INFO - <tf.Variable 'root_left_right_right_right_right_right/cdia:0' shape=() dtype=float32>initialized.
2020-07-16 00:06:59,096 - INFO - <tf.Variable 'root_left_right_right_right_right_right/bdia:0' shape=() dtype=float32>initialized.
2020-07-16 00:06:59,101 - INFO - calculate coordinate of root_left_right_right_right_right_right : 87@253.
2020-07-16 00:07:00,470 - INFO - assign trainable variates for root_left_right_right_right_right : 88@253.
2020-07-16 00:07:10,504 - INFO - <tf.Variable 'root_left_right_right_right_right/cdia:0' shape=() dtype=float32>initialized.
2020-07-16 00:07:20,732 - INFO - <tf.Variable 'root_left_right_right_right_right/bdia:0' shape=() dtype=float32>initialized.
2020-07-16 00:07:20,739 - INFO - calculate coordinate of root_left_right_right_right_right : 88@253.
2020-07-16 00:07:22,120 - INFO - assign trainable variates for root_left_right_right_right : 89@253.
2020-07-16 00:07:32,459 - INFO - <tf.Variable 'root_left_right_right_right/cdia:0' shape=() dtype=float32>initialized.
2020-07-16 00:07:42,770 - INFO - <tf.Variable 'root_left_right_right_right/bdia:0' shape=() dtype=float32>initialized.
2020-07-16 00:07:42,775 - INFO - calculate coordinate of root_left_right_right_right : 89@253.
2020-07-16 00:07:44,146 - INFO - assign trainable variates for root_left_right_right : 90@253.
2020-07-16 00:07:54,689 - INFO - <tf.Variable 'root_left_right_right/cdia:0' shape=() dtype=float32>initialized.
2020-07-16 00:08:05,230 - INFO - <tf.Variable 'root_left_right_right/bdia:0' shape=() dtype=float32>initialized.
2020-07-16 00:08:05,235 - INFO - calculate coordinate of root_left_right_right : 90@253.
2020-07-16 00:08:06,604 - INFO - assign trainable variates for root_left_right : 91@253.
2020-07-16 00:08:17,442 - INFO - <tf.Variable 'root_left_right/cdia:0' shape=() dtype=float32>initialized.
2020-07-16 00:08:28,465 - INFO - <tf.Variable 'root_left_right/bdia:0' shape=() dtype=float32>initialized.
2020-07-16 00:08:28,471 - INFO - calculate coordinate of root_left_right : 91@253.
2020-07-16 00:08:29,845 - INFO - assign trainable variates for root_left : 92@253.
2020-07-16 00:08:40,879 - INFO - <tf.Variable 'root_left/wirelen:0' shape=() dtype=float32>initialized.
2020-07-16 00:08:51,922 - INFO - <tf.Variable 'root_left/cdia:0' shape=() dtype=float32>initialized.
2020-07-16 00:09:02,908 - INFO - <tf.Variable 'root_left/bdia:0' shape=() dtype=float32>initialized.
2020-07-16 00:09:02,913 - INFO - calculate coordinate of root_left : 92@253.
2020-07-16 00:09:04,372 - INFO - assign trainable variates for root_right_left_left_left_left_left : 93@253.
2020-07-16 00:09:15,724 - INFO - <tf.Variable 'root_right_left_left_left_left_left/wirelen:0' shape=() dtype=float32>initialized.
2020-07-16 00:09:27,287 - INFO - <tf.Variable 'root_right_left_left_left_left_left/cdia:0' shape=() dtype=float32>initialized.
2020-07-16 00:09:38,615 - INFO - <tf.Variable 'root_right_left_left_left_left_left/bdia:0' shape=() dtype=float32>initialized.
2020-07-16 00:09:38,622 - INFO - assign trainable variates for root_right_left_left_left_left_right_left_left : 94@253.
2020-07-16 00:09:49,916 - INFO - <tf.Variable 'root_right_left_left_left_left_right_left_left/wirelen:0' shape=() dtype=float32>initialized.
2020-07-16 00:10:01,195 - INFO - <tf.Variable 'root_right_left_left_left_left_right_left_left/cdia:0' shape=() dtype=float32>initialized.
2020-07-16 00:10:12,448 - INFO - <tf.Variable 'root_right_left_left_left_left_right_left_left/bdia:0' shape=() dtype=float32>initialized.
2020-07-16 00:10:12,453 - INFO - assign trainable variates for root_right_left_left_left_left_right_left_right : 95@253.
2020-07-16 00:10:23,720 - INFO - <tf.Variable 'root_right_left_left_left_left_right_left_right/cdia:0' shape=() dtype=float32>initialized.
2020-07-16 00:10:35,217 - INFO - <tf.Variable 'root_right_left_left_left_left_right_left_right/bdia:0' shape=() dtype=float32>initialized.
2020-07-16 00:10:35,224 - INFO - assign trainable variates for root_right_left_left_left_left_right_left : 96@253.
2020-07-16 00:10:46,536 - INFO - <tf.Variable 'root_right_left_left_left_left_right_left/wirelen:0' shape=() dtype=float32>initialized.
2020-07-16 00:10:57,861 - INFO - <tf.Variable 'root_right_left_left_left_left_right_left/cdia:0' shape=() dtype=float32>initialized.
2020-07-16 00:11:09,118 - INFO - <tf.Variable 'root_right_left_left_left_left_right_left/bdia:0' shape=() dtype=float32>initialized.
2020-07-16 00:11:09,123 - INFO - calculate coordinate of root_right_left_left_left_left_right_left : 96@253.
2020-07-16 00:11:10,587 - INFO - assign trainable variates for root_right_left_left_left_left_right_right_left : 97@253.
2020-07-16 00:11:22,159 - INFO - <tf.Variable 'root_right_left_left_left_left_right_right_left/wirelen:0' shape=() dtype=float32>initialized.
2020-07-16 00:11:33,966 - INFO - <tf.Variable 'root_right_left_left_left_left_right_right_left/cdia:0' shape=() dtype=float32>initialized.
2020-07-16 00:11:45,490 - INFO - <tf.Variable 'root_right_left_left_left_left_right_right_left/bdia:0' shape=() dtype=float32>initialized.
2020-07-16 00:11:45,498 - INFO - assign trainable variates for root_right_left_left_left_left_right_right_right : 98@253.
2020-07-16 00:11:57,023 - INFO - <tf.Variable 'root_right_left_left_left_left_right_right_right/cdia:0' shape=() dtype=float32>initialized.
2020-07-16 00:12:08,566 - INFO - <tf.Variable 'root_right_left_left_left_left_right_right_right/bdia:0' shape=() dtype=float32>initialized.
2020-07-16 00:12:08,571 - INFO - assign trainable variates for root_right_left_left_left_left_right_right : 99@253.
2020-07-16 00:12:20,140 - INFO - <tf.Variable 'root_right_left_left_left_left_right_right/cdia:0' shape=() dtype=float32>initialized.
2020-07-16 00:12:31,770 - INFO - <tf.Variable 'root_right_left_left_left_left_right_right/bdia:0' shape=() dtype=float32>initialized.
2020-07-16 00:12:31,775 - INFO - calculate coordinate of root_right_left_left_left_left_right_right : 99@253.
2020-07-16 00:12:33,156 - INFO - assign trainable variates for root_right_left_left_left_left_right : 100@253.
2020-07-16 00:12:45,198 - INFO - <tf.Variable 'root_right_left_left_left_left_right/cdia:0' shape=() dtype=float32>initialized.
2020-07-16 00:12:57,032 - INFO - <tf.Variable 'root_right_left_left_left_left_right/bdia:0' shape=() dtype=float32>initialized.
2020-07-16 00:12:57,038 - INFO - calculate coordinate of root_right_left_left_left_left_right : 100@253.
2020-07-16 00:12:58,413 - INFO - assign trainable variates for root_right_left_left_left_left : 101@253.
2020-07-16 00:13:10,517 - INFO - <tf.Variable 'root_right_left_left_left_left/wirelen:0' shape=() dtype=float32>initialized.
2020-07-16 00:13:22,593 - INFO - <tf.Variable 'root_right_left_left_left_left/cdia:0' shape=() dtype=float32>initialized.
2020-07-16 00:13:34,711 - INFO - <tf.Variable 'root_right_left_left_left_left/bdia:0' shape=() dtype=float32>initialized.
2020-07-16 00:13:34,716 - INFO - calculate coordinate of root_right_left_left_left_left : 101@253.
2020-07-16 00:13:38,321 - INFO - assign trainable variates for root_right_left_left_left_right_left : 102@253.
2020-07-16 00:13:50,931 - INFO - <tf.Variable 'root_right_left_left_left_right_left/wirelen:0' shape=() dtype=float32>initialized.
2020-07-16 00:14:03,296 - INFO - <tf.Variable 'root_right_left_left_left_right_left/cdia:0' shape=() dtype=float32>initialized.
2020-07-16 00:14:15,655 - INFO - <tf.Variable 'root_right_left_left_left_right_left/bdia:0' shape=() dtype=float32>initialized.
2020-07-16 00:14:15,660 - INFO - assign trainable variates for root_right_left_left_left_right_right_left : 103@253.
2020-07-16 00:14:27,994 - INFO - <tf.Variable 'root_right_left_left_left_right_right_left/wirelen:0' shape=() dtype=float32>initialized.
2020-07-16 00:14:40,510 - INFO - <tf.Variable 'root_right_left_left_left_right_right_left/cdia:0' shape=() dtype=float32>initialized.
2020-07-16 00:14:52,959 - INFO - <tf.Variable 'root_right_left_left_left_right_right_left/bdia:0' shape=() dtype=float32>initialized.
2020-07-16 00:14:52,966 - INFO - assign trainable variates for root_right_left_left_left_right_right_right : 104@253.
2020-07-16 00:15:05,279 - INFO - <tf.Variable 'root_right_left_left_left_right_right_right/cdia:0' shape=() dtype=float32>initialized.
2020-07-16 00:15:17,570 - INFO - <tf.Variable 'root_right_left_left_left_right_right_right/bdia:0' shape=() dtype=float32>initialized.
2020-07-16 00:15:17,575 - INFO - assign trainable variates for root_right_left_left_left_right_right : 105@253.
2020-07-16 00:15:29,868 - INFO - <tf.Variable 'root_right_left_left_left_right_right/cdia:0' shape=() dtype=float32>initialized.
2020-07-16 00:15:42,441 - INFO - <tf.Variable 'root_right_left_left_left_right_right/bdia:0' shape=() dtype=float32>initialized.
2020-07-16 00:15:42,446 - INFO - calculate coordinate of root_right_left_left_left_right_right : 105@253.
2020-07-16 00:15:43,826 - INFO - assign trainable variates for root_right_left_left_left_right : 106@253.
2020-07-16 00:15:56,506 - INFO - <tf.Variable 'root_right_left_left_left_right/cdia:0' shape=() dtype=float32>initialized.
2020-07-16 00:16:09,091 - INFO - <tf.Variable 'root_right_left_left_left_right/bdia:0' shape=() dtype=float32>initialized.
2020-07-16 00:16:09,096 - INFO - calculate coordinate of root_right_left_left_left_right : 106@253.
2020-07-16 00:16:10,472 - INFO - assign trainable variates for root_right_left_left_left : 107@253.
2020-07-16 00:16:23,293 - INFO - <tf.Variable 'root_right_left_left_left/wirelen:0' shape=() dtype=float32>initialized.
2020-07-16 00:16:36,135 - INFO - <tf.Variable 'root_right_left_left_left/cdia:0' shape=() dtype=float32>initialized.
2020-07-16 00:16:49,247 - INFO - <tf.Variable 'root_right_left_left_left/bdia:0' shape=() dtype=float32>initialized.
2020-07-16 00:16:49,252 - INFO - calculate coordinate of root_right_left_left_left : 107@253.
2020-07-16 00:16:50,716 - INFO - assign trainable variates for root_right_left_left_right_left : 108@253.
2020-07-16 00:17:03,830 - INFO - <tf.Variable 'root_right_left_left_right_left/wirelen:0' shape=() dtype=float32>initialized.
2020-07-16 00:17:16,934 - INFO - <tf.Variable 'root_right_left_left_right_left/cdia:0' shape=() dtype=float32>initialized.
2020-07-16 00:17:30,015 - INFO - <tf.Variable 'root_right_left_left_right_left/bdia:0' shape=() dtype=float32>initialized.
2020-07-16 00:17:30,020 - INFO - assign trainable variates for root_right_left_left_right_right : 109@253.
2020-07-16 00:17:43,174 - INFO - <tf.Variable 'root_right_left_left_right_right/cdia:0' shape=() dtype=float32>initialized.
2020-07-16 00:17:56,476 - INFO - <tf.Variable 'root_right_left_left_right_right/bdia:0' shape=() dtype=float32>initialized.
2020-07-16 00:17:56,484 - INFO - assign trainable variates for root_right_left_left_right : 110@253.
2020-07-16 00:18:09,540 - INFO - <tf.Variable 'root_right_left_left_right/cdia:0' shape=() dtype=float32>initialized.
2020-07-16 00:18:22,602 - INFO - <tf.Variable 'root_right_left_left_right/bdia:0' shape=() dtype=float32>initialized.
2020-07-16 00:18:22,607 - INFO - calculate coordinate of root_right_left_left_right : 110@253.
2020-07-16 00:18:23,988 - INFO - assign trainable variates for root_right_left_left : 111@253.
2020-07-16 00:18:37,355 - INFO - <tf.Variable 'root_right_left_left/wirelen:0' shape=() dtype=float32>initialized.
2020-07-16 00:18:50,973 - INFO - <tf.Variable 'root_right_left_left/cdia:0' shape=() dtype=float32>initialized.
2020-07-16 00:19:04,340 - INFO - <tf.Variable 'root_right_left_left/bdia:0' shape=() dtype=float32>initialized.
2020-07-16 00:19:04,348 - INFO - calculate coordinate of root_right_left_left : 111@253.
2020-07-16 00:19:05,922 - INFO - assign trainable variates for root_right_left_right_left : 112@253.
2020-07-16 00:19:19,570 - INFO - <tf.Variable 'root_right_left_right_left/wirelen:0' shape=() dtype=float32>initialized.
2020-07-16 00:19:33,218 - INFO - <tf.Variable 'root_right_left_right_left/cdia:0' shape=() dtype=float32>initialized.
2020-07-16 00:19:46,840 - INFO - <tf.Variable 'root_right_left_right_left/bdia:0' shape=() dtype=float32>initialized.
2020-07-16 00:19:46,845 - INFO - assign trainable variates for root_right_left_right_right_left : 113@253.
2020-07-16 00:20:00,711 - INFO - <tf.Variable 'root_right_left_right_right_left/wirelen:0' shape=() dtype=float32>initialized.
2020-07-16 00:20:14,314 - INFO - <tf.Variable 'root_right_left_right_right_left/cdia:0' shape=() dtype=float32>initialized.
2020-07-16 00:20:27,924 - INFO - <tf.Variable 'root_right_left_right_right_left/bdia:0' shape=() dtype=float32>initialized.
2020-07-16 00:20:27,929 - INFO - assign trainable variates for root_right_left_right_right_right : 114@253.
2020-07-16 00:20:41,487 - INFO - <tf.Variable 'root_right_left_right_right_right/cdia:0' shape=() dtype=float32>initialized.
2020-07-16 00:20:55,332 - INFO - <tf.Variable 'root_right_left_right_right_right/bdia:0' shape=() dtype=float32>initialized.
2020-07-16 00:20:55,337 - INFO - assign trainable variates for root_right_left_right_right : 115@253.
2020-07-16 00:21:08,995 - INFO - <tf.Variable 'root_right_left_right_right/cdia:0' shape=() dtype=float32>initialized.
2020-07-16 00:21:22,596 - INFO - <tf.Variable 'root_right_left_right_right/bdia:0' shape=() dtype=float32>initialized.
2020-07-16 00:21:22,601 - INFO - calculate coordinate of root_right_left_right_right : 115@253.
2020-07-16 00:21:23,976 - INFO - assign trainable variates for root_right_left_right : 116@253.
2020-07-16 00:21:37,888 - INFO - <tf.Variable 'root_right_left_right/cdia:0' shape=() dtype=float32>initialized.
2020-07-16 00:21:51,708 - INFO - <tf.Variable 'root_right_left_right/bdia:0' shape=() dtype=float32>initialized.
2020-07-16 00:21:51,713 - INFO - calculate coordinate of root_right_left_right : 116@253.
2020-07-16 00:21:53,086 - INFO - assign trainable variates for root_right_left : 117@253.
2020-07-16 00:22:07,503 - INFO - <tf.Variable 'root_right_left/wirelen:0' shape=() dtype=float32>initialized.
2020-07-16 00:22:21,646 - INFO - <tf.Variable 'root_right_left/cdia:0' shape=() dtype=float32>initialized.
2020-07-16 00:22:35,750 - INFO - <tf.Variable 'root_right_left/bdia:0' shape=() dtype=float32>initialized.
2020-07-16 00:22:35,755 - INFO - calculate coordinate of root_right_left : 117@253.
2020-07-16 00:22:37,213 - INFO - assign trainable variates for root_right_right_left_left_left_left : 118@253.
2020-07-16 00:22:51,662 - INFO - <tf.Variable 'root_right_right_left_left_left_left/wirelen:0' shape=() dtype=float32>initialized.
2020-07-16 00:23:06,413 - INFO - <tf.Variable 'root_right_right_left_left_left_left/cdia:0' shape=() dtype=float32>initialized.
2020-07-16 00:23:20,805 - INFO - <tf.Variable 'root_right_right_left_left_left_left/bdia:0' shape=() dtype=float32>initialized.
2020-07-16 00:23:20,810 - INFO - assign trainable variates for root_right_right_left_left_left_right_left : 119@253.
2020-07-16 00:23:35,224 - INFO - <tf.Variable 'root_right_right_left_left_left_right_left/wirelen:0' shape=() dtype=float32>initialized.
2020-07-16 00:23:49,568 - INFO - <tf.Variable 'root_right_right_left_left_left_right_left/cdia:0' shape=() dtype=float32>initialized.
2020-07-16 00:24:04,275 - INFO - <tf.Variable 'root_right_right_left_left_left_right_left/bdia:0' shape=() dtype=float32>initialized.
2020-07-16 00:24:04,283 - INFO - assign trainable variates for root_right_right_left_left_left_right_right : 120@253.
2020-07-16 00:24:18,678 - INFO - <tf.Variable 'root_right_right_left_left_left_right_right/cdia:0' shape=() dtype=float32>initialized.
2020-07-16 00:24:33,056 - INFO - <tf.Variable 'root_right_right_left_left_left_right_right/bdia:0' shape=() dtype=float32>initialized.
2020-07-16 00:24:33,061 - INFO - assign trainable variates for root_right_right_left_left_left_right : 121@253.
2020-07-16 00:24:47,410 - INFO - <tf.Variable 'root_right_right_left_left_left_right/cdia:0' shape=() dtype=float32>initialized.
2020-07-16 00:25:02,052 - INFO - <tf.Variable 'root_right_right_left_left_left_right/bdia:0' shape=() dtype=float32>initialized.
2020-07-16 00:25:02,057 - INFO - calculate coordinate of root_right_right_left_left_left_right : 121@253.
2020-07-16 00:25:03,439 - INFO - assign trainable variates for root_right_right_left_left_left : 122@253.
2020-07-16 00:25:18,229 - INFO - <tf.Variable 'root_right_right_left_left_left/wirelen:0' shape=() dtype=float32>initialized.
2020-07-16 00:25:32,869 - INFO - <tf.Variable 'root_right_right_left_left_left/cdia:0' shape=() dtype=float32>initialized.
2020-07-16 00:25:47,381 - INFO - <tf.Variable 'root_right_right_left_left_left/bdia:0' shape=() dtype=float32>initialized.
2020-07-16 00:25:47,386 - INFO - calculate coordinate of root_right_right_left_left_left : 122@253.
2020-07-16 00:25:48,847 - INFO - assign trainable variates for root_right_right_left_left_right_left : 123@253.
2020-07-16 00:26:04,094 - INFO - <tf.Variable 'root_right_right_left_left_right_left/wirelen:0' shape=() dtype=float32>initialized.
2020-07-16 00:26:19,090 - INFO - <tf.Variable 'root_right_right_left_left_right_left/cdia:0' shape=() dtype=float32>initialized.
2020-07-16 00:26:34,013 - INFO - <tf.Variable 'root_right_right_left_left_right_left/bdia:0' shape=() dtype=float32>initialized.
2020-07-16 00:26:34,018 - INFO - assign trainable variates for root_right_right_left_left_right_right_left : 124@253.
2020-07-16 00:26:48,909 - INFO - <tf.Variable 'root_right_right_left_left_right_right_left/wirelen:0' shape=() dtype=float32>initialized.
2020-07-16 00:27:04,032 - INFO - <tf.Variable 'root_right_right_left_left_right_right_left/cdia:0' shape=() dtype=float32>initialized.
2020-07-16 00:27:19,134 - INFO - <tf.Variable 'root_right_right_left_left_right_right_left/bdia:0' shape=() dtype=float32>initialized.
2020-07-16 00:27:19,141 - INFO - assign trainable variates for root_right_right_left_left_right_right_right_left_left : 125@253.
2020-07-16 00:27:34,016 - INFO - <tf.Variable 'root_right_right_left_left_right_right_right_left_left/wirelen:0' shape=() dtype=float32>initialized.
2020-07-16 00:27:48,918 - INFO - <tf.Variable 'root_right_right_left_left_right_right_right_left_left/cdia:0' shape=() dtype=float32>initialized.
2020-07-16 00:28:03,889 - INFO - <tf.Variable 'root_right_right_left_left_right_right_right_left_left/bdia:0' shape=() dtype=float32>initialized.
2020-07-16 00:28:03,894 - INFO - assign trainable variates for root_right_right_left_left_right_right_right_left_right_left : 126@253.
2020-07-16 00:28:19,134 - INFO - <tf.Variable 'root_right_right_left_left_right_right_right_left_right_left/wirelen:0' shape=() dtype=float32>initialized.
2020-07-16 00:28:34,048 - INFO - <tf.Variable 'root_right_right_left_left_right_right_right_left_right_left/cdia:0' shape=() dtype=float32>initialized.
2020-07-16 00:28:48,958 - INFO - <tf.Variable 'root_right_right_left_left_right_right_right_left_right_left/bdia:0' shape=() dtype=float32>initialized.
2020-07-16 00:28:48,963 - INFO - assign trainable variates for root_right_right_left_left_right_right_right_left_right_right : 127@253.
2020-07-16 00:29:03,896 - INFO - <tf.Variable 'root_right_right_left_left_right_right_right_left_right_right/cdia:0' shape=() dtype=float32>initialized.
2020-07-16 00:29:19,194 - INFO - <tf.Variable 'root_right_right_left_left_right_right_right_left_right_right/bdia:0' shape=() dtype=float32>initialized.
2020-07-16 00:29:19,201 - INFO - assign trainable variates for root_right_right_left_left_right_right_right_left_right : 128@253.
2020-07-16 00:29:34,154 - INFO - <tf.Variable 'root_right_right_left_left_right_right_right_left_right/cdia:0' shape=() dtype=float32>initialized.
2020-07-16 00:29:49,103 - INFO - <tf.Variable 'root_right_right_left_left_right_right_right_left_right/bdia:0' shape=() dtype=float32>initialized.
2020-07-16 00:29:49,108 - INFO - calculate coordinate of root_right_right_left_left_right_right_right_left_right : 128@253.
2020-07-16 00:29:50,489 - INFO - assign trainable variates for root_right_right_left_left_right_right_right_left : 129@253.
2020-07-16 00:30:05,787 - INFO - <tf.Variable 'root_right_right_left_left_right_right_right_left/wirelen:0' shape=() dtype=float32>initialized.
2020-07-16 00:30:21,305 - INFO - <tf.Variable 'root_right_right_left_left_right_right_right_left/cdia:0' shape=() dtype=float32>initialized.
2020-07-16 00:30:36,424 - INFO - <tf.Variable 'root_right_right_left_left_right_right_right_left/bdia:0' shape=() dtype=float32>initialized.
2020-07-16 00:30:36,429 - INFO - calculate coordinate of root_right_right_left_left_right_right_right_left : 129@253.
2020-07-16 00:30:37,892 - INFO - assign trainable variates for root_right_right_left_left_right_right_right_right_left : 130@253.
2020-07-16 00:30:53,347 - INFO - <tf.Variable 'root_right_right_left_left_right_right_right_right_left/wirelen:0' shape=() dtype=float32>initialized.
2020-07-16 00:31:09,008 - INFO - <tf.Variable 'root_right_right_left_left_right_right_right_right_left/cdia:0' shape=() dtype=float32>initialized.
2020-07-16 00:31:24,667 - INFO - <tf.Variable 'root_right_right_left_left_right_right_right_right_left/bdia:0' shape=() dtype=float32>initialized.
2020-07-16 00:31:24,674 - INFO - assign trainable variates for root_right_right_left_left_right_right_right_right_right_left : 131@253.
2020-07-16 00:31:40,133 - INFO - <tf.Variable 'root_right_right_left_left_right_right_right_right_right_left/wirelen:0' shape=() dtype=float32>initialized.
2020-07-16 00:31:55,604 - INFO - <tf.Variable 'root_right_right_left_left_right_right_right_right_right_left/cdia:0' shape=() dtype=float32>initialized.
2020-07-16 00:32:11,241 - INFO - <tf.Variable 'root_right_right_left_left_right_right_right_right_right_left/bdia:0' shape=() dtype=float32>initialized.
2020-07-16 00:32:11,246 - INFO - assign trainable variates for root_right_right_left_left_right_right_right_right_right_right_left : 132@253.
2020-07-16 00:32:26,868 - INFO - <tf.Variable 'root_right_right_left_left_right_right_right_right_right_right_left/wirelen:0' shape=() dtype=float32>initialized.
2020-07-16 00:32:42,328 - INFO - <tf.Variable 'root_right_right_left_left_right_right_right_right_right_right_left/cdia:0' shape=() dtype=float32>initialized.
2020-07-16 00:32:57,771 - INFO - <tf.Variable 'root_right_right_left_left_right_right_right_right_right_right_left/bdia:0' shape=() dtype=float32>initialized.
2020-07-16 00:32:57,776 - INFO - assign trainable variates for root_right_right_left_left_right_right_right_right_right_right_right_left : 133@253.
2020-07-16 00:33:13,486 - INFO - <tf.Variable 'root_right_right_left_left_right_right_right_right_right_right_right_left/wirelen:0' shape=() dtype=float32>initialized.
2020-07-16 00:33:29,034 - INFO - <tf.Variable 'root_right_right_left_left_right_right_right_right_right_right_right_left/cdia:0' shape=() dtype=float32>initialized.
2020-07-16 00:33:44,523 - INFO - <tf.Variable 'root_right_right_left_left_right_right_right_right_right_right_right_left/bdia:0' shape=() dtype=float32>initialized.
2020-07-16 00:33:44,528 - INFO - assign trainable variates for root_right_right_left_left_right_right_right_right_right_right_right_right : 134@253.
2020-07-16 00:33:59,993 - INFO - <tf.Variable 'root_right_right_left_left_right_right_right_right_right_right_right_right/cdia:0' shape=() dtype=float32>initialized.
2020-07-16 00:34:15,760 - INFO - <tf.Variable 'root_right_right_left_left_right_right_right_right_right_right_right_right/bdia:0' shape=() dtype=float32>initialized.
2020-07-16 00:34:15,765 - INFO - assign trainable variates for root_right_right_left_left_right_right_right_right_right_right_right : 135@253.
2020-07-16 00:34:31,371 - INFO - <tf.Variable 'root_right_right_left_left_right_right_right_right_right_right_right/cdia:0' shape=() dtype=float32>initialized.
2020-07-16 00:34:46,874 - INFO - <tf.Variable 'root_right_right_left_left_right_right_right_right_right_right_right/bdia:0' shape=() dtype=float32>initialized.
2020-07-16 00:34:46,879 - INFO - calculate coordinate of root_right_right_left_left_right_right_right_right_right_right_right : 135@253.
2020-07-16 00:34:50,923 - INFO - assign trainable variates for root_right_right_left_left_right_right_right_right_right_right : 136@253.
2020-07-16 00:35:06,744 - INFO - <tf.Variable 'root_right_right_left_left_right_right_right_right_right_right/cdia:0' shape=() dtype=float32>initialized.
2020-07-16 00:35:22,899 - INFO - <tf.Variable 'root_right_right_left_left_right_right_right_right_right_right/bdia:0' shape=() dtype=float32>initialized.
2020-07-16 00:35:22,907 - INFO - calculate coordinate of root_right_right_left_left_right_right_right_right_right_right : 136@253.
2020-07-16 00:35:24,288 - INFO - assign trainable variates for root_right_right_left_left_right_right_right_right_right : 137@253.
2020-07-16 00:35:40,272 - INFO - <tf.Variable 'root_right_right_left_left_right_right_right_right_right/cdia:0' shape=() dtype=float32>initialized.
2020-07-16 00:35:56,281 - INFO - <tf.Variable 'root_right_right_left_left_right_right_right_right_right/bdia:0' shape=() dtype=float32>initialized.
2020-07-16 00:35:56,285 - INFO - calculate coordinate of root_right_right_left_left_right_right_right_right_right : 137@253.
2020-07-16 00:35:57,663 - INFO - assign trainable variates for root_right_right_left_left_right_right_right_right : 138@253.
2020-07-16 00:36:13,994 - INFO - <tf.Variable 'root_right_right_left_left_right_right_right_right/cdia:0' shape=() dtype=float32>initialized.
2020-07-16 00:36:30,644 - INFO - <tf.Variable 'root_right_right_left_left_right_right_right_right/bdia:0' shape=() dtype=float32>initialized.
2020-07-16 00:36:30,652 - INFO - calculate coordinate of root_right_right_left_left_right_right_right_right : 138@253.
2020-07-16 00:36:32,032 - INFO - assign trainable variates for root_right_right_left_left_right_right_right : 139@253.
2020-07-16 00:36:48,645 - INFO - <tf.Variable 'root_right_right_left_left_right_right_right/cdia:0' shape=() dtype=float32>initialized.
2020-07-16 00:37:05,136 - INFO - <tf.Variable 'root_right_right_left_left_right_right_right/bdia:0' shape=() dtype=float32>initialized.
2020-07-16 00:37:05,141 - INFO - calculate coordinate of root_right_right_left_left_right_right_right : 139@253.
2020-07-16 00:37:06,517 - INFO - assign trainable variates for root_right_right_left_left_right_right : 140@253.
2020-07-16 00:37:23,717 - INFO - <tf.Variable 'root_right_right_left_left_right_right/cdia:0' shape=() dtype=float32>initialized.
2020-07-16 00:37:40,542 - INFO - <tf.Variable 'root_right_right_left_left_right_right/bdia:0' shape=() dtype=float32>initialized.
2020-07-16 00:37:40,547 - INFO - calculate coordinate of root_right_right_left_left_right_right : 140@253.
2020-07-16 00:37:41,925 - INFO - assign trainable variates for root_right_right_left_left_right : 141@253.
2020-07-16 00:37:59,021 - INFO - <tf.Variable 'root_right_right_left_left_right/cdia:0' shape=() dtype=float32>initialized.
2020-07-16 00:38:16,097 - INFO - <tf.Variable 'root_right_right_left_left_right/bdia:0' shape=() dtype=float32>initialized.
2020-07-16 00:38:16,102 - INFO - calculate coordinate of root_right_right_left_left_right : 141@253.
2020-07-16 00:38:17,481 - INFO - assign trainable variates for root_right_right_left_left : 142@253.
2020-07-16 00:38:35,193 - INFO - <tf.Variable 'root_right_right_left_left/wirelen:0' shape=() dtype=float32>initialized.
2020-07-16 00:38:52,495 - INFO - <tf.Variable 'root_right_right_left_left/cdia:0' shape=() dtype=float32>initialized.
2020-07-16 00:39:09,760 - INFO - <tf.Variable 'root_right_right_left_left/bdia:0' shape=() dtype=float32>initialized.
2020-07-16 00:39:09,764 - INFO - calculate coordinate of root_right_right_left_left : 142@253.
2020-07-16 00:39:11,227 - INFO - assign trainable variates for root_right_right_left_right_left_left : 143@253.
2020-07-16 00:39:29,240 - INFO - <tf.Variable 'root_right_right_left_right_left_left/wirelen:0' shape=() dtype=float32>initialized.
2020-07-16 00:39:46,857 - INFO - <tf.Variable 'root_right_right_left_right_left_left/cdia:0' shape=() dtype=float32>initialized.
2020-07-16 00:40:04,407 - INFO - <tf.Variable 'root_right_right_left_right_left_left/bdia:0' shape=() dtype=float32>initialized.
2020-07-16 00:40:04,412 - INFO - assign trainable variates for root_right_right_left_right_left_right : 144@253.
2020-07-16 00:40:22,065 - INFO - <tf.Variable 'root_right_right_left_right_left_right/cdia:0' shape=() dtype=float32>initialized.
2020-07-16 00:40:39,955 - INFO - <tf.Variable 'root_right_right_left_right_left_right/bdia:0' shape=() dtype=float32>initialized.
2020-07-16 00:40:39,963 - INFO - assign trainable variates for root_right_right_left_right_left : 145@253.
2020-07-16 00:40:57,465 - INFO - <tf.Variable 'root_right_right_left_right_left/wirelen:0' shape=() dtype=float32>initialized.
2020-07-16 00:41:14,969 - INFO - <tf.Variable 'root_right_right_left_right_left/cdia:0' shape=() dtype=float32>initialized.
2020-07-16 00:41:32,880 - INFO - <tf.Variable 'root_right_right_left_right_left/bdia:0' shape=() dtype=float32>initialized.
2020-07-16 00:41:32,887 - INFO - calculate coordinate of root_right_right_left_right_left : 145@253.
2020-07-16 00:41:34,357 - INFO - assign trainable variates for root_right_right_left_right_right_left : 146@253.
2020-07-16 00:41:52,249 - INFO - <tf.Variable 'root_right_right_left_right_right_left/wirelen:0' shape=() dtype=float32>initialized.
2020-07-16 00:42:10,078 - INFO - <tf.Variable 'root_right_right_left_right_right_left/cdia:0' shape=() dtype=float32>initialized.
2020-07-16 00:42:28,172 - INFO - <tf.Variable 'root_right_right_left_right_right_left/bdia:0' shape=() dtype=float32>initialized.
2020-07-16 00:42:28,177 - INFO - assign trainable variates for root_right_right_left_right_right_right : 147@253.
2020-07-16 00:42:46,113 - INFO - <tf.Variable 'root_right_right_left_right_right_right/cdia:0' shape=() dtype=float32>initialized.
2020-07-16 00:43:03,943 - INFO - <tf.Variable 'root_right_right_left_right_right_right/bdia:0' shape=() dtype=float32>initialized.
2020-07-16 00:43:03,948 - INFO - assign trainable variates for root_right_right_left_right_right : 148@253.
2020-07-16 00:43:21,761 - INFO - <tf.Variable 'root_right_right_left_right_right/cdia:0' shape=() dtype=float32>initialized.
2020-07-16 00:43:39,949 - INFO - <tf.Variable 'root_right_right_left_right_right/bdia:0' shape=() dtype=float32>initialized.
2020-07-16 00:43:39,957 - INFO - calculate coordinate of root_right_right_left_right_right : 148@253.
2020-07-16 00:43:41,341 - INFO - assign trainable variates for root_right_right_left_right : 149@253.
2020-07-16 00:43:59,432 - INFO - <tf.Variable 'root_right_right_left_right/cdia:0' shape=() dtype=float32>initialized.
2020-07-16 00:44:17,473 - INFO - <tf.Variable 'root_right_right_left_right/bdia:0' shape=() dtype=float32>initialized.
2020-07-16 00:44:17,478 - INFO - calculate coordinate of root_right_right_left_right : 149@253.
2020-07-16 00:44:18,856 - INFO - assign trainable variates for root_right_right_left : 150@253.
2020-07-16 00:44:37,580 - INFO - <tf.Variable 'root_right_right_left/wirelen:0' shape=() dtype=float32>initialized.
2020-07-16 00:44:55,911 - INFO - <tf.Variable 'root_right_right_left/cdia:0' shape=() dtype=float32>initialized.
2020-07-16 00:45:14,192 - INFO - <tf.Variable 'root_right_right_left/bdia:0' shape=() dtype=float32>initialized.
2020-07-16 00:45:14,197 - INFO - calculate coordinate of root_right_right_left : 150@253.
2020-07-16 00:45:15,662 - INFO - assign trainable variates for root_right_right_right_left_left_left_left : 151@253.
2020-07-16 00:45:34,707 - INFO - <tf.Variable 'root_right_right_right_left_left_left_left/wirelen:0' shape=() dtype=float32>initialized.
2020-07-16 00:45:53,472 - INFO - <tf.Variable 'root_right_right_right_left_left_left_left/cdia:0' shape=() dtype=float32>initialized.
2020-07-16 00:46:12,101 - INFO - <tf.Variable 'root_right_right_right_left_left_left_left/bdia:0' shape=() dtype=float32>initialized.
2020-07-16 00:46:12,106 - INFO - assign trainable variates for root_right_right_right_left_left_left_right : 152@253.
2020-07-16 00:46:30,794 - INFO - <tf.Variable 'root_right_right_right_left_left_left_right/cdia:0' shape=() dtype=float32>initialized.
2020-07-16 00:46:49,825 - INFO - <tf.Variable 'root_right_right_right_left_left_left_right/bdia:0' shape=() dtype=float32>initialized.
2020-07-16 00:46:49,833 - INFO - assign trainable variates for root_right_right_right_left_left_left : 153@253.
2020-07-16 00:47:08,447 - INFO - <tf.Variable 'root_right_right_right_left_left_left/wirelen:0' shape=() dtype=float32>initialized.
2020-07-16 00:47:27,025 - INFO - <tf.Variable 'root_right_right_right_left_left_left/cdia:0' shape=() dtype=float32>initialized.
2020-07-16 00:47:46,014 - INFO - <tf.Variable 'root_right_right_right_left_left_left/bdia:0' shape=() dtype=float32>initialized.
2020-07-16 00:47:46,022 - INFO - calculate coordinate of root_right_right_right_left_left_left : 153@253.
2020-07-16 00:47:47,491 - INFO - assign trainable variates for root_right_right_right_left_left_right_left_left : 154@253.
2020-07-16 00:48:06,460 - INFO - <tf.Variable 'root_right_right_right_left_left_right_left_left/wirelen:0' shape=() dtype=float32>initialized.
2020-07-16 00:48:25,328 - INFO - <tf.Variable 'root_right_right_right_left_left_right_left_left/cdia:0' shape=() dtype=float32>initialized.
2020-07-16 00:48:44,613 - INFO - <tf.Variable 'root_right_right_right_left_left_right_left_left/bdia:0' shape=() dtype=float32>initialized.
2020-07-16 00:48:44,621 - INFO - assign trainable variates for root_right_right_right_left_left_right_left_right_left : 155@253.
2020-07-16 00:49:03,547 - INFO - <tf.Variable 'root_right_right_right_left_left_right_left_right_left/wirelen:0' shape=() dtype=float32>initialized.
2020-07-16 00:49:22,394 - INFO - <tf.Variable 'root_right_right_right_left_left_right_left_right_left/cdia:0' shape=() dtype=float32>initialized.
2020-07-16 00:49:41,672 - INFO - <tf.Variable 'root_right_right_right_left_left_right_left_right_left/bdia:0' shape=() dtype=float32>initialized.
2020-07-16 00:49:41,679 - INFO - assign trainable variates for root_right_right_right_left_left_right_left_right_right : 156@253.
2020-07-16 00:50:00,696 - INFO - <tf.Variable 'root_right_right_right_left_left_right_left_right_right/cdia:0' shape=() dtype=float32>initialized.
2020-07-16 00:50:19,570 - INFO - <tf.Variable 'root_right_right_right_left_left_right_left_right_right/bdia:0' shape=() dtype=float32>initialized.
2020-07-16 00:50:19,575 - INFO - assign trainable variates for root_right_right_right_left_left_right_left_right : 157@253.
2020-07-16 00:50:38,663 - INFO - <tf.Variable 'root_right_right_right_left_left_right_left_right/cdia:0' shape=() dtype=float32>initialized.
2020-07-16 00:50:57,897 - INFO - <tf.Variable 'root_right_right_right_left_left_right_left_right/bdia:0' shape=() dtype=float32>initialized.
2020-07-16 00:50:57,905 - INFO - calculate coordinate of root_right_right_right_left_left_right_left_right : 157@253.
2020-07-16 00:50:59,291 - INFO - assign trainable variates for root_right_right_right_left_left_right_left : 158@253.
2020-07-16 00:51:18,529 - INFO - <tf.Variable 'root_right_right_right_left_left_right_left/wirelen:0' shape=() dtype=float32>initialized.
2020-07-16 00:51:37,818 - INFO - <tf.Variable 'root_right_right_right_left_left_right_left/cdia:0' shape=() dtype=float32>initialized.
2020-07-16 00:51:57,426 - INFO - <tf.Variable 'root_right_right_right_left_left_right_left/bdia:0' shape=() dtype=float32>initialized.
2020-07-16 00:51:57,434 - INFO - calculate coordinate of root_right_right_right_left_left_right_left : 158@253.
2020-07-16 00:51:58,904 - INFO - assign trainable variates for root_right_right_right_left_left_right_right_left : 159@253.
2020-07-16 00:52:18,328 - INFO - <tf.Variable 'root_right_right_right_left_left_right_right_left/wirelen:0' shape=() dtype=float32>initialized.
