2020-07-15 10:41:55,463 - INFO - optimizing...
2020-07-15 10:41:55,463 - INFO - reading benchmark...
2020-07-15 10:41:55,467 - INFO - benchmark read.
2020-07-15 10:41:55,467 - INFO - parsing topology...
2020-07-15 10:41:59,733 - INFO - topology parsed.
2020-07-15 10:41:59,739 - INFO - drawing...
2020-07-15 10:42:15,790 - INFO - waiting next figure...
2020-07-15 10:42:16,851 - INFO - network loading...
2020-07-15 10:42:16,852 - INFO - assign trainable variates for root_left_left_left : 0@253.
2020-07-15 10:42:17,057 - WARNING - From /home/wangzekun/miniconda3/lib/python3.7/site-packages/tensorflow/python/ops/resource_variable_ops.py:1666: calling BaseResourceVariable.__init__ (from tensorflow.python.ops.resource_variable_ops) with constraint is deprecated and will be removed in a future version.
Instructions for updating:
If using Keras pass *_constraint arguments to layers.
2020-07-15 10:42:17,748 - INFO - <tf.Variable 'root_left_left_left/wirelen:0' shape=() dtype=float32>initialized.
2020-07-15 10:42:17,772 - INFO - <tf.Variable 'root_left_left_left/cdia:0' shape=() dtype=float32>initialized.
2020-07-15 10:42:17,796 - INFO - <tf.Variable 'root_left_left_left/bdia:0' shape=() dtype=float32>initialized.
2020-07-15 10:42:17,800 - INFO - assign trainable variates for root_left_left_right_left_left : 1@253.
2020-07-15 10:42:17,820 - INFO - <tf.Variable 'root_left_left_right_left_left/wirelen:0' shape=() dtype=float32>initialized.
2020-07-15 10:42:17,840 - INFO - <tf.Variable 'root_left_left_right_left_left/cdia:0' shape=() dtype=float32>initialized.
2020-07-15 10:42:17,864 - INFO - <tf.Variable 'root_left_left_right_left_left/bdia:0' shape=() dtype=float32>initialized.
2020-07-15 10:42:17,868 - INFO - assign trainable variates for root_left_left_right_left_right : 2@253.
2020-07-15 10:42:17,889 - INFO - <tf.Variable 'root_left_left_right_left_right/cdia:0' shape=() dtype=float32>initialized.
2020-07-15 10:42:17,915 - INFO - <tf.Variable 'root_left_left_right_left_right/bdia:0' shape=() dtype=float32>initialized.
2020-07-15 10:42:17,919 - INFO - assign trainable variates for root_left_left_right_left : 3@253.
2020-07-15 10:42:17,947 - INFO - <tf.Variable 'root_left_left_right_left/wirelen:0' shape=() dtype=float32>initialized.
2020-07-15 10:42:17,969 - INFO - <tf.Variable 'root_left_left_right_left/cdia:0' shape=() dtype=float32>initialized.
2020-07-15 10:42:17,996 - INFO - <tf.Variable 'root_left_left_right_left/bdia:0' shape=() dtype=float32>initialized.
2020-07-15 10:42:17,999 - INFO - calculate coordinate of root_left_left_right_left : 3@253.
2020-07-15 10:42:19,430 - INFO - assign trainable variates for root_left_left_right_right_left : 4@253.
2020-07-15 10:42:19,631 - INFO - <tf.Variable 'root_left_left_right_right_left/wirelen:0' shape=() dtype=float32>initialized.
2020-07-15 10:42:19,831 - INFO - <tf.Variable 'root_left_left_right_right_left/cdia:0' shape=() dtype=float32>initialized.
2020-07-15 10:42:20,033 - INFO - <tf.Variable 'root_left_left_right_right_left/bdia:0' shape=() dtype=float32>initialized.
2020-07-15 10:42:20,038 - INFO - assign trainable variates for root_left_left_right_right_right_left_left : 5@253.
2020-07-15 10:42:20,239 - INFO - <tf.Variable 'root_left_left_right_right_right_left_left/wirelen:0' shape=() dtype=float32>initialized.
2020-07-15 10:42:20,438 - INFO - <tf.Variable 'root_left_left_right_right_right_left_left/cdia:0' shape=() dtype=float32>initialized.
2020-07-15 10:42:20,643 - INFO - <tf.Variable 'root_left_left_right_right_right_left_left/bdia:0' shape=() dtype=float32>initialized.
2020-07-15 10:42:20,647 - INFO - assign trainable variates for root_left_left_right_right_right_left_right_left : 6@253.
2020-07-15 10:42:20,850 - INFO - <tf.Variable 'root_left_left_right_right_right_left_right_left/wirelen:0' shape=() dtype=float32>initialized.
2020-07-15 10:42:21,053 - INFO - <tf.Variable 'root_left_left_right_right_right_left_right_left/cdia:0' shape=() dtype=float32>initialized.
2020-07-15 10:42:21,260 - INFO - <tf.Variable 'root_left_left_right_right_right_left_right_left/bdia:0' shape=() dtype=float32>initialized.
2020-07-15 10:42:21,264 - INFO - assign trainable variates for root_left_left_right_right_right_left_right_right : 7@253.
2020-07-15 10:42:21,468 - INFO - <tf.Variable 'root_left_left_right_right_right_left_right_right/cdia:0' shape=() dtype=float32>initialized.
2020-07-15 10:42:21,676 - INFO - <tf.Variable 'root_left_left_right_right_right_left_right_right/bdia:0' shape=() dtype=float32>initialized.
2020-07-15 10:42:21,681 - INFO - assign trainable variates for root_left_left_right_right_right_left_right : 8@253.
2020-07-15 10:42:21,890 - INFO - <tf.Variable 'root_left_left_right_right_right_left_right/cdia:0' shape=() dtype=float32>initialized.
2020-07-15 10:42:22,120 - INFO - <tf.Variable 'root_left_left_right_right_right_left_right/bdia:0' shape=() dtype=float32>initialized.
2020-07-15 10:42:22,125 - INFO - calculate coordinate of root_left_left_right_right_right_left_right : 8@253.
2020-07-15 10:42:23,600 - INFO - assign trainable variates for root_left_left_right_right_right_left : 9@253.
2020-07-15 10:42:24,013 - INFO - <tf.Variable 'root_left_left_right_right_right_left/wirelen:0' shape=() dtype=float32>initialized.
2020-07-15 10:42:24,412 - INFO - <tf.Variable 'root_left_left_right_right_right_left/cdia:0' shape=() dtype=float32>initialized.
2020-07-15 10:42:24,813 - INFO - <tf.Variable 'root_left_left_right_right_right_left/bdia:0' shape=() dtype=float32>initialized.
2020-07-15 10:42:24,818 - INFO - calculate coordinate of root_left_left_right_right_right_left : 9@253.
2020-07-15 10:42:26,404 - INFO - assign trainable variates for root_left_left_right_right_right_right_left : 10@253.
2020-07-15 10:42:27,022 - INFO - <tf.Variable 'root_left_left_right_right_right_right_left/wirelen:0' shape=() dtype=float32>initialized.
2020-07-15 10:42:27,637 - INFO - <tf.Variable 'root_left_left_right_right_right_right_left/cdia:0' shape=() dtype=float32>initialized.
2020-07-15 10:42:28,255 - INFO - <tf.Variable 'root_left_left_right_right_right_right_left/bdia:0' shape=() dtype=float32>initialized.
2020-07-15 10:42:28,260 - INFO - assign trainable variates for root_left_left_right_right_right_right_right_left : 11@253.
2020-07-15 10:42:28,873 - INFO - <tf.Variable 'root_left_left_right_right_right_right_right_left/wirelen:0' shape=() dtype=float32>initialized.
2020-07-15 10:42:29,484 - INFO - <tf.Variable 'root_left_left_right_right_right_right_right_left/cdia:0' shape=() dtype=float32>initialized.
2020-07-15 10:42:30,099 - INFO - <tf.Variable 'root_left_left_right_right_right_right_right_left/bdia:0' shape=() dtype=float32>initialized.
2020-07-15 10:42:30,104 - INFO - assign trainable variates for root_left_left_right_right_right_right_right_right : 12@253.
2020-07-15 10:42:30,716 - INFO - <tf.Variable 'root_left_left_right_right_right_right_right_right/cdia:0' shape=() dtype=float32>initialized.
2020-07-15 10:42:31,335 - INFO - <tf.Variable 'root_left_left_right_right_right_right_right_right/bdia:0' shape=() dtype=float32>initialized.
2020-07-15 10:42:31,340 - INFO - assign trainable variates for root_left_left_right_right_right_right_right : 13@253.
2020-07-15 10:42:31,962 - INFO - <tf.Variable 'root_left_left_right_right_right_right_right/cdia:0' shape=() dtype=float32>initialized.
2020-07-15 10:42:32,585 - INFO - <tf.Variable 'root_left_left_right_right_right_right_right/bdia:0' shape=() dtype=float32>initialized.
2020-07-15 10:42:32,590 - INFO - calculate coordinate of root_left_left_right_right_right_right_right : 13@253.
2020-07-15 10:42:34,156 - INFO - assign trainable variates for root_left_left_right_right_right_right : 14@253.
2020-07-15 10:42:34,999 - INFO - <tf.Variable 'root_left_left_right_right_right_right/cdia:0' shape=() dtype=float32>initialized.
2020-07-15 10:42:35,837 - INFO - <tf.Variable 'root_left_left_right_right_right_right/bdia:0' shape=() dtype=float32>initialized.
2020-07-15 10:42:35,842 - INFO - calculate coordinate of root_left_left_right_right_right_right : 14@253.
2020-07-15 10:42:37,163 - INFO - assign trainable variates for root_left_left_right_right_right : 15@253.
2020-07-15 10:42:38,236 - INFO - <tf.Variable 'root_left_left_right_right_right/cdia:0' shape=() dtype=float32>initialized.
2020-07-15 10:42:39,308 - INFO - <tf.Variable 'root_left_left_right_right_right/bdia:0' shape=() dtype=float32>initialized.
2020-07-15 10:42:39,312 - INFO - calculate coordinate of root_left_left_right_right_right : 15@253.
2020-07-15 10:42:40,954 - INFO - assign trainable variates for root_left_left_right_right : 16@253.
2020-07-15 10:42:42,253 - INFO - <tf.Variable 'root_left_left_right_right/cdia:0' shape=() dtype=float32>initialized.
2020-07-15 10:42:43,547 - INFO - <tf.Variable 'root_left_left_right_right/bdia:0' shape=() dtype=float32>initialized.
2020-07-15 10:42:43,552 - INFO - calculate coordinate of root_left_left_right_right : 16@253.
2020-07-15 10:42:44,876 - INFO - assign trainable variates for root_left_left_right : 17@253.
2020-07-15 10:42:46,404 - INFO - <tf.Variable 'root_left_left_right/cdia:0' shape=() dtype=float32>initialized.
2020-07-15 10:42:47,933 - INFO - <tf.Variable 'root_left_left_right/bdia:0' shape=() dtype=float32>initialized.
2020-07-15 10:42:47,938 - INFO - calculate coordinate of root_left_left_right : 17@253.
2020-07-15 10:42:49,258 - INFO - assign trainable variates for root_left_left : 18@253.
2020-07-15 10:42:51,020 - INFO - <tf.Variable 'root_left_left/wirelen:0' shape=() dtype=float32>initialized.
2020-07-15 10:42:52,775 - INFO - <tf.Variable 'root_left_left/cdia:0' shape=() dtype=float32>initialized.
2020-07-15 10:42:54,556 - INFO - <tf.Variable 'root_left_left/bdia:0' shape=() dtype=float32>initialized.
2020-07-15 10:42:54,561 - INFO - calculate coordinate of root_left_left : 18@253.
2020-07-15 10:42:56,362 - INFO - assign trainable variates for root_left_right_left_left_left_left : 19@253.
2020-07-15 10:42:58,370 - INFO - <tf.Variable 'root_left_right_left_left_left_left/wirelen:0' shape=() dtype=float32>initialized.
2020-07-15 10:43:00,369 - INFO - <tf.Variable 'root_left_right_left_left_left_left/cdia:0' shape=() dtype=float32>initialized.
2020-07-15 10:43:02,365 - INFO - <tf.Variable 'root_left_right_left_left_left_left/bdia:0' shape=() dtype=float32>initialized.
2020-07-15 10:43:02,370 - INFO - assign trainable variates for root_left_right_left_left_left_right : 20@253.
2020-07-15 10:43:04,416 - INFO - <tf.Variable 'root_left_right_left_left_left_right/cdia:0' shape=() dtype=float32>initialized.
2020-07-15 10:43:06,434 - INFO - <tf.Variable 'root_left_right_left_left_left_right/bdia:0' shape=() dtype=float32>initialized.
2020-07-15 10:43:06,439 - INFO - assign trainable variates for root_left_right_left_left_left : 21@253.
2020-07-15 10:43:08,446 - INFO - <tf.Variable 'root_left_right_left_left_left/wirelen:0' shape=() dtype=float32>initialized.
2020-07-15 10:43:10,442 - INFO - <tf.Variable 'root_left_right_left_left_left/cdia:0' shape=() dtype=float32>initialized.
2020-07-15 10:43:12,449 - INFO - <tf.Variable 'root_left_right_left_left_left/bdia:0' shape=() dtype=float32>initialized.
2020-07-15 10:43:12,453 - INFO - calculate coordinate of root_left_right_left_left_left : 21@253.
2020-07-15 10:43:13,882 - INFO - assign trainable variates for root_left_right_left_left_right_left : 22@253.
2020-07-15 10:43:16,190 - INFO - <tf.Variable 'root_left_right_left_left_right_left/wirelen:0' shape=() dtype=float32>initialized.
2020-07-15 10:43:18,434 - INFO - <tf.Variable 'root_left_right_left_left_right_left/cdia:0' shape=() dtype=float32>initialized.
2020-07-15 10:43:20,687 - INFO - <tf.Variable 'root_left_right_left_left_right_left/bdia:0' shape=() dtype=float32>initialized.
2020-07-15 10:43:20,691 - INFO - assign trainable variates for root_left_right_left_left_right_right : 23@253.
2020-07-15 10:43:22,935 - INFO - <tf.Variable 'root_left_right_left_left_right_right/cdia:0' shape=() dtype=float32>initialized.
2020-07-15 10:43:25,205 - INFO - <tf.Variable 'root_left_right_left_left_right_right/bdia:0' shape=() dtype=float32>initialized.
2020-07-15 10:43:25,209 - INFO - assign trainable variates for root_left_right_left_left_right : 24@253.
2020-07-15 10:43:27,463 - INFO - <tf.Variable 'root_left_right_left_left_right/cdia:0' shape=() dtype=float32>initialized.
2020-07-15 10:43:29,717 - INFO - <tf.Variable 'root_left_right_left_left_right/bdia:0' shape=() dtype=float32>initialized.
2020-07-15 10:43:29,721 - INFO - calculate coordinate of root_left_right_left_left_right : 24@253.
2020-07-15 10:43:31,559 - INFO - assign trainable variates for root_left_right_left_left : 25@253.
2020-07-15 10:43:34,043 - INFO - <tf.Variable 'root_left_right_left_left/wirelen:0' shape=() dtype=float32>initialized.
2020-07-15 10:43:36,540 - INFO - <tf.Variable 'root_left_right_left_left/cdia:0' shape=() dtype=float32>initialized.
2020-07-15 10:43:39,026 - INFO - <tf.Variable 'root_left_right_left_left/bdia:0' shape=() dtype=float32>initialized.
2020-07-15 10:43:39,030 - INFO - calculate coordinate of root_left_right_left_left : 25@253.
2020-07-15 10:43:40,439 - INFO - assign trainable variates for root_left_right_left_right_left : 26@253.
2020-07-15 10:43:43,192 - INFO - <tf.Variable 'root_left_right_left_right_left/wirelen:0' shape=() dtype=float32>initialized.
2020-07-15 10:43:45,925 - INFO - <tf.Variable 'root_left_right_left_right_left/cdia:0' shape=() dtype=float32>initialized.
2020-07-15 10:43:48,688 - INFO - <tf.Variable 'root_left_right_left_right_left/bdia:0' shape=() dtype=float32>initialized.
2020-07-15 10:43:48,693 - INFO - assign trainable variates for root_left_right_left_right_right_left : 27@253.
2020-07-15 10:43:51,437 - INFO - <tf.Variable 'root_left_right_left_right_right_left/wirelen:0' shape=() dtype=float32>initialized.
2020-07-15 10:43:54,175 - INFO - <tf.Variable 'root_left_right_left_right_right_left/cdia:0' shape=() dtype=float32>initialized.
2020-07-15 10:43:56,988 - INFO - <tf.Variable 'root_left_right_left_right_right_left/bdia:0' shape=() dtype=float32>initialized.
2020-07-15 10:43:56,993 - INFO - assign trainable variates for root_left_right_left_right_right_right : 28@253.
2020-07-15 10:43:59,775 - INFO - <tf.Variable 'root_left_right_left_right_right_right/cdia:0' shape=() dtype=float32>initialized.
2020-07-15 10:44:02,573 - INFO - <tf.Variable 'root_left_right_left_right_right_right/bdia:0' shape=() dtype=float32>initialized.
2020-07-15 10:44:02,579 - INFO - assign trainable variates for root_left_right_left_right_right : 29@253.
2020-07-15 10:44:05,430 - INFO - <tf.Variable 'root_left_right_left_right_right/cdia:0' shape=() dtype=float32>initialized.
2020-07-15 10:44:08,229 - INFO - <tf.Variable 'root_left_right_left_right_right/bdia:0' shape=() dtype=float32>initialized.
2020-07-15 10:44:08,234 - INFO - calculate coordinate of root_left_right_left_right_right : 29@253.
2020-07-15 10:44:09,608 - INFO - assign trainable variates for root_left_right_left_right : 30@253.
2020-07-15 10:44:12,720 - INFO - <tf.Variable 'root_left_right_left_right/cdia:0' shape=() dtype=float32>initialized.
2020-07-15 10:44:15,751 - INFO - <tf.Variable 'root_left_right_left_right/bdia:0' shape=() dtype=float32>initialized.
2020-07-15 10:44:15,756 - INFO - calculate coordinate of root_left_right_left_right : 30@253.
2020-07-15 10:44:17,102 - INFO - assign trainable variates for root_left_right_left : 31@253.
2020-07-15 10:44:20,387 - INFO - <tf.Variable 'root_left_right_left/wirelen:0' shape=() dtype=float32>initialized.
2020-07-15 10:44:23,642 - INFO - <tf.Variable 'root_left_right_left/cdia:0' shape=() dtype=float32>initialized.
2020-07-15 10:44:26,920 - INFO - <tf.Variable 'root_left_right_left/bdia:0' shape=() dtype=float32>initialized.
2020-07-15 10:44:26,926 - INFO - calculate coordinate of root_left_right_left : 31@253.
2020-07-15 10:44:29,080 - INFO - assign trainable variates for root_left_right_right_left : 32@253.
2020-07-15 10:44:32,624 - INFO - <tf.Variable 'root_left_right_right_left/wirelen:0' shape=() dtype=float32>initialized.
2020-07-15 10:44:36,158 - INFO - <tf.Variable 'root_left_right_right_left/cdia:0' shape=() dtype=float32>initialized.
2020-07-15 10:44:39,695 - INFO - <tf.Variable 'root_left_right_right_left/bdia:0' shape=() dtype=float32>initialized.
2020-07-15 10:44:39,700 - INFO - assign trainable variates for root_left_right_right_right_left_left_left : 33@253.
2020-07-15 10:44:43,214 - INFO - <tf.Variable 'root_left_right_right_right_left_left_left/wirelen:0' shape=() dtype=float32>initialized.
2020-07-15 10:44:46,723 - INFO - <tf.Variable 'root_left_right_right_right_left_left_left/cdia:0' shape=() dtype=float32>initialized.
2020-07-15 10:44:50,254 - INFO - <tf.Variable 'root_left_right_right_right_left_left_left/bdia:0' shape=() dtype=float32>initialized.
2020-07-15 10:44:50,259 - INFO - assign trainable variates for root_left_right_right_right_left_left_right : 34@253.
2020-07-15 10:44:53,783 - INFO - <tf.Variable 'root_left_right_right_right_left_left_right/cdia:0' shape=() dtype=float32>initialized.
2020-07-15 10:44:57,312 - INFO - <tf.Variable 'root_left_right_right_right_left_left_right/bdia:0' shape=() dtype=float32>initialized.
2020-07-15 10:44:57,316 - INFO - assign trainable variates for root_left_right_right_right_left_left : 35@253.
2020-07-15 10:45:00,837 - INFO - <tf.Variable 'root_left_right_right_right_left_left/wirelen:0' shape=() dtype=float32>initialized.
2020-07-15 10:45:04,441 - INFO - <tf.Variable 'root_left_right_right_right_left_left/cdia:0' shape=() dtype=float32>initialized.
2020-07-15 10:45:07,953 - INFO - <tf.Variable 'root_left_right_right_right_left_left/bdia:0' shape=() dtype=float32>initialized.
2020-07-15 10:45:07,958 - INFO - calculate coordinate of root_left_right_right_right_left_left : 35@253.
2020-07-15 10:45:09,409 - INFO - assign trainable variates for root_left_right_right_right_left_right_left_left_left : 36@253.
2020-07-15 10:45:13,203 - INFO - <tf.Variable 'root_left_right_right_right_left_right_left_left_left/wirelen:0' shape=() dtype=float32>initialized.
2020-07-15 10:45:16,975 - INFO - <tf.Variable 'root_left_right_right_right_left_right_left_left_left/cdia:0' shape=() dtype=float32>initialized.
2020-07-15 10:45:20,760 - INFO - <tf.Variable 'root_left_right_right_right_left_right_left_left_left/bdia:0' shape=() dtype=float32>initialized.
2020-07-15 10:45:20,767 - INFO - assign trainable variates for root_left_right_right_right_left_right_left_left_right : 37@253.
2020-07-15 10:45:24,542 - INFO - <tf.Variable 'root_left_right_right_right_left_right_left_left_right/cdia:0' shape=() dtype=float32>initialized.
2020-07-15 10:45:28,320 - INFO - <tf.Variable 'root_left_right_right_right_left_right_left_left_right/bdia:0' shape=() dtype=float32>initialized.
2020-07-15 10:45:28,325 - INFO - assign trainable variates for root_left_right_right_right_left_right_left_left : 38@253.
2020-07-15 10:45:32,127 - INFO - <tf.Variable 'root_left_right_right_right_left_right_left_left/wirelen:0' shape=() dtype=float32>initialized.
2020-07-15 10:45:35,908 - INFO - <tf.Variable 'root_left_right_right_right_left_right_left_left/cdia:0' shape=() dtype=float32>initialized.
2020-07-15 10:45:39,684 - INFO - <tf.Variable 'root_left_right_right_right_left_right_left_left/bdia:0' shape=() dtype=float32>initialized.
2020-07-15 10:45:39,688 - INFO - calculate coordinate of root_left_right_right_right_left_right_left_left : 38@253.
2020-07-15 10:45:41,134 - INFO - assign trainable variates for root_left_right_right_right_left_right_left_right_left : 39@253.
2020-07-15 10:45:45,185 - INFO - <tf.Variable 'root_left_right_right_right_left_right_left_right_left/wirelen:0' shape=() dtype=float32>initialized.
2020-07-15 10:45:49,236 - INFO - <tf.Variable 'root_left_right_right_right_left_right_left_right_left/cdia:0' shape=() dtype=float32>initialized.
2020-07-15 10:45:53,272 - INFO - <tf.Variable 'root_left_right_right_right_left_right_left_right_left/bdia:0' shape=() dtype=float32>initialized.
2020-07-15 10:45:53,277 - INFO - assign trainable variates for root_left_right_right_right_left_right_left_right_right_left : 40@253.
2020-07-15 10:45:57,294 - INFO - <tf.Variable 'root_left_right_right_right_left_right_left_right_right_left/wirelen:0' shape=() dtype=float32>initialized.
2020-07-15 10:46:01,345 - INFO - <tf.Variable 'root_left_right_right_right_left_right_left_right_right_left/cdia:0' shape=() dtype=float32>initialized.
2020-07-15 10:46:05,456 - INFO - <tf.Variable 'root_left_right_right_right_left_right_left_right_right_left/bdia:0' shape=() dtype=float32>initialized.
2020-07-15 10:46:05,461 - INFO - assign trainable variates for root_left_right_right_right_left_right_left_right_right_right : 41@253.
2020-07-15 10:46:09,478 - INFO - <tf.Variable 'root_left_right_right_right_left_right_left_right_right_right/cdia:0' shape=() dtype=float32>initialized.
2020-07-15 10:46:13,509 - INFO - <tf.Variable 'root_left_right_right_right_left_right_left_right_right_right/bdia:0' shape=() dtype=float32>initialized.
2020-07-15 10:46:13,514 - INFO - assign trainable variates for root_left_right_right_right_left_right_left_right_right : 42@253.
2020-07-15 10:46:17,555 - INFO - <tf.Variable 'root_left_right_right_right_left_right_left_right_right/cdia:0' shape=() dtype=float32>initialized.
2020-07-15 10:46:21,600 - INFO - <tf.Variable 'root_left_right_right_right_left_right_left_right_right/bdia:0' shape=() dtype=float32>initialized.
2020-07-15 10:46:21,607 - INFO - calculate coordinate of root_left_right_right_right_left_right_left_right_right : 42@253.
2020-07-15 10:46:22,966 - INFO - assign trainable variates for root_left_right_right_right_left_right_left_right : 43@253.
2020-07-15 10:46:27,300 - INFO - <tf.Variable 'root_left_right_right_right_left_right_left_right/cdia:0' shape=() dtype=float32>initialized.
2020-07-15 10:46:31,666 - INFO - <tf.Variable 'root_left_right_right_right_left_right_left_right/bdia:0' shape=() dtype=float32>initialized.
2020-07-15 10:46:31,671 - INFO - calculate coordinate of root_left_right_right_right_left_right_left_right : 43@253.
2020-07-15 10:46:33,933 - INFO - assign trainable variates for root_left_right_right_right_left_right_left : 44@253.
2020-07-15 10:46:38,706 - INFO - <tf.Variable 'root_left_right_right_right_left_right_left/wirelen:0' shape=() dtype=float32>initialized.
2020-07-15 10:46:43,463 - INFO - <tf.Variable 'root_left_right_right_right_left_right_left/cdia:0' shape=() dtype=float32>initialized.
2020-07-15 10:46:48,264 - INFO - <tf.Variable 'root_left_right_right_right_left_right_left/bdia:0' shape=() dtype=float32>initialized.
2020-07-15 10:46:48,269 - INFO - calculate coordinate of root_left_right_right_right_left_right_left : 44@253.
2020-07-15 10:46:49,715 - INFO - assign trainable variates for root_left_right_right_right_left_right_right_left_left : 45@253.
2020-07-15 10:46:54,902 - INFO - <tf.Variable 'root_left_right_right_right_left_right_right_left_left/wirelen:0' shape=() dtype=float32>initialized.
2020-07-15 10:47:00,084 - INFO - <tf.Variable 'root_left_right_right_right_left_right_right_left_left/cdia:0' shape=() dtype=float32>initialized.
2020-07-15 10:47:05,336 - INFO - <tf.Variable 'root_left_right_right_right_left_right_right_left_left/bdia:0' shape=() dtype=float32>initialized.
2020-07-15 10:47:05,340 - INFO - assign trainable variates for root_left_right_right_right_left_right_right_left_right_left : 46@253.
2020-07-15 10:47:10,656 - INFO - <tf.Variable 'root_left_right_right_right_left_right_right_left_right_left/wirelen:0' shape=() dtype=float32>initialized.
2020-07-15 10:47:15,967 - INFO - <tf.Variable 'root_left_right_right_right_left_right_right_left_right_left/cdia:0' shape=() dtype=float32>initialized.
2020-07-15 10:47:21,261 - INFO - <tf.Variable 'root_left_right_right_right_left_right_right_left_right_left/bdia:0' shape=() dtype=float32>initialized.
2020-07-15 10:47:21,266 - INFO - assign trainable variates for root_left_right_right_right_left_right_right_left_right_right_left : 47@253.
2020-07-15 10:47:26,544 - INFO - <tf.Variable 'root_left_right_right_right_left_right_right_left_right_right_left/wirelen:0' shape=() dtype=float32>initialized.
2020-07-15 10:47:31,856 - INFO - <tf.Variable 'root_left_right_right_right_left_right_right_left_right_right_left/cdia:0' shape=() dtype=float32>initialized.
2020-07-15 10:47:37,159 - INFO - <tf.Variable 'root_left_right_right_right_left_right_right_left_right_right_left/bdia:0' shape=() dtype=float32>initialized.
2020-07-15 10:47:37,164 - INFO - assign trainable variates for root_left_right_right_right_left_right_right_left_right_right_right : 48@253.
2020-07-15 10:47:42,529 - INFO - <tf.Variable 'root_left_right_right_right_left_right_right_left_right_right_right/cdia:0' shape=() dtype=float32>initialized.
2020-07-15 10:47:47,871 - INFO - <tf.Variable 'root_left_right_right_right_left_right_right_left_right_right_right/bdia:0' shape=() dtype=float32>initialized.
2020-07-15 10:47:47,876 - INFO - assign trainable variates for root_left_right_right_right_left_right_right_left_right_right : 49@253.
2020-07-15 10:47:53,191 - INFO - <tf.Variable 'root_left_right_right_right_left_right_right_left_right_right/cdia:0' shape=() dtype=float32>initialized.
2020-07-15 10:47:58,541 - INFO - <tf.Variable 'root_left_right_right_right_left_right_right_left_right_right/bdia:0' shape=() dtype=float32>initialized.
2020-07-15 10:47:58,546 - INFO - calculate coordinate of root_left_right_right_right_left_right_right_left_right_right : 49@253.
2020-07-15 10:47:59,916 - INFO - assign trainable variates for root_left_right_right_right_left_right_right_left_right : 50@253.
2020-07-15 10:48:05,568 - INFO - <tf.Variable 'root_left_right_right_right_left_right_right_left_right/cdia:0' shape=() dtype=float32>initialized.
2020-07-15 10:48:11,264 - INFO - <tf.Variable 'root_left_right_right_right_left_right_right_left_right/bdia:0' shape=() dtype=float32>initialized.
2020-07-15 10:48:11,268 - INFO - calculate coordinate of root_left_right_right_right_left_right_right_left_right : 50@253.
2020-07-15 10:48:12,633 - INFO - assign trainable variates for root_left_right_right_right_left_right_right_left : 51@253.
2020-07-15 10:48:18,672 - INFO - <tf.Variable 'root_left_right_right_right_left_right_right_left/wirelen:0' shape=() dtype=float32>initialized.
2020-07-15 10:48:24,703 - INFO - <tf.Variable 'root_left_right_right_right_left_right_right_left/cdia:0' shape=() dtype=float32>initialized.
2020-07-15 10:48:30,632 - INFO - <tf.Variable 'root_left_right_right_right_left_right_right_left/bdia:0' shape=() dtype=float32>initialized.
2020-07-15 10:48:30,638 - INFO - calculate coordinate of root_left_right_right_right_left_right_right_left : 51@253.
2020-07-15 10:48:32,090 - INFO - assign trainable variates for root_left_right_right_right_left_right_right_right_left_left : 52@253.
2020-07-15 10:48:38,295 - INFO - <tf.Variable 'root_left_right_right_right_left_right_right_right_left_left/wirelen:0' shape=() dtype=float32>initialized.
2020-07-15 10:48:44,556 - INFO - <tf.Variable 'root_left_right_right_right_left_right_right_right_left_left/cdia:0' shape=() dtype=float32>initialized.
2020-07-15 10:48:50,746 - INFO - <tf.Variable 'root_left_right_right_right_left_right_right_right_left_left/bdia:0' shape=() dtype=float32>initialized.
2020-07-15 10:48:50,751 - INFO - assign trainable variates for root_left_right_right_right_left_right_right_right_left_right : 53@253.
2020-07-15 10:48:56,755 - INFO - <tf.Variable 'root_left_right_right_right_left_right_right_right_left_right/cdia:0' shape=() dtype=float32>initialized.
2020-07-15 10:49:03,161 - INFO - <tf.Variable 'root_left_right_right_right_left_right_right_right_left_right/bdia:0' shape=() dtype=float32>initialized.
2020-07-15 10:49:03,169 - INFO - assign trainable variates for root_left_right_right_right_left_right_right_right_left : 54@253.
2020-07-15 10:49:09,492 - INFO - <tf.Variable 'root_left_right_right_right_left_right_right_right_left/wirelen:0' shape=() dtype=float32>initialized.
2020-07-15 10:49:15,993 - INFO - <tf.Variable 'root_left_right_right_right_left_right_right_right_left/cdia:0' shape=() dtype=float32>initialized.
2020-07-15 10:49:22,403 - INFO - <tf.Variable 'root_left_right_right_right_left_right_right_right_left/bdia:0' shape=() dtype=float32>initialized.
2020-07-15 10:49:22,411 - INFO - calculate coordinate of root_left_right_right_right_left_right_right_right_left : 54@253.
2020-07-15 10:49:23,965 - INFO - assign trainable variates for root_left_right_right_right_left_right_right_right_right_left : 55@253.
2020-07-15 10:49:30,881 - INFO - <tf.Variable 'root_left_right_right_right_left_right_right_right_right_left/wirelen:0' shape=() dtype=float32>initialized.
2020-07-15 10:49:37,832 - INFO - <tf.Variable 'root_left_right_right_right_left_right_right_right_right_left/cdia:0' shape=() dtype=float32>initialized.
2020-07-15 10:49:44,438 - INFO - <tf.Variable 'root_left_right_right_right_left_right_right_right_right_left/bdia:0' shape=() dtype=float32>initialized.
2020-07-15 10:49:44,445 - INFO - assign trainable variates for root_left_right_right_right_left_right_right_right_right_right : 56@253.
2020-07-15 10:49:51,199 - INFO - <tf.Variable 'root_left_right_right_right_left_right_right_right_right_right/cdia:0' shape=() dtype=float32>initialized.
2020-07-15 10:49:57,540 - INFO - <tf.Variable 'root_left_right_right_right_left_right_right_right_right_right/bdia:0' shape=() dtype=float32>initialized.
2020-07-15 10:49:57,549 - INFO - assign trainable variates for root_left_right_right_right_left_right_right_right_right : 57@253.
2020-07-15 10:50:04,374 - INFO - <tf.Variable 'root_left_right_right_right_left_right_right_right_right/cdia:0' shape=() dtype=float32>initialized.
2020-07-15 10:50:11,203 - INFO - <tf.Variable 'root_left_right_right_right_left_right_right_right_right/bdia:0' shape=() dtype=float32>initialized.
2020-07-15 10:50:11,211 - INFO - calculate coordinate of root_left_right_right_right_left_right_right_right_right : 57@253.
2020-07-15 10:50:14,009 - INFO - assign trainable variates for root_left_right_right_right_left_right_right_right : 58@253.
2020-07-15 10:50:20,971 - INFO - <tf.Variable 'root_left_right_right_right_left_right_right_right/cdia:0' shape=() dtype=float32>initialized.
2020-07-15 10:50:27,803 - INFO - <tf.Variable 'root_left_right_right_right_left_right_right_right/bdia:0' shape=() dtype=float32>initialized.
2020-07-15 10:50:27,811 - INFO - calculate coordinate of root_left_right_right_right_left_right_right_right : 58@253.
2020-07-15 10:50:29,263 - INFO - assign trainable variates for root_left_right_right_right_left_right_right : 59@253.
2020-07-15 10:50:36,736 - INFO - <tf.Variable 'root_left_right_right_right_left_right_right/cdia:0' shape=() dtype=float32>initialized.
2020-07-15 10:50:44,128 - INFO - <tf.Variable 'root_left_right_right_right_left_right_right/bdia:0' shape=() dtype=float32>initialized.
2020-07-15 10:50:44,136 - INFO - calculate coordinate of root_left_right_right_right_left_right_right : 59@253.
2020-07-15 10:50:45,616 - INFO - assign trainable variates for root_left_right_right_right_left_right : 60@253.
2020-07-15 10:50:53,371 - INFO - <tf.Variable 'root_left_right_right_right_left_right/cdia:0' shape=() dtype=float32>initialized.
2020-07-15 10:51:00,783 - INFO - <tf.Variable 'root_left_right_right_right_left_right/bdia:0' shape=() dtype=float32>initialized.
2020-07-15 10:51:00,794 - INFO - calculate coordinate of root_left_right_right_right_left_right : 60@253.
2020-07-15 10:51:02,196 - INFO - assign trainable variates for root_left_right_right_right_left : 61@253.
2020-07-15 10:51:10,331 - INFO - <tf.Variable 'root_left_right_right_right_left/wirelen:0' shape=() dtype=float32>initialized.
2020-07-15 10:51:18,252 - INFO - <tf.Variable 'root_left_right_right_right_left/cdia:0' shape=() dtype=float32>initialized.
2020-07-15 10:51:26,125 - INFO - <tf.Variable 'root_left_right_right_right_left/bdia:0' shape=() dtype=float32>initialized.
2020-07-15 10:51:26,134 - INFO - calculate coordinate of root_left_right_right_right_left : 61@253.
2020-07-15 10:51:27,642 - INFO - assign trainable variates for root_left_right_right_right_right_left : 62@253.
2020-07-15 10:51:35,697 - INFO - <tf.Variable 'root_left_right_right_right_right_left/wirelen:0' shape=() dtype=float32>initialized.
2020-07-15 10:51:44,073 - INFO - <tf.Variable 'root_left_right_right_right_right_left/cdia:0' shape=() dtype=float32>initialized.
2020-07-15 10:51:52,294 - INFO - <tf.Variable 'root_left_right_right_right_right_left/bdia:0' shape=() dtype=float32>initialized.
2020-07-15 10:51:52,303 - INFO - assign trainable variates for root_left_right_right_right_right_right_left_left_left_left : 63@253.
2020-07-15 10:52:00,522 - INFO - <tf.Variable 'root_left_right_right_right_right_right_left_left_left_left/wirelen:0' shape=() dtype=float32>initialized.
2020-07-15 10:52:08,765 - INFO - <tf.Variable 'root_left_right_right_right_right_right_left_left_left_left/cdia:0' shape=() dtype=float32>initialized.
2020-07-15 10:52:16,907 - INFO - <tf.Variable 'root_left_right_right_right_right_right_left_left_left_left/bdia:0' shape=() dtype=float32>initialized.
2020-07-15 10:52:16,915 - INFO - assign trainable variates for root_left_right_right_right_right_right_left_left_left_right : 64@253.
2020-07-15 10:52:24,870 - INFO - <tf.Variable 'root_left_right_right_right_right_right_left_left_left_right/cdia:0' shape=() dtype=float32>initialized.
2020-07-15 10:52:32,965 - INFO - <tf.Variable 'root_left_right_right_right_right_right_left_left_left_right/bdia:0' shape=() dtype=float32>initialized.
2020-07-15 10:52:32,973 - INFO - assign trainable variates for root_left_right_right_right_right_right_left_left_left : 65@253.
2020-07-15 10:52:41,275 - INFO - <tf.Variable 'root_left_right_right_right_right_right_left_left_left/wirelen:0' shape=() dtype=float32>initialized.
2020-07-15 10:52:49,696 - INFO - <tf.Variable 'root_left_right_right_right_right_right_left_left_left/cdia:0' shape=() dtype=float32>initialized.
2020-07-15 10:52:57,936 - INFO - <tf.Variable 'root_left_right_right_right_right_right_left_left_left/bdia:0' shape=() dtype=float32>initialized.
2020-07-15 10:52:57,944 - INFO - calculate coordinate of root_left_right_right_right_right_right_left_left_left : 65@253.
2020-07-15 10:52:59,475 - INFO - assign trainable variates for root_left_right_right_right_right_right_left_left_right_left : 66@253.
2020-07-15 10:53:08,075 - INFO - <tf.Variable 'root_left_right_right_right_right_right_left_left_right_left/wirelen:0' shape=() dtype=float32>initialized.
2020-07-15 10:53:16,603 - INFO - <tf.Variable 'root_left_right_right_right_right_right_left_left_right_left/cdia:0' shape=() dtype=float32>initialized.
2020-07-15 10:53:25,386 - INFO - <tf.Variable 'root_left_right_right_right_right_right_left_left_right_left/bdia:0' shape=() dtype=float32>initialized.
2020-07-15 10:53:25,398 - INFO - assign trainable variates for root_left_right_right_right_right_right_left_left_right_right : 67@253.
2020-07-15 10:53:33,912 - INFO - <tf.Variable 'root_left_right_right_right_right_right_left_left_right_right/cdia:0' shape=() dtype=float32>initialized.
2020-07-15 10:53:42,480 - INFO - <tf.Variable 'root_left_right_right_right_right_right_left_left_right_right/bdia:0' shape=() dtype=float32>initialized.
2020-07-15 10:53:42,491 - INFO - assign trainable variates for root_left_right_right_right_right_right_left_left_right : 68@253.
2020-07-15 10:53:51,010 - INFO - <tf.Variable 'root_left_right_right_right_right_right_left_left_right/cdia:0' shape=() dtype=float32>initialized.
2020-07-15 10:53:59,830 - INFO - <tf.Variable 'root_left_right_right_right_right_right_left_left_right/bdia:0' shape=() dtype=float32>initialized.
2020-07-15 10:53:59,838 - INFO - calculate coordinate of root_left_right_right_right_right_right_left_left_right : 68@253.
2020-07-15 10:54:01,285 - INFO - assign trainable variates for root_left_right_right_right_right_right_left_left : 69@253.
2020-07-15 10:54:10,484 - INFO - <tf.Variable 'root_left_right_right_right_right_right_left_left/wirelen:0' shape=() dtype=float32>initialized.
2020-07-15 10:54:19,455 - INFO - <tf.Variable 'root_left_right_right_right_right_right_left_left/cdia:0' shape=() dtype=float32>initialized.
2020-07-15 10:54:28,352 - INFO - <tf.Variable 'root_left_right_right_right_right_right_left_left/bdia:0' shape=() dtype=float32>initialized.
2020-07-15 10:54:28,360 - INFO - calculate coordinate of root_left_right_right_right_right_right_left_left : 69@253.
2020-07-15 10:54:31,546 - INFO - assign trainable variates for root_left_right_right_right_right_right_left_right_left_left : 70@253.
2020-07-15 10:54:40,994 - INFO - <tf.Variable 'root_left_right_right_right_right_right_left_right_left_left/wirelen:0' shape=() dtype=float32>initialized.
2020-07-15 10:54:50,250 - INFO - <tf.Variable 'root_left_right_right_right_right_right_left_right_left_left/cdia:0' shape=() dtype=float32>initialized.
2020-07-15 10:54:59,859 - INFO - <tf.Variable 'root_left_right_right_right_right_right_left_right_left_left/bdia:0' shape=() dtype=float32>initialized.
2020-07-15 10:54:59,874 - INFO - assign trainable variates for root_left_right_right_right_right_right_left_right_left_right : 71@253.
2020-07-15 10:55:09,352 - INFO - <tf.Variable 'root_left_right_right_right_right_right_left_right_left_right/cdia:0' shape=() dtype=float32>initialized.
2020-07-15 10:55:18,662 - INFO - <tf.Variable 'root_left_right_right_right_right_right_left_right_left_right/bdia:0' shape=() dtype=float32>initialized.
2020-07-15 10:55:18,677 - INFO - assign trainable variates for root_left_right_right_right_right_right_left_right_left : 72@253.
2020-07-15 10:55:28,241 - INFO - <tf.Variable 'root_left_right_right_right_right_right_left_right_left/wirelen:0' shape=() dtype=float32>initialized.
2020-07-15 10:55:37,653 - INFO - <tf.Variable 'root_left_right_right_right_right_right_left_right_left/cdia:0' shape=() dtype=float32>initialized.
2020-07-15 10:55:46,868 - INFO - <tf.Variable 'root_left_right_right_right_right_right_left_right_left/bdia:0' shape=() dtype=float32>initialized.
2020-07-15 10:55:46,880 - INFO - calculate coordinate of root_left_right_right_right_right_right_left_right_left : 72@253.
2020-07-15 10:55:48,463 - INFO - assign trainable variates for root_left_right_right_right_right_right_left_right_right_left_left : 73@253.
2020-07-15 10:55:58,438 - INFO - <tf.Variable 'root_left_right_right_right_right_right_left_right_right_left_left/wirelen:0' shape=() dtype=float32>initialized.
2020-07-15 10:56:08,211 - INFO - <tf.Variable 'root_left_right_right_right_right_right_left_right_right_left_left/cdia:0' shape=() dtype=float32>initialized.
2020-07-15 10:56:17,775 - INFO - <tf.Variable 'root_left_right_right_right_right_right_left_right_right_left_left/bdia:0' shape=() dtype=float32>initialized.
2020-07-15 10:56:17,784 - INFO - assign trainable variates for root_left_right_right_right_right_right_left_right_right_left_right : 74@253.
2020-07-15 10:56:27,576 - INFO - <tf.Variable 'root_left_right_right_right_right_right_left_right_right_left_right/cdia:0' shape=() dtype=float32>initialized.
2020-07-15 10:56:37,062 - INFO - <tf.Variable 'root_left_right_right_right_right_right_left_right_right_left_right/bdia:0' shape=() dtype=float32>initialized.
2020-07-15 10:56:37,070 - INFO - assign trainable variates for root_left_right_right_right_right_right_left_right_right_left : 75@253.
2020-07-15 10:56:46,588 - INFO - <tf.Variable 'root_left_right_right_right_right_right_left_right_right_left/wirelen:0' shape=() dtype=float32>initialized.
2020-07-15 10:56:56,214 - INFO - <tf.Variable 'root_left_right_right_right_right_right_left_right_right_left/cdia:0' shape=() dtype=float32>initialized.
2020-07-15 10:57:06,250 - INFO - <tf.Variable 'root_left_right_right_right_right_right_left_right_right_left/bdia:0' shape=() dtype=float32>initialized.
2020-07-15 10:57:06,258 - INFO - calculate coordinate of root_left_right_right_right_right_right_left_right_right_left : 75@253.
2020-07-15 10:57:07,762 - INFO - assign trainable variates for root_left_right_right_right_right_right_left_right_right_right_left : 76@253.
2020-07-15 10:57:17,938 - INFO - <tf.Variable 'root_left_right_right_right_right_right_left_right_right_right_left/wirelen:0' shape=() dtype=float32>initialized.
2020-07-15 10:57:28,223 - INFO - <tf.Variable 'root_left_right_right_right_right_right_left_right_right_right_left/cdia:0' shape=() dtype=float32>initialized.
2020-07-15 10:57:38,380 - INFO - <tf.Variable 'root_left_right_right_right_right_right_left_right_right_right_left/bdia:0' shape=() dtype=float32>initialized.
2020-07-15 10:57:38,389 - INFO - assign trainable variates for root_left_right_right_right_right_right_left_right_right_right_right : 77@253.
2020-07-15 10:57:48,588 - INFO - <tf.Variable 'root_left_right_right_right_right_right_left_right_right_right_right/cdia:0' shape=() dtype=float32>initialized.
2020-07-15 10:57:58,642 - INFO - <tf.Variable 'root_left_right_right_right_right_right_left_right_right_right_right/bdia:0' shape=() dtype=float32>initialized.
2020-07-15 10:57:58,650 - INFO - assign trainable variates for root_left_right_right_right_right_right_left_right_right_right : 78@253.
2020-07-15 10:58:08,850 - INFO - <tf.Variable 'root_left_right_right_right_right_right_left_right_right_right/cdia:0' shape=() dtype=float32>initialized.
2020-07-15 10:58:19,223 - INFO - <tf.Variable 'root_left_right_right_right_right_right_left_right_right_right/bdia:0' shape=() dtype=float32>initialized.
2020-07-15 10:58:19,231 - INFO - calculate coordinate of root_left_right_right_right_right_right_left_right_right_right : 78@253.
2020-07-15 10:58:20,677 - INFO - assign trainable variates for root_left_right_right_right_right_right_left_right_right : 79@253.
2020-07-15 10:58:31,190 - INFO - <tf.Variable 'root_left_right_right_right_right_right_left_right_right/cdia:0' shape=() dtype=float32>initialized.
2020-07-15 10:58:41,711 - INFO - <tf.Variable 'root_left_right_right_right_right_right_left_right_right/bdia:0' shape=() dtype=float32>initialized.
2020-07-15 10:58:41,719 - INFO - calculate coordinate of root_left_right_right_right_right_right_left_right_right : 79@253.
2020-07-15 10:58:43,196 - INFO - assign trainable variates for root_left_right_right_right_right_right_left_right : 80@253.
2020-07-15 10:58:54,063 - INFO - <tf.Variable 'root_left_right_right_right_right_right_left_right/cdia:0' shape=() dtype=float32>initialized.
2020-07-15 10:59:04,870 - INFO - <tf.Variable 'root_left_right_right_right_right_right_left_right/bdia:0' shape=() dtype=float32>initialized.
2020-07-15 10:59:04,879 - INFO - calculate coordinate of root_left_right_right_right_right_right_left_right : 80@253.
2020-07-15 10:59:06,307 - INFO - assign trainable variates for root_left_right_right_right_right_right_left : 81@253.
2020-07-15 10:59:17,566 - INFO - <tf.Variable 'root_left_right_right_right_right_right_left/wirelen:0' shape=() dtype=float32>initialized.
2020-07-15 10:59:28,852 - INFO - <tf.Variable 'root_left_right_right_right_right_right_left/cdia:0' shape=() dtype=float32>initialized.
2020-07-15 10:59:40,135 - INFO - <tf.Variable 'root_left_right_right_right_right_right_left/bdia:0' shape=() dtype=float32>initialized.
2020-07-15 10:59:40,150 - INFO - calculate coordinate of root_left_right_right_right_right_right_left : 81@253.
2020-07-15 10:59:41,631 - INFO - assign trainable variates for root_left_right_right_right_right_right_right_left : 82@253.
2020-07-15 10:59:53,308 - INFO - <tf.Variable 'root_left_right_right_right_right_right_right_left/wirelen:0' shape=() dtype=float32>initialized.
2020-07-15 11:00:04,752 - INFO - <tf.Variable 'root_left_right_right_right_right_right_right_left/cdia:0' shape=() dtype=float32>initialized.
2020-07-15 11:00:16,211 - INFO - <tf.Variable 'root_left_right_right_right_right_right_right_left/bdia:0' shape=() dtype=float32>initialized.
2020-07-15 11:00:16,227 - INFO - assign trainable variates for root_left_right_right_right_right_right_right_right_left : 83@253.
2020-07-15 11:00:27,951 - INFO - <tf.Variable 'root_left_right_right_right_right_right_right_right_left/wirelen:0' shape=() dtype=float32>initialized.
2020-07-15 11:00:39,736 - INFO - <tf.Variable 'root_left_right_right_right_right_right_right_right_left/cdia:0' shape=() dtype=float32>initialized.
2020-07-15 11:00:51,118 - INFO - <tf.Variable 'root_left_right_right_right_right_right_right_right_left/bdia:0' shape=() dtype=float32>initialized.
2020-07-15 11:00:51,137 - INFO - assign trainable variates for root_left_right_right_right_right_right_right_right_right : 84@253.
2020-07-15 11:01:02,530 - INFO - <tf.Variable 'root_left_right_right_right_right_right_right_right_right/cdia:0' shape=() dtype=float32>initialized.
2020-07-15 11:01:12,715 - INFO - <tf.Variable 'root_left_right_right_right_right_right_right_right_right/bdia:0' shape=() dtype=float32>initialized.
2020-07-15 11:01:12,730 - INFO - assign trainable variates for root_left_right_right_right_right_right_right_right : 85@253.
2020-07-15 11:01:22,397 - INFO - <tf.Variable 'root_left_right_right_right_right_right_right_right/cdia:0' shape=() dtype=float32>initialized.
2020-07-15 11:01:32,088 - INFO - <tf.Variable 'root_left_right_right_right_right_right_right_right/bdia:0' shape=() dtype=float32>initialized.
2020-07-15 11:01:32,095 - INFO - calculate coordinate of root_left_right_right_right_right_right_right_right : 85@253.
2020-07-15 11:01:33,491 - INFO - assign trainable variates for root_left_right_right_right_right_right_right : 86@253.
2020-07-15 11:01:43,158 - INFO - <tf.Variable 'root_left_right_right_right_right_right_right/cdia:0' shape=() dtype=float32>initialized.
2020-07-15 11:01:52,995 - INFO - <tf.Variable 'root_left_right_right_right_right_right_right/bdia:0' shape=() dtype=float32>initialized.
2020-07-15 11:01:53,002 - INFO - calculate coordinate of root_left_right_right_right_right_right_right : 86@253.
2020-07-15 11:01:56,242 - INFO - assign trainable variates for root_left_right_right_right_right_right : 87@253.
2020-07-15 11:02:06,079 - INFO - <tf.Variable 'root_left_right_right_right_right_right/cdia:0' shape=() dtype=float32>initialized.
2020-07-15 11:02:15,941 - INFO - <tf.Variable 'root_left_right_right_right_right_right/bdia:0' shape=() dtype=float32>initialized.
2020-07-15 11:02:15,946 - INFO - calculate coordinate of root_left_right_right_right_right_right : 87@253.
2020-07-15 11:02:17,331 - INFO - assign trainable variates for root_left_right_right_right_right : 88@253.
2020-07-15 11:02:27,469 - INFO - <tf.Variable 'root_left_right_right_right_right/cdia:0' shape=() dtype=float32>initialized.
2020-07-15 11:02:37,629 - INFO - <tf.Variable 'root_left_right_right_right_right/bdia:0' shape=() dtype=float32>initialized.
2020-07-15 11:02:37,634 - INFO - calculate coordinate of root_left_right_right_right_right : 88@253.
2020-07-15 11:02:39,023 - INFO - assign trainable variates for root_left_right_right_right : 89@253.
2020-07-15 11:02:49,596 - INFO - <tf.Variable 'root_left_right_right_right/cdia:0' shape=() dtype=float32>initialized.
2020-07-15 11:03:00,023 - INFO - <tf.Variable 'root_left_right_right_right/bdia:0' shape=() dtype=float32>initialized.
2020-07-15 11:03:00,030 - INFO - calculate coordinate of root_left_right_right_right : 89@253.
2020-07-15 11:03:01,410 - INFO - assign trainable variates for root_left_right_right : 90@253.
2020-07-15 11:03:12,078 - INFO - <tf.Variable 'root_left_right_right/cdia:0' shape=() dtype=float32>initialized.
2020-07-15 11:03:22,753 - INFO - <tf.Variable 'root_left_right_right/bdia:0' shape=() dtype=float32>initialized.
2020-07-15 11:03:22,758 - INFO - calculate coordinate of root_left_right_right : 90@253.
2020-07-15 11:03:24,148 - INFO - assign trainable variates for root_left_right : 91@253.
2020-07-15 11:03:35,068 - INFO - <tf.Variable 'root_left_right/cdia:0' shape=() dtype=float32>initialized.
2020-07-15 11:03:46,159 - INFO - <tf.Variable 'root_left_right/bdia:0' shape=() dtype=float32>initialized.
2020-07-15 11:03:46,164 - INFO - calculate coordinate of root_left_right : 91@253.
2020-07-15 11:03:47,551 - INFO - assign trainable variates for root_left : 92@253.
2020-07-15 11:03:58,840 - INFO - <tf.Variable 'root_left/wirelen:0' shape=() dtype=float32>initialized.
2020-07-15 11:04:10,028 - INFO - <tf.Variable 'root_left/cdia:0' shape=() dtype=float32>initialized.
2020-07-15 11:04:21,196 - INFO - <tf.Variable 'root_left/bdia:0' shape=() dtype=float32>initialized.
2020-07-15 11:04:21,201 - INFO - calculate coordinate of root_left : 92@253.
2020-07-15 11:04:22,681 - INFO - assign trainable variates for root_right_left_left_left_left_left : 93@253.
2020-07-15 11:04:34,148 - INFO - <tf.Variable 'root_right_left_left_left_left_left/wirelen:0' shape=() dtype=float32>initialized.
2020-07-15 11:04:45,606 - INFO - <tf.Variable 'root_right_left_left_left_left_left/cdia:0' shape=() dtype=float32>initialized.
